AllBzSVU has 3997 Non-Missing characters
AllBzVAD has 4890 Non-Missing characters
AllRoDU has 5048 Non-Missing characters
AllRoRD has 5423 Non-Missing characters
Allmacelroy has 1198 Non-Missing characters
AltLiz has 3283 Non-Missing characters
BothGPH has 3835 Non-Missing characters
BothJaLSZZ has 3791 Non-Missing characters
BothJaOBD has 5533 Non-Missing characters
BothJaSVD has 4783 Non-Missing characters
BothJaVAD has 5564 Non-Missing characters
BothMSH has 1400 Non-Missing characters
BothPara_w has 1666 Non-Missing characters
BothPmorini has 1842 Non-Missing characters
BothRoCMU has 5485 Non-Missing characters
BothRoODH has 5537 Non-Missing characters
BothSVD has 5642 Non-Missing characters
BothVhilg_shim has 3190 Non-Missing characters
Chlorica has 2822 Non-Missing characters
Cylindroleberidinae has 4227 Non-Missing characters
Dstev_ENA has 7662 Non-Missing characters
EGD_Niko has 4636 Non-Missing characters
Euph_microasciformis has 2131 Non-Missing characters
FatWhiteEye has 4965 Non-Missing characters
Gigantocypris has 4410 Non-Missing characters
GlovSkog has 1599 Non-Missing characters
Gruber_Pannecohenae has 5538 Non-Missing characters
Harb_slatteryi has 1244 Non-Missing characters
JaAU_S56 has 5487 Non-Missing characters
JaWLU_S67 has 5883 Non-Missing characters
JaWTF_S54 has 5766 Non-Missing characters
Jp_Melavar22 has 792 Non-Missing characters
Korn_hast_c has 5428 Non-Missing characters
LIRSCyp1 has 2529 Non-Missing characters
LIRSCyp2 has 3039 Non-Missing characters
LongWhiteEye has 4465 Non-Missing characters
NOL_Niko has 5792 Non-Missing characters
PMMFU has 5343 Non-Missing characters
PSKO has 3497 Non-Missing characters
RO-AG_S10 has 5326 Non-Missing characters
ROWLU_2018 has 2292 Non-Missing characters
RoIR_S66 has 5854 Non-Missing characters
SFM_Niko has 5469 Non-Missing characters
Vhilg has 3554 Non-Missing characters
Vtsu has 5674 Non-Missing characters
WhiteVanessaLIRS has 4728 Non-Missing characters
curacao has 4604 Non-Missing characters
jpcyp2b has 2944 Non-Missing characters

SPECIES:
Number of species with 4 or more genefamilies/partitions: 48
Species list: AllBzSVU AllBzVAD AllRoDU AllRoRD Allmacelroy AltLiz BothGPH BothJaLSZZ BothJaOBD BothJaSVD BothJaVAD BothMSH BothPara_w BothPmorini BothRoCMU BothRoODH BothSVD BothVhilg_shim Chlorica Cylindroleberidinae Dstev_ENA EGD_Niko Euph_microasciformis FatWhiteEye Gigantocypris GlovSkog Gruber_Pannecohenae Harb_slatteryi JaAU_S56 JaWLU_S67 JaWTF_S54 Jp_Melavar22 Korn_hast_c LIRSCyp1 LIRSCyp2 LongWhiteEye NOL_Niko PMMFU PSKO RO-AG_S10 ROWLU_2018 RoIR_S66 SFM_Niko Vhilg Vtsu WhiteVanessaLIRS curacao jpcyp2b



PARTITIONS/GENE FAMILIES:
Number genefamilies/partitions longer than 100 characters and present in at least 4 genefamilies/partitions: 15
OG0001431 Length:1602
OG0002075 Length:253
OG0002084 Length:1322
OG0002729 Length:415
OG0002846 Length:1033
OG0002956 Length:536
OG0003146 Length:702
OG0003162 Length:675
OG0003447 Length:365
OG0003524 Length:538
OG0003932 Length:402
OG0004896 Length:437
OG0005212 Length:408
OG0005972 Length:278
OG0006373 Length:317

MODELS:
All partitions set to GTR (no model LUT supplied)



                            MrBayes 3.2.7a x86_64

                      (Bayesian Analysis of Phylogeny)

              Distributed under the GNU General Public License


               Type "help" or "help <command>" for information
                     on the commands that are available.

                   Type "about" for authorship and general
                       information about the program.



   Executing file "clock_concat.nex"
   UNIX line termination
   Longest line length = 92
   Parsing file
   Expecting NEXUS formatted file
   Reading data block
      Allocated taxon set
      Allocated matrix
      Defining new matrix with 48 taxa and 9283 characters
      Data is Protein
      Missing data coded as ?
      Gaps coded as -
      Taxon  1 -> AllBzSVU
      Taxon  2 -> AllBzVAD
      Taxon  3 -> AllRoDU
      Taxon  4 -> AllRoRD
      Taxon  5 -> Allmacelroy
      Taxon  6 -> AltLiz
      Taxon  7 -> BothGPH
      Taxon  8 -> BothJaLSZZ
      Taxon  9 -> BothJaOBD
      Taxon 10 -> BothJaSVD
      Taxon 11 -> BothJaVAD
      Taxon 12 -> BothMSH
      Taxon 13 -> BothPara_w
      Taxon 14 -> BothPmorini
      Taxon 15 -> BothRoCMU
      Taxon 16 -> BothRoODH
      Taxon 17 -> BothSVD
      Taxon 18 -> BothVhilg_shim
      Taxon 19 -> Chlorica
      Taxon 20 -> Cylindroleberidinae
      Taxon 21 -> Dstev_ENA
      Taxon 22 -> EGD_Niko
      Taxon 23 -> Euph_microasciformis
      Taxon 24 -> FatWhiteEye
      Taxon 25 -> Gigantocypris
      Taxon 26 -> GlovSkog
      Taxon 27 -> Gruber_Pannecohenae
      Taxon 28 -> Harb_slatteryi
      Taxon 29 -> JaAU_S56
      Taxon 30 -> JaWLU_S67
      Taxon 31 -> JaWTF_S54
      Taxon 32 -> Jp_Melavar22
      Taxon 33 -> Korn_hast_c
      Taxon 34 -> LIRSCyp1
      Taxon 35 -> LIRSCyp2
      Taxon 36 -> LongWhiteEye
      Taxon 37 -> NOL_Niko
      Taxon 38 -> PMMFU
      Taxon 39 -> PSKO
      Taxon 40 -> RO_AG_S10
      Taxon 41 -> ROWLU_2018
      Taxon 42 -> RoIR_S66
      Taxon 43 -> SFM_Niko
      Taxon 44 -> Vhilg
      Taxon 45 -> Vtsu
      Taxon 46 -> WhiteVanessaLIRS
      Taxon 47 -> curacao
      Taxon 48 -> jpcyp2b
      Successfully read matrix
      Setting default partition (does not divide up characters)
      Setting model defaults
      Seed (for generating default start values) = 1617683147
      Setting output file names to "clock_concat.nex.run<i>.<p|t>"
   Exiting data block
   Reached end of file


   Executing file "clockgenes.partitions.nex"
   UNIX line termination
   Longest line length = 111
   Parsing file
   Expecting NEXUS formatted file
   Reading mrbayes block
      Defining charset called 'OG0002110'
      Defining charset called 'OG0002445'
      Defining charset called 'OG0002953'
      Defining charset called 'OG0003093'
      Defining charset called 'OG0003508'
      Defining charset called 'OG0003971'
      Defining charset called 'OG0004555'
      Defining charset called 'OG0006132'
      Defining partition called 'by_gene'
      Character 3425 not included in partition
      Error in command "Partition"
      The error occurred when reading char. 110-110 on line 12
         in the file 'clockgenes.partitions.nex'

   Returning execution to command line ...

   Error in command "Execute"


   Setting Clockratepr to Lognormal(-7.00,0.60)
   Successfully set prior model parameters


   Setting Clockvarpr to TK02
   Successfully set prior model parameters


   Setting TK02varpr to Exponential(1.00)
   Successfully set prior model parameters


   Setting Clockvarpr to IGR
   Successfully set prior model parameters


   Setting IGRvarpr to Exponential(10.00)
   Successfully set prior model parameters


   Setting outgroup to taxon "Dstev_ENA"


   Defining constraint called 'myodocopida'


   Setting age of constraint node 'myodocopida' to Offsetexponential(443.80,509.00)


   Setting Nodeagepr to Calibrated
   Successfully set prior model parameters


   Setting Brlenspr to Clock:Birthdeath
   Successfully set prior model parameters


   Setting SampleStrat to Diversity
   Successfully set prior model parameters


   Setting Sampleprob to 0.00010000
   Successfully set prior model parameters


   Setting Extinctionpr to Beta(1.00,1.00)
   Successfully set prior model parameters


   Setting Treeagepr to Uniform(443.80,509.00)
   Successfully set prior model parameters


   Setting number of runs to 2
   Setting number of chains to 4
   Setting number of generations to 500000
   Setting sample frequency to 100
   Setting 'Starttree' to "Parsimony"
   Setting chain output file names to "clock_concat.nex.run<i>.<p/t>"
   Successfully set chain parameters


   Setting print frequency to 1000
   Setting diagnosing frequency to 5000
   Setting chain output file names to "aauniclock.run<i>.<p/t>"
   Successfully set chain parameters


   Setting Topologypr to Constraints
   Successfully set prior model parameters


   Running Markov chain
   MCMC stamp = 5047268553
   Seed = 2111064440
   Swapseed = 1617683147
   Model settings:

      Data not partitioned --
         Datatype  = Protein
         Aamodel   = Poisson
                     Substitution rates are fixed to be equal
         Covarion  = No
         # States  = 20
                     State frequencies are fixed to be equal
         Rates     = Equal

   Active parameters: 

      Parameters
      ---------------------
      Statefreq           1
      Ratemultiplier      2
      Topology            3
      Brlens              4
      Speciationrate      5
      Extinctionrate      6
      Aamodel             7
      IGRvar              8
      IGRbranchrates      9
      Clockrate          10
      ---------------------

      1 --  Parameter  = Pi
            Type       = Stationary state frequencies
            Prior      = Fixed (equal frequencies)

      2 --  Parameter  = Ratemultiplier
            Type       = Partition-specific rate multiplier
            Prior      = Fixed(1.0)

      3 --  Parameter  = Tau
            Type       = Topology
            Prior      = Prior on topology obeys the following constraints:
                         -- Hard constraint "myodocopida"
            Subparam.  = V

      4 --  Parameter  = V
            Type       = Branch lengths
            Prior      = Clock:Birthdeath
                         Node depths are calibrated by the following age constraint:
                         -- The age of node 'myodocopida' is Offsetexponential(443.80,509.00)
                         -- Tree age has a Uniform(443.80,509.00) distribution
            Subparam.  = IgrBrlens

      5 --  Parameter  = Net_speciation
            Type       = Speciation rate
            Prior      = Exponential(10.00)

      6 --  Parameter  = Relative_extinction
            Type       = Extinction rate
            Prior      = Beta(1.00,1.00)

      7 --  Parameter  = Aamodel
            Type       = Aminoacid model
            Prior      = Fixed(Poisson)

      8 --  Parameter  = IGRvar
            Type       = Variance of IGR model branch rates
            Prior      = Exponential(10.00)
            Subparam.  = IgrBrlens

      9 --  Parameter  = IgrBrlens
            Type       = Branch lengths of IGR relaxed clock
            Prior      = Gamma (expectation = 1.0, variance = IGRvar) 

     10 --  Parameter  = Clockrate
            Type       = Base rate of clock
            Prior      = Lognormal(-7.00,0.60)
                         The clock rate varies according to an independent gamma model



   The MCMC sampler will use the following moves:
      With prob.  Chain will use move
         7.09 %   ExtSPRClock(Tau,V)
        14.18 %   NNIClock(Tau,V)
         3.55 %   ParsSPRClock(Tau,V)
        28.37 %   NodesliderClock(V)
         2.13 %   TreeStretch(V)
         2.13 %   Multiplier(Net_speciation)
         2.13 %   Slider(Relative_extinction)
         1.42 %   Multiplier(IGRvar)
        35.46 %   Multiplier(IgrBrlens)
         3.55 %   Multiplier(Clockrate)

   Division 1 has 6517 unique site patterns
   Initializing conditional likelihoods
   Using standard SSE likelihood calculator for division 1 (single-precision)
   Rebuilding starting trees using random addition sequences and parsimony
   Tree Tau is constrained and parsimony-based starting trees are not implemented for constrained trees (yet)

   Initial log likelihoods and log prior probs for run 1:
      Chain 1 -- -216075.417876 -- -1606.911475
      Chain 2 -- -211072.943177 -- -1221.582018
      Chain 3 -- -209342.113420 -- -1908.268622
      Chain 4 -- -213737.689220 -- -1947.347073

   Initial log likelihoods and log prior probs for run 2:
      Chain 1 -- -211497.775824 -- -2695.379327
      Chain 2 -- -212426.044360 -- -1642.808260
      Chain 3 -- -213152.951954 -- -2702.053488
      Chain 4 -- -211004.914091 -- -1682.734586


   There are results from a previous run saved using the same filename(s).
   Do you want to overwrite these results? (yes/no): 
   Overwriting file "aauniclock.mcmc"
   Overwriting file "aauniclock.run1.p"
   Overwriting file "aauniclock.run1.t"
   Overwriting file "aauniclock.run2.p"
   Overwriting file "aauniclock.run2.t"

   Using a relative burnin of 25.0 % for diagnostics

   Chain results (500000 generations requested):

       0 -- [-216075.418] (-211072.943) (-209342.113) (-213737.689) * [-211497.776] (-212426.044) (-213152.952) (-211004.914) 
    1000 -- (-181305.001) (-169836.930) [-167529.382] (-167711.938) * (-169955.473) [-158009.237] (-161800.540) (-168519.990) -- 5:40:59
    2000 -- (-154314.438) (-152398.268) [-140711.712] (-141105.710) * [-140095.344] (-144646.673) (-142675.849) (-145477.717) -- 5:48:36
    3000 -- (-134205.708) (-139144.751) (-131595.781) [-130797.385] * (-132128.481) [-131350.225] (-132844.012) (-132081.523) -- 5:58:56
    4000 -- [-126833.684] (-129425.326) (-128826.052) (-126876.200) * (-128200.544) (-128007.243) [-127334.952] (-128128.404) -- 6:03:44
    5000 -- (-126054.053) (-126505.552) (-127336.930) [-125858.167] * (-127073.738) (-126049.663) [-125312.846] (-126408.250) -- 6:06:18

   Average standard deviation of split frequencies: 0.139812

    6000 -- (-125500.965) (-125473.911) (-126293.887) [-125023.755] * (-125956.079) (-125227.780) [-125007.846] (-125825.332) -- 6:07:45
    7000 -- [-124807.691] (-124998.316) (-125039.866) (-124777.343) * (-125422.330) (-124797.956) [-124855.083] (-125283.036) -- 6:08:34
    8000 -- [-124539.856] (-124850.438) (-124866.290) (-124644.879) * [-124710.831] (-124647.297) (-124775.877) (-125071.396) -- 6:10:01
    9000 -- [-124452.297] (-124745.757) (-124686.526) (-124586.803) * [-124486.988] (-124530.596) (-124724.862) (-124960.201) -- 6:10:58
   10000 -- [-124419.837] (-124644.620) (-124567.312) (-124559.465) * (-124454.795) [-124463.317] (-124641.334) (-124851.975) -- 6:12:24

   Average standard deviation of split frequencies: 0.153744

   11000 -- [-124379.383] (-124585.079) (-124519.726) (-124523.538) * (-124424.568) [-124432.390] (-124551.538) (-124732.891) -- 6:12:40
   12000 -- [-124369.008] (-124495.118) (-124488.630) (-124481.878) * (-124417.746) [-124416.021] (-124514.163) (-124553.008) -- 6:13:27
   13000 -- (-124370.613) [-124458.821] (-124479.689) (-124451.913) * (-124405.685) [-124406.473] (-124489.087) (-124485.095) -- 6:13:59
   14000 -- [-124347.411] (-124441.315) (-124466.344) (-124429.437) * (-124410.922) [-124406.944] (-124463.233) (-124404.498) -- 6:13:10
   15000 -- (-124351.133) (-124428.036) [-124396.168] (-124407.612) * (-124389.634) [-124393.705] (-124458.507) (-124391.726) -- 6:13:27

   Average standard deviation of split frequencies: 0.138591

   16000 -- (-124346.446) (-124436.658) [-124376.357] (-124397.233) * (-124394.227) [-124382.576] (-124422.731) (-124383.056) -- 6:13:05
   17000 -- (-124334.104) [-124350.232] (-124378.044) (-124385.330) * (-124384.163) [-124383.356] (-124411.228) (-124353.131) -- 6:13:08
   18000 -- (-124325.092) [-124355.870] (-124373.155) (-124385.419) * (-124387.102) [-124378.635] (-124389.507) (-124346.593) -- 6:13:06
   19000 -- (-124321.358) [-124346.100] (-124368.050) (-124377.262) * (-124390.068) [-124381.762] (-124393.363) (-124328.121) -- 6:12:33
   20000 -- (-124317.976) [-124342.980] (-124364.844) (-124380.739) * (-124342.289) [-124374.422] (-124395.313) (-124311.941) -- 6:12:00

   Average standard deviation of split frequencies: 0.125077

   21000 -- (-124307.797) [-124339.915] (-124380.416) (-124383.518) * (-124330.123) (-124386.623) [-124371.759] (-124326.690) -- 6:11:47
   22000 -- (-124306.131) [-124329.410] (-124373.004) (-124383.251) * (-124347.956) [-124384.663] (-124385.453) (-124308.585) -- 6:11:10
   23000 -- (-124298.825) [-124313.442] (-124382.043) (-124378.884) * (-124321.557) (-124379.604) (-124377.648) [-124300.899] -- 6:10:53
   24000 -- (-124326.074) [-124303.593] (-124361.592) (-124385.451) * (-124323.132) (-124380.191) [-124360.281] (-124304.215) -- 6:10:13
   25000 -- (-124310.338) [-124310.628] (-124373.267) (-124367.982) * (-124332.789) (-124381.480) [-124353.369] (-124301.524) -- 6:09:52

   Average standard deviation of split frequencies: 0.121170

   26000 -- (-124308.998) [-124301.266] (-124354.112) (-124368.971) * (-124319.580) (-124381.941) [-124356.975] (-124304.028) -- 6:09:10
   27000 -- (-124320.099) [-124302.750] (-124364.403) (-124380.445) * (-124324.659) (-124389.959) [-124350.820] (-124303.701) -- 6:08:28
   28000 -- (-124321.186) [-124304.124] (-124365.301) (-124372.579) * (-124307.212) (-124395.664) [-124360.136] (-124309.937) -- 6:08:02
   29000 -- (-124319.307) [-124305.182] (-124351.327) (-124370.249) * [-124292.767] (-124398.184) (-124357.779) (-124312.678) -- 6:07:19
   30000 -- (-124314.033) [-124308.488] (-124363.542) (-124387.389) * [-124288.675] (-124392.477) (-124365.365) (-124316.300) -- 6:06:36

   Average standard deviation of split frequencies: 0.105485

   31000 -- (-124306.471) [-124299.540] (-124374.521) (-124405.498) * [-124286.702] (-124386.775) (-124379.514) (-124314.851) -- 6:06:07
   32000 -- (-124307.697) [-124302.591] (-124358.559) (-124386.959) * [-124304.305] (-124383.094) (-124367.056) (-124309.168) -- 6:05:37
   33000 -- (-124288.847) [-124294.366] (-124354.431) (-124360.503) * [-124307.826] (-124387.712) (-124374.728) (-124300.982) -- 6:04:52
   34000 -- (-124317.197) [-124291.912] (-124356.958) (-124371.728) * [-124294.450] (-124382.152) (-124366.848) (-124292.803) -- 6:03:53
   35000 -- (-124304.393) [-124303.700] (-124363.525) (-124367.440) * [-124292.869] (-124388.011) (-124361.959) (-124303.363) -- 6:03:08

   Average standard deviation of split frequencies: 0.091067

   36000 -- (-124294.821) [-124297.867] (-124346.946) (-124356.679) * [-124287.546] (-124375.670) (-124371.781) (-124310.635) -- 6:02:36
   37000 -- (-124304.789) (-124301.380) [-124353.215] (-124376.417) * [-124288.340] (-124359.209) (-124360.235) (-124306.006) -- 6:01:38
   38000 -- (-124311.417) [-124287.752] (-124363.818) (-124351.598) * [-124294.745] (-124371.177) (-124349.657) (-124326.528) -- 6:00:53
   39000 -- (-124324.274) [-124303.018] (-124307.430) (-124352.257) * [-124289.604] (-124368.316) (-124348.334) (-124321.653) -- 6:00:19
   40000 -- (-124320.761) (-124297.172) [-124277.425] (-124357.086) * [-124289.871] (-124372.879) (-124366.555) (-124299.674) -- 5:59:34

   Average standard deviation of split frequencies: 0.082453

   41000 -- (-124307.571) (-124298.188) [-124284.423] (-124365.067) * [-124299.942] (-124379.013) (-124347.581) (-124296.607) -- 5:58:59
   42000 -- (-124297.695) (-124300.443) [-124287.277] (-124363.608) * [-124300.199] (-124375.988) (-124357.667) (-124298.432) -- 5:58:24
   43000 -- (-124285.147) (-124309.374) [-124287.546] (-124352.616) * [-124290.651] (-124372.087) (-124369.338) (-124298.125) -- 5:57:37
   44000 -- (-124310.125) (-124308.282) [-124284.658] (-124369.036) * [-124299.586] (-124367.080) (-124350.278) (-124301.401) -- 5:57:01
   45000 -- (-124298.534) (-124298.200) [-124275.524] (-124362.172) * [-124280.133] (-124366.069) (-124359.119) (-124304.261) -- 5:56:25

   Average standard deviation of split frequencies: 0.072866

   46000 -- (-124290.209) (-124306.512) [-124297.710] (-124378.871) * [-124295.765] (-124372.109) (-124362.545) (-124303.565) -- 5:55:38
   47000 -- (-124284.171) (-124290.331) [-124295.587] (-124353.136) * [-124292.318] (-124373.852) (-124358.108) (-124297.839) -- 5:55:00
   48000 -- (-124320.664) (-124301.193) [-124283.467] (-124367.926) * [-124290.960] (-124372.251) (-124368.736) (-124300.295) -- 5:54:22
   49000 -- (-124308.561) (-124299.776) [-124296.769] (-124363.034) * [-124276.275] (-124393.866) (-124354.415) (-124296.065) -- 5:53:35
   50000 -- (-124303.455) (-124307.570) [-124290.969] (-124353.605) * [-124288.919] (-124373.635) (-124361.315) (-124297.848) -- 5:52:57

   Average standard deviation of split frequencies: 0.067287

   51000 -- (-124292.844) (-124298.715) [-124284.133] (-124344.907) * [-124291.068] (-124384.220) (-124363.295) (-124296.455) -- 5:52:18
   52000 -- (-124296.436) (-124298.095) [-124275.985] (-124369.189) * [-124295.172] (-124379.440) (-124346.459) (-124297.219) -- 5:51:30
   53000 -- (-124301.539) [-124291.122] (-124287.177) (-124345.429) * [-124289.697] (-124378.683) (-124363.802) (-124294.140) -- 5:50:51
   54000 -- (-124311.690) (-124295.723) [-124280.599] (-124333.760) * [-124282.875] (-124378.952) (-124365.376) (-124306.647) -- 5:50:11
   55000 -- (-124302.896) [-124295.242] (-124280.665) (-124352.488) * [-124290.221] (-124365.559) (-124364.313) (-124302.850) -- 5:49:31

   Average standard deviation of split frequencies: 0.060156

   56000 -- (-124296.440) (-124294.725) [-124286.917] (-124335.822) * [-124294.951] (-124309.547) (-124360.041) (-124304.524) -- 5:48:51
   57000 -- (-124290.322) [-124295.121] (-124280.010) (-124306.812) * [-124306.332] (-124303.479) (-124367.970) (-124290.873) -- 5:48:10
   58000 -- (-124279.197) [-124284.274] (-124286.994) (-124306.820) * [-124294.897] (-124297.118) (-124372.022) (-124316.933) -- 5:47:37
   59000 -- (-124301.882) (-124297.350) [-124277.281] (-124298.849) * [-124282.935] (-124287.206) (-124367.868) (-124303.966) -- 5:46:56
   60000 -- (-124281.306) [-124299.225] (-124300.526) (-124314.908) * [-124315.393] (-124310.046) (-124375.065) (-124295.832) -- 5:46:22

   Average standard deviation of split frequencies: 0.051609

   61000 -- (-124316.479) (-124311.577) [-124288.898] (-124309.525) * [-124304.178] (-124292.700) (-124367.635) (-124296.644) -- 5:45:40
   62000 -- (-124299.235) (-124297.751) [-124291.166] (-124288.783) * [-124293.807] (-124299.941) (-124371.084) (-124296.042) -- 5:45:06
   63000 -- (-124289.658) (-124293.087) [-124287.560] (-124282.136) * [-124283.204] (-124290.218) (-124366.436) (-124286.968) -- 5:44:23
   64000 -- (-124296.609) (-124301.200) [-124288.041] (-124298.712) * [-124293.170] (-124275.739) (-124374.712) (-124300.824) -- 5:43:48
   65000 -- (-124290.458) [-124298.971] (-124278.796) (-124307.912) * [-124284.970] (-124297.091) (-124366.109) (-124293.293) -- 5:43:05

   Average standard deviation of split frequencies: 0.047815

   66000 -- (-124288.955) (-124298.727) [-124280.685] (-124295.792) * [-124291.253] (-124291.766) (-124359.766) (-124305.385) -- 5:42:22
   67000 -- (-124310.470) (-124299.115) [-124274.852] (-124307.872) * [-124296.246] (-124295.977) (-124361.673) (-124293.176) -- 5:41:46
   68000 -- (-124316.427) (-124292.297) [-124271.541] (-124283.800) * [-124289.213] (-124302.102) (-124378.375) (-124303.858) -- 5:40:56
   69000 -- (-124297.940) [-124286.607] (-124284.779) (-124284.407) * [-124290.946] (-124293.660) (-124346.868) (-124314.045) -- 5:40:19
   70000 -- (-124310.583) [-124286.539] (-124292.618) (-124289.002) * [-124299.722] (-124299.169) (-124357.674) (-124310.970) -- 5:39:35

   Average standard deviation of split frequencies: 0.040280

   71000 -- (-124313.368) [-124287.838] (-124287.700) (-124289.298) * [-124287.501] (-124307.166) (-124361.427) (-124289.067) -- 5:38:58
   72000 -- (-124301.104) (-124290.111) [-124294.196] (-124291.354) * [-124297.291] (-124306.007) (-124366.550) (-124298.757) -- 5:38:20
   73000 -- (-124299.130) [-124285.786] (-124290.552) (-124278.125) * [-124285.776] (-124313.647) (-124376.722) (-124307.233) -- 5:37:36
   74000 -- (-124324.305) (-124292.515) [-124280.920] (-124286.154) * [-124291.673] (-124298.855) (-124369.283) (-124294.247) -- 5:36:57
   75000 -- (-124315.511) (-124298.671) [-124277.664] (-124290.228) * [-124288.561] (-124291.861) (-124352.333) (-124305.247) -- 5:36:13

   Average standard deviation of split frequencies: 0.036530

   76000 -- (-124300.323) (-124312.463) [-124280.055] (-124298.979) * [-124300.189] (-124299.372) (-124362.615) (-124311.243) -- 5:35:28
   77000 -- (-124303.300) [-124293.818] (-124291.168) (-124284.404) * [-124302.081] (-124310.495) (-124365.854) (-124299.092) -- 5:34:49
   78000 -- (-124309.387) (-124294.886) [-124290.208] (-124300.652) * [-124295.804] (-124293.096) (-124366.909) (-124284.608) -- 5:34:10
   79000 -- (-124294.034) [-124287.053] (-124293.356) (-124290.364) * (-124299.767) [-124279.809] (-124366.749) (-124295.507) -- 5:33:25
   80000 -- (-124312.979) (-124304.196) (-124293.957) [-124286.966] * [-124299.103] (-124295.573) (-124369.594) (-124290.496) -- 5:32:40

   Average standard deviation of split frequencies: 0.035827

   81000 -- (-124304.177) (-124291.078) [-124280.693] (-124292.381) * [-124298.676] (-124303.248) (-124368.167) (-124292.041) -- 5:31:55
   82000 -- (-124308.460) (-124300.789) [-124277.068] (-124292.820) * [-124293.739] (-124304.547) (-124372.182) (-124295.973) -- 5:31:15
   83000 -- (-124298.815) (-124300.427) [-124281.694] (-124284.669) * [-124294.163] (-124296.076) (-124367.476) (-124283.340) -- 5:30:35
   84000 -- (-124294.780) [-124301.246] (-124283.953) (-124284.397) * (-124295.018) (-124297.772) (-124355.878) [-124288.611] -- 5:29:49
   85000 -- (-124288.301) (-124303.927) [-124278.665] (-124291.217) * [-124284.145] (-124304.700) (-124367.117) (-124292.450) -- 5:29:09

   Average standard deviation of split frequencies: 0.036300

   86000 -- (-124284.912) (-124308.876) [-124281.980] (-124304.139) * [-124297.132] (-124313.576) (-124353.408) (-124294.857) -- 5:28:28
   87000 -- (-124304.673) (-124311.589) [-124282.423] (-124292.466) * (-124299.529) (-124304.998) (-124360.706) [-124285.415] -- 5:27:47
   88000 -- (-124325.557) (-124306.402) [-124287.573] (-124286.988) * (-124289.425) (-124298.201) (-124366.133) [-124282.759] -- 5:27:01
   89000 -- (-124309.164) [-124289.251] (-124281.720) (-124284.634) * (-124291.029) (-124297.209) (-124378.468) [-124290.175] -- 5:26:20
   90000 -- (-124299.419) [-124301.792] (-124298.104) (-124286.359) * (-124293.877) (-124303.823) (-124363.262) [-124288.441] -- 5:25:29

   Average standard deviation of split frequencies: 0.034949

   91000 -- (-124288.689) [-124298.120] (-124294.285) (-124284.433) * (-124290.345) (-124298.534) (-124355.494) [-124290.662] -- 5:24:43
   92000 -- (-124288.446) [-124288.378] (-124295.181) (-124278.114) * (-124296.655) (-124303.361) (-124359.212) [-124291.283] -- 5:24:02
   93000 -- (-124296.079) [-124297.550] (-124274.836) (-124284.462) * [-124286.733] (-124307.834) (-124361.360) (-124295.333) -- 5:23:20
   94000 -- (-124295.585) [-124301.382] (-124286.600) (-124279.336) * [-124289.451] (-124295.071) (-124369.106) (-124289.252) -- 5:22:34
   95000 -- (-124300.556) [-124278.492] (-124284.237) (-124280.512) * [-124295.873] (-124296.075) (-124370.289) (-124290.467) -- 5:21:52

   Average standard deviation of split frequencies: 0.034817

   96000 -- (-124313.749) [-124284.528] (-124285.008) (-124290.801) * [-124285.136] (-124307.540) (-124380.920) (-124294.802) -- 5:21:05
   97000 -- (-124308.415) [-124280.209] (-124288.311) (-124287.836) * (-124291.077) (-124303.075) (-124370.704) [-124279.540] -- 5:20:23
   98000 -- (-124310.395) (-124297.886) [-124275.117] (-124311.412) * (-124299.499) (-124296.358) (-124366.117) [-124289.494] -- 5:19:41
   99000 -- (-124317.097) [-124291.445] (-124300.999) (-124301.942) * [-124294.208] (-124304.044) (-124373.107) (-124288.685) -- 5:18:58
   100000 -- (-124299.445) [-124282.126] (-124280.816) (-124299.359) * (-124304.796) (-124298.488) (-124363.887) [-124293.292] -- 5:18:16

   Average standard deviation of split frequencies: 0.034154

   101000 -- (-124298.081) (-124292.378) [-124273.395] (-124292.747) * [-124288.867] (-124286.234) (-124353.067) (-124286.571) -- 5:17:33
   102000 -- (-124297.496) (-124308.913) [-124273.093] (-124304.761) * [-124282.558] (-124301.782) (-124355.015) (-124282.481) -- 5:16:46
   103000 -- (-124286.697) [-124286.667] (-124278.550) (-124300.444) * [-124292.634] (-124300.427) (-124352.508) (-124282.462) -- 5:15:59
   104000 -- (-124323.996) (-124308.321) [-124282.399] (-124301.683) * [-124286.377] (-124294.901) (-124367.674) (-124293.050) -- 5:15:16
   105000 -- (-124309.900) [-124296.378] (-124280.431) (-124295.450) * [-124298.993] (-124297.855) (-124361.640) (-124293.816) -- 5:14:29

   Average standard deviation of split frequencies: 0.037026

   106000 -- (-124307.651) (-124295.882) [-124277.754] (-124284.526) * [-124291.822] (-124292.911) (-124362.154) (-124298.152) -- 5:13:46
   107000 -- (-124322.445) (-124290.649) [-124275.765] (-124283.694) * (-124294.989) (-124280.904) (-124366.574) [-124293.065] -- 5:12:59
   108000 -- (-124303.154) [-124285.958] (-124287.154) (-124303.184) * [-124274.879] (-124296.450) (-124351.675) (-124299.411) -- 5:12:12
   109000 -- (-124294.651) [-124306.245] (-124282.635) (-124283.841) * [-124291.457] (-124292.299) (-124358.158) (-124285.486) -- 5:11:29
   110000 -- (-124301.572) (-124309.239) [-124278.728] (-124292.212) * (-124298.344) (-124301.445) (-124366.235) [-124274.646] -- 5:10:42

   Average standard deviation of split frequencies: 0.038604

   111000 -- (-124306.353) (-124294.371) [-124274.726] (-124293.442) * (-124292.908) (-124309.828) (-124353.066) [-124289.923] -- 5:09:58
   112000 -- (-124307.475) [-124300.386] (-124278.755) (-124305.408) * [-124276.381] (-124308.462) (-124362.952) (-124289.862) -- 5:09:11
   113000 -- (-124306.690) [-124292.307] (-124275.057) (-124312.168) * (-124293.191) (-124318.504) (-124348.849) [-124295.653] -- 5:08:24
   114000 -- (-124315.944) [-124297.811] (-124280.648) (-124285.111) * [-124300.504] (-124307.494) (-124358.797) (-124290.587) -- 5:07:40
   115000 -- (-124318.689) [-124303.993] (-124292.980) (-124294.895) * (-124289.633) (-124307.717) (-124361.705) [-124281.537] -- 5:06:53

   Average standard deviation of split frequencies: 0.038604

   116000 -- (-124321.924) (-124302.508) (-124295.118) [-124293.768] * (-124303.965) (-124314.329) (-124369.135) [-124290.818] -- 5:06:09
   117000 -- (-124313.782) [-124291.345] (-124288.404) (-124285.410) * [-124297.266] (-124302.268) (-124310.151) (-124292.547) -- 5:05:21
   118000 -- (-124306.119) [-124286.953] (-124283.953) (-124283.915) * [-124276.364] (-124319.620) (-124293.294) (-124283.596) -- 5:04:37
   119000 -- (-124290.259) (-124299.588) (-124283.137) [-124279.317] * (-124287.233) (-124305.687) [-124286.797] (-124276.446) -- 5:03:50
   120000 -- (-124295.627) (-124306.224) (-124290.064) [-124292.797] * (-124289.239) (-124300.558) (-124287.402) [-124286.573] -- 5:03:03

   Average standard deviation of split frequencies: 0.038233

   121000 -- (-124295.503) (-124304.760) (-124292.180) [-124281.221] * [-124282.564] (-124295.487) (-124290.354) (-124291.981) -- 5:02:18
   122000 -- (-124301.236) [-124293.762] (-124301.564) (-124286.717) * [-124292.751] (-124310.064) (-124287.350) (-124282.746) -- 5:01:31
   123000 -- (-124301.384) (-124308.302) (-124293.634) [-124290.124] * [-124291.167] (-124322.796) (-124281.684) (-124297.990) -- 5:00:43
   124000 -- (-124312.240) (-124310.070) (-124277.083) [-124287.816] * (-124303.356) (-124315.469) [-124277.079] (-124298.584) -- 4:59:59
   125000 -- (-124299.467) [-124301.116] (-124282.765) (-124295.890) * (-124302.962) (-124312.957) [-124277.098] (-124296.190) -- 4:59:12

   Average standard deviation of split frequencies: 0.037155

   126000 -- (-124300.182) [-124290.524] (-124274.426) (-124295.505) * (-124295.615) (-124306.693) [-124280.298] (-124288.227) -- 4:58:24
   127000 -- (-124300.594) (-124294.436) [-124274.081] (-124294.201) * (-124292.206) (-124304.659) [-124287.291] (-124293.154) -- 4:57:37
   128000 -- (-124303.990) (-124288.920) [-124273.755] (-124297.498) * (-124300.441) (-124314.801) (-124287.457) [-124284.174] -- 4:56:49
   129000 -- (-124298.254) (-124301.245) (-124283.464) [-124282.391] * [-124288.295] (-124301.251) (-124301.090) (-124294.860) -- 4:56:04
   130000 -- (-124300.242) (-124295.918) [-124278.717] (-124286.100) * (-124296.082) (-124307.073) [-124284.811] (-124300.775) -- 4:55:17

   Average standard deviation of split frequencies: 0.035897

   131000 -- (-124318.470) [-124293.534] (-124284.755) (-124302.273) * (-124293.628) (-124313.135) [-124287.102] (-124293.117) -- 4:54:32
   132000 -- (-124303.163) (-124299.845) (-124295.647) [-124282.015] * (-124293.323) (-124297.442) [-124281.307] (-124292.294) -- 4:53:44
   133000 -- (-124299.867) [-124308.508] (-124301.641) (-124277.741) * (-124309.859) (-124298.650) [-124286.587] (-124306.231) -- 4:53:02
   134000 -- (-124316.863) [-124298.206] (-124310.992) (-124287.253) * (-124286.650) (-124301.956) [-124274.558] (-124312.380) -- 4:52:15
   135000 -- (-124301.376) [-124294.975] (-124307.587) (-124283.200) * [-124292.965] (-124311.423) (-124277.141) (-124295.032) -- 4:51:24

   Average standard deviation of split frequencies: 0.034236

   136000 -- (-124320.266) [-124290.583] (-124303.018) (-124277.409) * (-124305.110) (-124298.505) [-124274.436] (-124298.653) -- 4:50:37
   137000 -- (-124310.756) [-124299.856] (-124288.490) (-124294.203) * (-124296.720) (-124297.258) (-124276.968) [-124293.114] -- 4:49:52
   138000 -- (-124312.229) [-124290.540] (-124294.324) (-124306.743) * (-124292.930) (-124303.525) [-124278.911] (-124289.082) -- 4:49:01
   139000 -- (-124302.774) [-124293.006] (-124288.278) (-124290.041) * (-124284.294) (-124310.245) [-124279.778] (-124295.560) -- 4:48:16
   140000 -- (-124303.189) (-124290.013) [-124285.774] (-124301.460) * (-124285.786) (-124299.392) [-124280.078] (-124301.348) -- 4:47:31

   Average standard deviation of split frequencies: 0.032040

   141000 -- (-124294.818) [-124285.227] (-124287.337) (-124285.888) * (-124298.615) (-124305.060) [-124296.068] (-124296.608) -- 4:46:43
   142000 -- (-124289.342) [-124294.873] (-124299.468) (-124296.234) * [-124293.781] (-124298.254) (-124293.947) (-124304.811) -- 4:45:58
   143000 -- (-124291.554) [-124291.316] (-124295.364) (-124296.590) * (-124299.591) (-124287.612) [-124281.389] (-124289.497) -- 4:45:11
   144000 -- (-124311.457) (-124292.686) [-124295.040] (-124284.243) * (-124293.633) (-124292.101) [-124288.369] (-124304.787) -- 4:44:25
   145000 -- (-124309.109) [-124291.102] (-124291.312) (-124293.467) * (-124290.253) (-124310.748) [-124281.277] (-124282.356) -- 4:43:37

   Average standard deviation of split frequencies: 0.029109

   146000 -- (-124309.028) (-124283.072) [-124283.621] (-124294.299) * (-124292.730) (-124305.669) [-124287.149] (-124283.082) -- 4:42:52
   147000 -- (-124324.297) (-124289.129) [-124270.444] (-124284.212) * (-124298.940) (-124304.177) [-124286.192] (-124303.905) -- 4:42:02
   148000 -- (-124294.049) (-124295.198) (-124280.856) [-124284.732] * (-124300.919) (-124307.147) [-124281.728] (-124314.992) -- 4:41:14
   149000 -- (-124291.066) [-124289.479] (-124297.710) (-124274.467) * (-124303.424) (-124304.047) [-124280.667] (-124309.985) -- 4:40:26
   150000 -- (-124290.875) [-124282.975] (-124313.001) (-124282.318) * (-124298.582) (-124305.175) [-124285.509] (-124313.774) -- 4:39:39

   Average standard deviation of split frequencies: 0.026778

   151000 -- (-124305.680) [-124293.895] (-124291.151) (-124289.651) * (-124306.601) (-124302.448) [-124295.386] (-124309.771) -- 4:38:53
   152000 -- (-124330.359) [-124299.823] (-124302.910) (-124285.404) * (-124297.643) (-124290.507) [-124290.923] (-124311.542) -- 4:38:05
   153000 -- (-124315.852) (-124290.846) (-124306.282) [-124293.613] * (-124301.541) (-124291.686) [-124279.276] (-124294.686) -- 4:37:17
   154000 -- (-124307.710) [-124283.188] (-124308.860) (-124278.633) * (-124302.308) (-124293.362) [-124271.339] (-124299.383) -- 4:36:32
   155000 -- (-124304.812) (-124288.785) [-124283.961] (-124304.464) * (-124314.114) (-124293.418) [-124283.712] (-124299.656) -- 4:35:44

   Average standard deviation of split frequencies: 0.023978

   156000 -- (-124301.226) [-124297.292] (-124293.627) (-124299.178) * (-124324.048) (-124276.729) [-124285.062] (-124304.468) -- 4:34:58
   157000 -- (-124311.743) [-124292.537] (-124292.325) (-124298.951) * (-124309.348) [-124272.597] (-124288.408) (-124288.290) -- 4:34:10
   158000 -- (-124303.656) [-124291.241] (-124287.281) (-124285.363) * (-124308.284) [-124278.708] (-124289.246) (-124283.217) -- 4:33:23
   159000 -- (-124298.892) [-124289.138] (-124293.956) (-124296.199) * (-124308.866) (-124284.161) [-124280.263] (-124288.896) -- 4:32:35
   160000 -- (-124319.733) (-124306.168) (-124299.516) [-124288.344] * (-124300.283) (-124300.492) [-124279.701] (-124292.490) -- 4:31:47

   Average standard deviation of split frequencies: 0.022040

   161000 -- (-124314.164) (-124300.176) (-124293.290) [-124279.676] * (-124300.058) (-124289.044) [-124283.579] (-124292.598) -- 4:30:59
   162000 -- (-124311.777) [-124284.164] (-124292.295) (-124281.963) * (-124313.396) (-124291.081) [-124285.802] (-124291.578) -- 4:30:13
   163000 -- (-124300.193) (-124299.348) (-124297.240) [-124279.855] * (-124308.028) (-124292.896) [-124285.926] (-124294.426) -- 4:29:25
   164000 -- (-124308.569) (-124304.619) [-124289.289] (-124283.434) * (-124299.521) (-124292.125) [-124273.279] (-124302.242) -- 4:28:37
   165000 -- (-124305.903) (-124299.517) (-124291.368) [-124287.326] * (-124316.182) (-124290.895) [-124275.007] (-124299.782) -- 4:27:49

   Average standard deviation of split frequencies: 0.020836

   166000 -- (-124303.300) (-124305.413) [-124285.514] (-124299.742) * (-124311.216) (-124277.730) [-124282.173] (-124302.844) -- 4:27:01
   167000 -- (-124318.261) (-124301.839) [-124283.266] (-124288.470) * (-124303.877) (-124280.042) [-124290.933] (-124309.868) -- 4:26:14
   168000 -- (-124309.731) [-124296.954] (-124281.853) (-124286.983) * (-124313.499) (-124288.392) [-124291.533] (-124291.645) -- 4:25:26
   169000 -- (-124305.860) [-124291.181] (-124288.855) (-124280.147) * (-124296.074) (-124301.356) [-124282.083] (-124303.136) -- 4:24:36
   170000 -- (-124301.414) (-124300.419) (-124293.752) [-124293.483] * (-124293.495) (-124282.111) [-124271.562] (-124301.594) -- 4:23:48

   Average standard deviation of split frequencies: 0.019887

   171000 -- (-124301.794) (-124297.405) (-124299.318) [-124291.169] * (-124312.332) (-124290.818) [-124290.412] (-124301.559) -- 4:22:58
   172000 -- (-124302.424) [-124296.256] (-124300.976) (-124305.954) * (-124331.935) (-124288.181) [-124273.504] (-124300.567) -- 4:22:10
   173000 -- (-124302.188) [-124289.635] (-124296.315) (-124290.939) * (-124291.667) (-124296.580) [-124282.105] (-124295.261) -- 4:21:22
   174000 -- (-124297.420) (-124296.044) [-124281.551] (-124294.651) * (-124292.028) (-124296.953) [-124276.176] (-124301.006) -- 4:20:34
   175000 -- (-124286.167) (-124307.074) [-124271.971] (-124287.666) * (-124295.647) (-124305.862) [-124282.086] (-124304.125) -- 4:19:47

   Average standard deviation of split frequencies: 0.018256

   176000 -- (-124316.334) [-124295.361] (-124279.622) (-124289.477) * (-124282.643) (-124297.303) [-124278.943] (-124310.302) -- 4:18:59
   177000 -- (-124312.647) (-124302.076) (-124277.204) [-124275.773] * [-124288.888] (-124297.374) (-124280.717) (-124312.528) -- 4:18:11
   178000 -- (-124311.245) (-124299.777) (-124299.127) [-124281.639] * (-124280.935) (-124294.773) [-124279.051] (-124315.159) -- 4:17:23
   179000 -- (-124299.041) [-124285.946] (-124279.795) (-124285.613) * (-124295.304) (-124288.480) [-124275.023] (-124290.396) -- 4:16:35
   180000 -- (-124311.642) [-124285.189] (-124286.277) (-124278.466) * (-124303.225) (-124301.301) [-124284.718] (-124301.051) -- 4:15:47

   Average standard deviation of split frequencies: 0.016818

   181000 -- (-124300.136) [-124292.621] (-124281.807) (-124279.623) * (-124297.087) (-124295.418) [-124278.022] (-124294.779) -- 4:15:01
   182000 -- (-124309.571) [-124298.251] (-124279.766) (-124288.683) * (-124308.931) (-124300.355) [-124291.572] (-124313.077) -- 4:14:15
   183000 -- (-124316.366) [-124283.135] (-124289.836) (-124295.767) * (-124285.215) [-124283.909] (-124289.039) (-124313.884) -- 4:13:27
   184000 -- (-124316.498) (-124298.150) (-124296.283) [-124289.101] * (-124299.787) (-124281.260) [-124300.831] (-124310.740) -- 4:12:41
   185000 -- (-124300.183) (-124285.926) (-124285.644) [-124272.444] * (-124313.067) [-124271.790] (-124296.167) (-124291.762) -- 4:11:51

   Average standard deviation of split frequencies: 0.018375

   186000 -- (-124293.630) (-124299.059) (-124277.508) [-124276.552] * (-124298.973) [-124276.462] (-124286.141) (-124301.773) -- 4:11:03
   187000 -- (-124292.961) [-124298.207] (-124292.338) (-124285.604) * (-124303.200) (-124280.285) [-124291.625] (-124294.457) -- 4:10:17
   188000 -- (-124305.243) (-124298.158) (-124295.891) [-124285.979] * (-124282.813) (-124293.492) [-124303.578] (-124292.962) -- 4:09:29
   189000 -- (-124293.244) [-124294.355] (-124307.674) (-124295.334) * [-124296.264] (-124286.721) (-124289.310) (-124297.290) -- 4:08:43
   190000 -- (-124289.735) [-124286.523] (-124289.837) (-124293.652) * (-124302.202) (-124296.853) [-124280.732] (-124303.285) -- 4:07:55

   Average standard deviation of split frequencies: 0.019722

   191000 -- (-124292.850) (-124298.784) (-124291.328) [-124293.755] * (-124297.272) (-124293.199) [-124274.054] (-124297.246) -- 4:07:08
   192000 -- (-124291.340) [-124281.368] (-124301.216) (-124285.021) * (-124298.266) (-124290.495) [-124275.740] (-124303.128) -- 4:06:20
   193000 -- (-124286.740) [-124276.346] (-124297.364) (-124281.710) * [-124290.419] (-124301.550) (-124281.362) (-124306.095) -- 4:05:34
   194000 -- (-124291.315) [-124280.937] (-124287.072) (-124286.195) * [-124273.863] (-124309.064) (-124288.206) (-124306.182) -- 4:04:48
   195000 -- (-124292.203) (-124288.586) (-124290.305) [-124276.598] * (-124288.622) (-124308.757) [-124283.236] (-124310.792) -- 4:04:00

   Average standard deviation of split frequencies: 0.020049

   196000 -- (-124317.344) (-124269.489) (-124297.836) [-124278.236] * (-124286.202) (-124296.058) [-124281.476] (-124296.260) -- 4:03:12
   197000 -- (-124303.668) [-124274.676] (-124319.073) (-124289.823) * [-124287.120] (-124302.785) (-124290.615) (-124309.737) -- 4:02:24
   198000 -- (-124301.776) (-124284.045) (-124313.614) [-124276.432] * [-124290.853] (-124293.228) (-124306.750) (-124300.585) -- 4:01:34
   199000 -- (-124299.318) [-124284.106] (-124311.794) (-124286.613) * (-124290.147) (-124292.112) [-124285.695] (-124311.474) -- 4:00:48
   200000 -- (-124294.651) [-124292.421] (-124295.893) (-124291.933) * (-124290.086) (-124295.982) [-124276.961] (-124298.091) -- 4:00:00

   Average standard deviation of split frequencies: 0.020008

   201000 -- (-124303.238) [-124285.881] (-124297.935) (-124288.320) * (-124296.477) (-124290.259) [-124288.238] (-124287.107) -- 3:59:12
   202000 -- (-124297.100) [-124294.119] (-124297.117) (-124283.618) * (-124290.180) (-124277.867) [-124285.550] (-124287.930) -- 3:58:24
   203000 -- (-124300.777) (-124279.064) (-124305.630) [-124283.875] * (-124286.030) (-124282.756) [-124282.069] (-124294.198) -- 3:57:36
   204000 -- (-124299.018) (-124285.520) (-124296.962) [-124286.197] * (-124286.139) [-124281.486] (-124289.502) (-124286.086) -- 3:56:49
   205000 -- (-124284.297) [-124288.925] (-124284.934) (-124284.951) * (-124301.805) [-124284.421] (-124288.712) (-124298.818) -- 3:56:01

   Average standard deviation of split frequencies: 0.020442

   206000 -- (-124303.783) [-124293.366] (-124289.411) (-124286.102) * (-124283.605) [-124270.894] (-124285.701) (-124310.202) -- 3:55:12
   207000 -- (-124299.720) [-124299.936] (-124294.976) (-124289.144) * [-124289.381] (-124303.323) (-124287.903) (-124312.950) -- 3:54:25
   208000 -- (-124304.958) (-124295.461) [-124302.326] (-124281.854) * [-124280.973] (-124295.594) (-124284.820) (-124304.646) -- 3:53:36
   209000 -- (-124306.573) [-124291.420] (-124286.974) (-124303.510) * (-124272.880) (-124298.409) [-124278.457] (-124300.682) -- 3:52:48
   210000 -- (-124305.802) [-124287.461] (-124293.279) (-124293.007) * (-124297.555) (-124299.427) [-124271.969] (-124296.336) -- 3:52:00

   Average standard deviation of split frequencies: 0.021240

   211000 -- (-124298.453) [-124280.758] (-124292.553) (-124284.892) * (-124292.856) (-124320.973) [-124280.714] (-124303.603) -- 3:51:12
   212000 -- (-124296.385) (-124279.343) [-124289.134] (-124300.945) * [-124288.696] (-124291.817) (-124293.388) (-124287.499) -- 3:50:24
   213000 -- (-124320.042) (-124287.645) [-124293.446] (-124299.745) * (-124312.095) (-124296.651) [-124292.485] (-124301.520) -- 3:49:36
   214000 -- (-124305.888) [-124280.824] (-124295.338) (-124281.453) * (-124290.130) (-124295.443) [-124293.588] (-124317.230) -- 3:48:48
   215000 -- (-124314.031) [-124284.684] (-124295.868) (-124288.121) * [-124288.980] (-124284.281) (-124291.480) (-124285.324) -- 3:47:58

   Average standard deviation of split frequencies: 0.021500

   216000 -- (-124306.267) [-124282.839] (-124294.234) (-124289.434) * (-124289.248) (-124286.873) [-124282.927] (-124293.873) -- 3:47:10
   217000 -- (-124312.556) [-124281.189] (-124286.640) (-124286.642) * (-124294.730) (-124286.843) [-124278.209] (-124294.007) -- 3:46:24
   218000 -- (-124294.483) (-124285.916) [-124292.245] (-124288.468) * (-124294.273) (-124283.435) [-124273.206] (-124293.188) -- 3:45:36
   219000 -- (-124301.328) [-124285.413] (-124289.757) (-124293.000) * (-124298.977) (-124278.475) [-124275.912] (-124304.885) -- 3:44:46
   220000 -- (-124305.246) [-124283.485] (-124288.588) (-124318.043) * (-124288.941) (-124298.038) [-124274.578] (-124304.267) -- 3:43:58

   Average standard deviation of split frequencies: 0.021730

   221000 -- (-124310.077) [-124272.565] (-124275.425) (-124306.686) * (-124272.262) (-124312.689) [-124289.922] (-124297.488) -- 3:43:10
   222000 -- (-124303.369) [-124284.854] (-124278.496) (-124306.293) * (-124297.414) (-124300.542) [-124287.255] (-124285.734) -- 3:42:22
   223000 -- (-124292.981) (-124282.764) [-124284.942] (-124311.591) * (-124287.153) [-124286.795] (-124291.793) (-124302.235) -- 3:41:36
   224000 -- (-124304.905) [-124277.096] (-124282.165) (-124284.746) * (-124301.010) (-124285.265) [-124290.289] (-124289.556) -- 3:40:49
   225000 -- (-124295.122) [-124280.560] (-124294.657) (-124282.727) * [-124295.221] (-124281.434) (-124299.256) (-124308.314) -- 3:40:01

   Average standard deviation of split frequencies: 0.021478

   226000 -- (-124300.100) [-124270.737] (-124281.215) (-124296.758) * (-124301.726) (-124268.231) [-124303.245] (-124288.820) -- 3:39:13
   227000 -- (-124314.048) [-124271.819] (-124284.275) (-124300.006) * (-124293.627) (-124283.494) [-124290.284] (-124298.044) -- 3:38:26
   228000 -- (-124287.613) [-124280.562] (-124302.581) (-124290.214) * (-124290.203) (-124284.689) [-124294.813] (-124295.142) -- 3:37:37
   229000 -- (-124305.227) [-124278.157] (-124284.592) (-124292.470) * (-124286.520) (-124293.483) [-124289.360] (-124317.298) -- 3:36:50
   230000 -- (-124298.765) [-124275.011] (-124283.162) (-124291.470) * (-124278.499) (-124282.027) [-124285.283] (-124303.579) -- 3:36:01

   Average standard deviation of split frequencies: 0.020778

   231000 -- [-124298.857] (-124276.004) (-124290.018) (-124293.420) * (-124280.812) (-124299.487) [-124291.791] (-124294.284) -- 3:35:15
   232000 -- (-124293.233) [-124277.184] (-124299.181) (-124298.264) * (-124295.905) (-124296.620) [-124288.756] (-124297.836) -- 3:34:26
   233000 -- (-124302.854) [-124288.067] (-124291.652) (-124278.463) * [-124283.940] (-124282.343) (-124288.255) (-124298.855) -- 3:33:38
   234000 -- (-124298.381) [-124276.911] (-124289.384) (-124278.969) * (-124293.134) (-124288.835) [-124283.424] (-124304.617) -- 3:32:49
   235000 -- (-124300.685) [-124279.955] (-124273.875) (-124282.858) * (-124293.989) (-124287.122) [-124282.145] (-124276.473) -- 3:32:02

   Average standard deviation of split frequencies: 0.019680

   236000 -- (-124307.023) [-124282.683] (-124287.668) (-124310.827) * (-124292.933) (-124301.181) [-124287.895] (-124287.784) -- 3:31:14
   237000 -- (-124310.107) [-124289.781] (-124286.617) (-124291.008) * [-124282.887] (-124302.583) (-124290.864) (-124284.841) -- 3:30:25
   238000 -- (-124295.937) [-124290.934] (-124293.551) (-124298.358) * (-124291.511) (-124291.753) [-124282.662] (-124296.810) -- 3:29:36
   239000 -- (-124299.969) [-124282.604] (-124289.525) (-124294.803) * (-124291.669) (-124296.147) [-124282.887] (-124296.239) -- 3:28:49
   240000 -- (-124309.732) [-124281.684] (-124277.547) (-124302.958) * (-124269.879) (-124311.245) [-124270.861] (-124295.211) -- 3:28:01

   Average standard deviation of split frequencies: 0.018801

   241000 -- (-124300.979) [-124277.663] (-124284.349) (-124307.598) * (-124282.158) (-124286.163) [-124283.658] (-124293.346) -- 3:27:12
   242000 -- (-124297.881) [-124279.052] (-124293.205) (-124301.255) * (-124286.298) (-124287.532) [-124291.841] (-124299.954) -- 3:26:24
   243000 -- (-124298.294) (-124293.607) [-124284.135] (-124288.298) * (-124289.697) (-124289.596) [-124286.816] (-124288.755) -- 3:25:34
   244000 -- (-124285.420) [-124290.952] (-124298.044) (-124301.696) * (-124283.825) (-124277.319) [-124292.813] (-124294.046) -- 3:24:46
   245000 -- (-124307.750) [-124294.343] (-124289.411) (-124303.038) * (-124299.731) (-124279.649) [-124275.555] (-124295.907) -- 3:23:57

   Average standard deviation of split frequencies: 0.017001

   246000 -- (-124323.999) [-124280.843] (-124294.751) (-124272.710) * (-124291.487) (-124285.999) [-124289.837] (-124301.255) -- 3:23:09
   247000 -- (-124307.593) (-124288.506) [-124285.284] (-124291.908) * (-124289.728) (-124281.417) [-124280.365] (-124300.157) -- 3:22:21
   248000 -- (-124321.196) (-124290.417) [-124277.988] (-124306.892) * (-124302.963) [-124286.137] (-124281.343) (-124302.817) -- 3:21:33
   249000 -- (-124306.497) [-124286.447] (-124286.665) (-124289.244) * (-124298.457) (-124279.208) [-124281.411] (-124313.020) -- 3:20:45
   250000 -- (-124299.916) (-124283.081) [-124289.918] (-124299.703) * (-124301.847) (-124277.520) [-124281.141] (-124304.730) -- 3:19:57

   Average standard deviation of split frequencies: 0.017516

   251000 -- (-124278.259) [-124284.243] (-124280.864) (-124285.988) * (-124284.322) (-124294.144) [-124273.913] (-124302.260) -- 3:19:10
   252000 -- (-124292.278) [-124288.493] (-124274.194) (-124295.720) * (-124293.510) (-124273.343) [-124280.599] (-124297.810) -- 3:18:21
   253000 -- (-124298.281) (-124301.320) [-124278.168] (-124285.703) * (-124292.069) (-124284.821) [-124277.428] (-124302.943) -- 3:17:34
   254000 -- (-124305.806) [-124273.987] (-124271.192) (-124286.636) * (-124301.179) (-124274.756) [-124281.959] (-124312.760) -- 3:16:46
   255000 -- (-124307.516) [-124277.161] (-124285.469) (-124280.495) * (-124290.791) (-124290.654) [-124294.940] (-124295.153) -- 3:15:58

   Average standard deviation of split frequencies: 0.017929

   256000 -- (-124317.374) (-124283.098) [-124286.612] (-124277.067) * (-124283.767) (-124298.382) [-124276.864] (-124297.314) -- 3:15:11
   257000 -- (-124306.308) [-124287.297] (-124285.175) (-124281.724) * [-124256.108] (-124311.816) (-124289.973) (-124299.884) -- 3:14:22
   258000 -- (-124303.634) [-124270.672] (-124268.570) (-124288.500) * [-124245.415] (-124302.513) (-124291.956) (-124288.290) -- 3:13:35
   259000 -- (-124310.837) (-124284.581) [-124279.666] (-124298.947) * [-124255.752] (-124297.182) (-124302.283) (-124298.432) -- 3:12:46
   260000 -- (-124303.861) [-124300.172] (-124285.812) (-124294.713) * [-124253.656] (-124309.325) (-124294.379) (-124290.554) -- 3:11:59

   Average standard deviation of split frequencies: 0.019132

   261000 -- (-124300.257) [-124291.697] (-124297.304) (-124290.551) * [-124259.507] (-124303.721) (-124311.009) (-124296.191) -- 3:11:11
   262000 -- (-124301.897) [-124279.000] (-124298.875) (-124286.075) * [-124252.441] (-124288.630) (-124302.664) (-124298.306) -- 3:10:23
   263000 -- (-124290.212) [-124287.638] (-124299.306) (-124321.849) * [-124247.504] (-124286.926) (-124302.219) (-124310.953) -- 3:09:35
   264000 -- (-124287.373) [-124277.650] (-124302.227) (-124296.409) * [-124231.592] (-124290.415) (-124304.211) (-124309.613) -- 3:08:47
   265000 -- (-124315.803) [-124290.123] (-124291.477) (-124291.315) * [-124249.551] (-124301.795) (-124293.853) (-124303.360) -- 3:07:59

   Average standard deviation of split frequencies: 0.019669

   266000 -- (-124289.399) [-124282.496] (-124285.546) (-124294.199) * [-124245.893] (-124293.649) (-124290.244) (-124304.118) -- 3:07:12
   267000 -- (-124306.026) [-124290.714] (-124279.717) (-124290.266) * [-124245.251] (-124298.506) (-124299.550) (-124292.713) -- 3:06:24
   268000 -- (-124290.586) [-124291.243] (-124286.548) (-124293.771) * (-124248.951) (-124305.504) [-124271.664] (-124298.262) -- 3:05:36
   269000 -- (-124296.963) [-124290.696] (-124277.126) (-124290.078) * (-124246.523) (-124298.741) [-124249.305] (-124297.427) -- 3:04:48
   270000 -- (-124283.123) [-124292.308] (-124291.195) (-124302.224) * (-124254.917) (-124290.667) [-124231.700] (-124289.624) -- 3:04:00

   Average standard deviation of split frequencies: 0.020854

   271000 -- (-124286.238) [-124291.446] (-124278.519) (-124297.277) * (-124245.621) (-124282.211) [-124239.524] (-124292.672) -- 3:03:12
   272000 -- (-124305.689) [-124284.528] (-124275.094) (-124296.874) * (-124238.928) (-124292.853) [-124235.241] (-124297.742) -- 3:02:24
   273000 -- (-124303.609) (-124285.186) [-124279.585] (-124299.294) * (-124249.378) (-124303.588) [-124234.062] (-124285.467) -- 3:01:36
   274000 -- (-124295.029) [-124282.250] (-124294.808) (-124294.721) * (-124257.185) (-124291.306) [-124236.699] (-124290.161) -- 3:00:48
   275000 -- (-124321.063) [-124279.121] (-124273.887) (-124284.640) * (-124258.838) (-124297.882) [-124242.411] (-124288.802) -- 3:00:01

   Average standard deviation of split frequencies: 0.022407

   276000 -- (-124291.169) [-124278.211] (-124288.614) (-124283.161) * (-124245.816) (-124293.845) [-124235.439] (-124286.793) -- 2:59:13
   277000 -- (-124290.875) [-124289.434] (-124303.286) (-124283.822) * (-124237.733) (-124286.372) [-124248.332] (-124292.162) -- 2:58:26
   278000 -- (-124289.629) [-124286.408] (-124290.269) (-124293.800) * [-124234.103] (-124285.496) (-124240.418) (-124287.551) -- 2:57:38
   279000 -- (-124292.154) [-124279.409] (-124289.848) (-124291.072) * (-124245.502) (-124279.178) [-124245.719] (-124306.405) -- 2:56:51
   280000 -- (-124286.211) [-124288.446] (-124291.423) (-124281.476) * (-124245.009) (-124298.971) [-124241.000] (-124300.366) -- 2:56:03

   Average standard deviation of split frequencies: 0.023831

   281000 -- [-124283.848] (-124299.090) (-124298.432) (-124286.586) * (-124257.835) (-124295.959) [-124240.757] (-124306.996) -- 2:55:15
   282000 -- (-124293.984) [-124284.026] (-124305.183) (-124283.133) * (-124246.014) (-124292.158) [-124238.861] (-124296.053) -- 2:54:27
   283000 -- (-124288.055) [-124285.390] (-124309.461) (-124292.462) * (-124252.183) (-124297.463) [-124239.225] (-124301.554) -- 2:53:41
   284000 -- (-124279.925) [-124288.594] (-124299.443) (-124283.017) * (-124240.392) (-124287.151) [-124250.957] (-124308.509) -- 2:52:54
   285000 -- [-124284.807] (-124295.187) (-124291.822) (-124301.854) * (-124241.418) (-124277.740) [-124247.341] (-124324.963) -- 2:52:06

   Average standard deviation of split frequencies: 0.024342

   286000 -- (-124288.156) (-124283.281) [-124289.788] (-124309.530) * (-124254.851) (-124293.867) [-124242.245] (-124298.721) -- 2:51:17
   287000 -- [-124277.284] (-124298.534) (-124293.857) (-124290.097) * (-124264.711) (-124297.619) [-124241.188] (-124306.779) -- 2:50:28
   288000 -- [-124279.115] (-124306.865) (-124285.038) (-124292.403) * (-124254.818) (-124303.018) [-124242.648] (-124297.502) -- 2:49:40
   289000 -- [-124271.402] (-124296.286) (-124292.393) (-124288.337) * (-124255.157) (-124293.654) [-124236.682] (-124302.365) -- 2:48:53
   290000 -- [-124282.792] (-124306.440) (-124294.834) (-124292.597) * (-124244.936) (-124305.498) [-124239.718] (-124310.877) -- 2:48:05

   Average standard deviation of split frequencies: 0.024697

   291000 -- (-124287.177) (-124306.216) [-124290.359] (-124280.682) * (-124236.017) (-124301.750) [-124248.574] (-124302.996) -- 2:47:18
   292000 -- (-124289.777) (-124293.491) [-124286.865] (-124290.959) * (-124233.700) (-124292.559) [-124238.254] (-124308.883) -- 2:46:30
   293000 -- (-124295.707) (-124299.333) [-124283.912] (-124306.153) * (-124236.003) (-124299.223) [-124241.908] (-124305.823) -- 2:45:42
   294000 -- (-124298.124) (-124292.125) [-124278.230] (-124313.370) * (-124252.469) (-124302.524) [-124244.467] (-124289.584) -- 2:44:55
   295000 -- (-124289.502) (-124279.548) [-124281.429] (-124297.615) * (-124230.309) (-124311.395) [-124240.062] (-124306.858) -- 2:44:07

   Average standard deviation of split frequencies: 0.025329

   296000 -- (-124289.913) [-124278.428] (-124296.967) (-124298.553) * [-124234.695] (-124288.454) (-124242.472) (-124287.060) -- 2:43:19
   297000 -- (-124297.053) [-124284.512] (-124304.704) (-124289.847) * (-124241.295) (-124283.579) [-124244.398] (-124292.444) -- 2:42:31
   298000 -- (-124293.583) [-124276.318] (-124286.049) (-124289.928) * (-124243.611) (-124293.262) [-124234.006] (-124289.762) -- 2:41:43
   299000 -- (-124287.543) [-124267.572] (-124278.141) (-124305.789) * [-124242.977] (-124295.753) (-124244.268) (-124304.965) -- 2:40:55
   300000 -- (-124302.540) [-124274.483] (-124286.334) (-124303.061) * (-124257.719) (-124299.367) [-124240.950] (-124293.788) -- 2:40:07

   Average standard deviation of split frequencies: 0.026508

   301000 -- (-124307.979) [-124272.665] (-124286.187) (-124308.798) * (-124255.051) (-124285.158) [-124244.816] (-124288.066) -- 2:39:19
   302000 -- (-124303.569) [-124271.470] (-124288.417) (-124296.514) * (-124249.891) (-124288.978) [-124233.403] (-124312.704) -- 2:38:31
   303000 -- (-124287.095) [-124285.091] (-124293.943) (-124306.881) * (-124243.249) (-124295.821) [-124239.851] (-124291.047) -- 2:37:43
   304000 -- (-124306.529) [-124291.269] (-124282.296) (-124299.412) * (-124242.046) (-124299.449) [-124246.056] (-124307.273) -- 2:36:55
   305000 -- (-124295.602) (-124287.536) [-124282.577] (-124298.500) * (-124246.278) (-124299.885) [-124244.886] (-124299.321) -- 2:36:08

   Average standard deviation of split frequencies: 0.027024

   306000 -- (-124286.618) [-124290.728] (-124288.180) (-124284.704) * (-124249.042) (-124290.737) [-124229.405] (-124296.885) -- 2:35:20
   307000 -- (-124283.001) [-124289.253] (-124294.354) (-124248.712) * (-124244.918) (-124306.490) [-124228.927] (-124289.917) -- 2:34:33
   308000 -- (-124309.109) [-124285.157] (-124287.713) (-124247.412) * (-124261.344) (-124312.214) [-124239.245] (-124284.114) -- 2:33:45
   309000 -- (-124297.706) [-124276.343] (-124281.159) (-124238.589) * (-124255.634) (-124294.096) [-124242.608] (-124301.683) -- 2:32:58
   310000 -- (-124290.314) [-124280.053] (-124289.205) (-124257.190) * (-124248.671) (-124291.572) [-124225.428] (-124281.763) -- 2:32:11

   Average standard deviation of split frequencies: 0.027530

   311000 -- (-124298.420) [-124275.839] (-124294.565) (-124266.256) * (-124235.796) (-124290.522) [-124240.577] (-124292.140) -- 2:31:22
   312000 -- (-124315.188) [-124284.029] (-124294.883) (-124251.621) * (-124254.858) (-124285.956) [-124235.302] (-124293.933) -- 2:30:35
   313000 -- (-124301.739) [-124269.916] (-124282.681) (-124254.658) * (-124244.262) (-124295.529) [-124243.141] (-124324.322) -- 2:29:47
   314000 -- (-124299.670) [-124276.804] (-124284.511) (-124238.624) * [-124228.817] (-124296.436) (-124239.372) (-124300.757) -- 2:29:00
   315000 -- (-124297.811) [-124298.447] (-124276.276) (-124260.441) * (-124246.127) (-124294.185) [-124230.562] (-124299.537) -- 2:28:12

   Average standard deviation of split frequencies: 0.027783

   316000 -- (-124296.241) [-124287.556] (-124301.211) (-124252.779) * (-124248.693) (-124297.517) [-124242.933] (-124298.455) -- 2:27:24
   317000 -- (-124298.643) [-124275.857] (-124290.881) (-124244.956) * [-124237.303] (-124296.884) (-124251.832) (-124300.919) -- 2:26:37
   318000 -- (-124312.100) (-124287.069) (-124296.071) [-124246.697] * (-124255.443) (-124292.401) [-124233.291] (-124293.541) -- 2:25:50
   319000 -- (-124299.767) (-124291.363) (-124283.208) [-124246.209] * (-124252.412) (-124299.504) [-124240.595] (-124289.560) -- 2:25:01
   320000 -- (-124288.105) [-124298.935] (-124280.694) (-124244.881) * (-124255.124) (-124305.579) [-124246.359] (-124297.630) -- 2:24:14

   Average standard deviation of split frequencies: 0.027825

   321000 -- (-124305.404) [-124293.219] (-124290.222) (-124253.170) * (-124253.311) (-124302.657) [-124238.191] (-124305.772) -- 2:23:26
   322000 -- (-124290.855) (-124281.007) (-124291.862) [-124245.225] * (-124247.119) (-124310.439) [-124238.417] (-124314.800) -- 2:22:38
   323000 -- (-124275.044) [-124281.345] (-124283.859) (-124266.992) * (-124251.458) (-124298.273) [-124235.593] (-124322.010) -- 2:21:51
   324000 -- (-124289.391) [-124275.514] (-124287.321) (-124254.785) * (-124243.387) (-124293.104) [-124256.092] (-124325.131) -- 2:21:03
   325000 -- (-124286.860) [-124291.748] (-124317.170) (-124250.632) * (-124246.745) (-124283.817) [-124245.721] (-124309.535) -- 2:20:15

   Average standard deviation of split frequencies: 0.027631

   326000 -- (-124291.326) [-124288.270] (-124312.009) (-124266.418) * [-124243.731] (-124302.514) (-124250.141) (-124313.495) -- 2:19:27
   327000 -- (-124295.495) [-124278.913] (-124286.326) (-124273.096) * [-124240.922] (-124290.192) (-124253.613) (-124324.793) -- 2:18:39
   328000 -- (-124294.147) [-124283.287] (-124291.905) (-124263.126) * [-124236.726] (-124314.019) (-124252.265) (-124321.889) -- 2:17:52
   329000 -- (-124300.779) [-124284.050] (-124290.975) (-124250.221) * (-124246.349) (-124290.318) [-124252.262] (-124313.404) -- 2:17:04
   330000 -- (-124289.091) (-124296.335) [-124287.639] (-124264.401) * (-124239.763) (-124305.484) [-124243.242] (-124323.880) -- 2:16:17

   Average standard deviation of split frequencies: 0.027943

   331000 -- [-124282.909] (-124290.479) (-124282.438) (-124267.408) * (-124244.035) (-124299.416) [-124243.370] (-124329.803) -- 2:15:29
   332000 -- (-124279.051) [-124278.186] (-124289.100) (-124256.919) * [-124242.576] (-124296.015) (-124248.327) (-124306.464) -- 2:14:42
   333000 -- (-124280.761) [-124282.375] (-124294.351) (-124265.675) * (-124244.960) (-124282.284) [-124245.231] (-124315.845) -- 2:13:55
   334000 -- (-124294.606) [-124284.666] (-124285.578) (-124257.772) * (-124247.686) (-124298.841) [-124236.734] (-124309.331) -- 2:13:07
   335000 -- (-124305.868) (-124286.512) (-124277.846) [-124234.519] * (-124244.316) (-124302.219) [-124228.475] (-124303.781) -- 2:12:19

   Average standard deviation of split frequencies: 0.028138

   336000 -- (-124302.612) (-124273.803) (-124285.856) [-124249.492] * (-124246.948) (-124290.881) [-124237.263] (-124311.577) -- 2:11:32
   337000 -- (-124299.213) (-124285.691) [-124285.052] (-124252.543) * (-124246.158) (-124303.434) [-124244.273] (-124322.827) -- 2:10:43
   338000 -- (-124310.933) (-124298.063) (-124292.505) [-124245.803] * (-124250.458) (-124298.979) [-124237.295] (-124314.928) -- 2:09:56
   339000 -- (-124291.154) (-124311.703) (-124298.945) [-124246.513] * (-124243.319) (-124292.674) [-124230.415] (-124301.878) -- 2:09:07
   340000 -- (-124291.314) [-124285.432] (-124295.452) (-124242.844) * (-124255.749) (-124286.739) [-124232.349] (-124303.788) -- 2:08:20

   Average standard deviation of split frequencies: 0.028119

   341000 -- (-124297.059) (-124290.419) (-124304.903) [-124241.445] * [-124244.840] (-124288.681) (-124251.004) (-124294.026) -- 2:07:32
   342000 -- (-124311.775) (-124290.715) (-124302.532) [-124240.232] * [-124252.205] (-124290.833) (-124256.022) (-124294.635) -- 2:06:45
   343000 -- (-124297.396) (-124290.240) (-124313.270) [-124240.132] * (-124237.463) (-124288.614) [-124236.397] (-124312.052) -- 2:05:57
   344000 -- (-124298.967) [-124279.648] (-124296.627) (-124259.194) * (-124245.257) (-124304.037) [-124226.947] (-124297.488) -- 2:05:08
   345000 -- (-124301.854) (-124288.913) (-124284.706) [-124255.207] * (-124235.503) (-124286.771) [-124235.138] (-124304.372) -- 2:04:21

   Average standard deviation of split frequencies: 0.028415

   346000 -- (-124300.865) [-124285.912] (-124279.278) (-124251.357) * (-124242.496) (-124290.330) [-124242.426] (-124296.842) -- 2:03:33
   347000 -- (-124296.570) (-124282.903) (-124308.879) [-124242.439] * [-124236.984] (-124281.760) (-124242.138) (-124294.809) -- 2:02:45
   348000 -- (-124294.463) [-124282.317] (-124301.828) (-124239.388) * (-124239.330) (-124288.802) [-124247.810] (-124293.347) -- 2:01:56
   349000 -- (-124303.717) [-124302.422] (-124291.129) (-124244.791) * (-124238.944) (-124290.131) [-124236.278] (-124296.187) -- 2:01:09
   350000 -- (-124299.790) (-124293.727) (-124293.131) [-124241.864] * (-124242.001) (-124273.949) [-124238.767] (-124303.134) -- 2:00:21

   Average standard deviation of split frequencies: 0.028134

   351000 -- (-124311.382) (-124291.034) (-124293.190) [-124241.511] * (-124237.620) (-124293.387) [-124244.108] (-124320.017) -- 1:59:34
   352000 -- (-124300.757) (-124293.220) (-124295.271) [-124246.625] * [-124234.854] (-124293.371) (-124235.254) (-124310.704) -- 1:58:45
   353000 -- (-124311.538) [-124276.468] (-124292.591) (-124251.904) * [-124234.305] (-124295.013) (-124235.518) (-124306.445) -- 1:57:58
   354000 -- (-124315.677) [-124279.858] (-124291.852) (-124257.270) * (-124243.295) (-124293.031) [-124234.239] (-124306.275) -- 1:57:10
   355000 -- (-124314.754) [-124294.648] (-124322.279) (-124247.964) * [-124234.308] (-124292.141) (-124234.043) (-124311.105) -- 1:56:22

   Average standard deviation of split frequencies: 0.027569

   356000 -- (-124306.528) (-124289.361) (-124307.600) [-124247.228] * (-124243.859) (-124283.574) [-124231.549] (-124312.512) -- 1:55:34
   357000 -- (-124312.444) (-124282.487) (-124295.358) [-124240.738] * [-124256.809] (-124294.660) (-124228.626) (-124289.685) -- 1:54:46
   358000 -- (-124296.648) [-124278.282] (-124298.161) (-124244.834) * [-124246.104] (-124291.394) (-124239.979) (-124289.384) -- 1:53:58
   359000 -- (-124314.300) (-124286.211) (-124288.074) [-124244.509] * (-124244.080) (-124296.083) [-124238.166] (-124305.563) -- 1:53:10
   360000 -- (-124328.891) (-124278.417) [-124291.840] (-124245.661) * (-124258.779) (-124286.023) [-124237.593] (-124307.600) -- 1:52:22

   Average standard deviation of split frequencies: 0.027393

   361000 -- (-124319.268) (-124305.527) [-124284.779] (-124264.085) * (-124244.513) (-124292.541) [-124244.838] (-124313.642) -- 1:51:35
   362000 -- (-124322.284) (-124295.128) (-124285.309) [-124250.117] * [-124240.953] (-124285.127) (-124242.343) (-124294.733) -- 1:50:47
   363000 -- (-124312.284) (-124293.573) (-124283.846) [-124241.593] * (-124242.075) (-124300.298) [-124240.491] (-124291.428) -- 1:49:59
   364000 -- (-124302.306) (-124295.699) [-124280.692] (-124252.907) * (-124270.554) (-124288.271) [-124243.114] (-124283.839) -- 1:49:11
   365000 -- (-124302.550) (-124291.546) (-124284.648) [-124255.665] * (-124254.458) (-124302.600) [-124246.063] (-124297.649) -- 1:48:23

   Average standard deviation of split frequencies: 0.027519

   366000 -- (-124295.639) (-124292.773) (-124283.164) [-124258.921] * (-124263.879) (-124303.089) [-124240.472] (-124291.031) -- 1:47:35
   367000 -- (-124286.437) (-124280.583) [-124286.936] (-124266.352) * (-124251.374) (-124298.110) [-124232.499] (-124303.967) -- 1:46:47
   368000 -- (-124284.749) (-124290.767) [-124280.971] (-124253.861) * (-124243.192) (-124300.465) [-124230.021] (-124307.252) -- 1:45:59
   369000 -- (-124299.397) [-124271.086] (-124287.784) (-124255.817) * (-124244.929) (-124298.539) [-124226.828] (-124285.325) -- 1:45:11
   370000 -- (-124296.868) (-124279.222) (-124308.568) [-124250.593] * (-124239.557) (-124295.918) [-124229.925] (-124304.522) -- 1:44:23

   Average standard deviation of split frequencies: 0.028024

   371000 -- (-124287.938) (-124279.925) (-124301.715) [-124252.133] * (-124228.865) (-124308.172) [-124235.959] (-124300.613) -- 1:43:35
   372000 -- (-124288.227) [-124284.333] (-124300.430) (-124250.884) * (-124251.745) (-124289.312) [-124241.025] (-124311.223) -- 1:42:48
   373000 -- (-124311.813) (-124284.928) (-124290.034) [-124241.320] * (-124245.861) (-124285.760) [-124229.665] (-124305.604) -- 1:42:00
   374000 -- (-124286.999) [-124298.168] (-124286.250) (-124246.629) * (-124251.977) (-124296.417) [-124230.492] (-124296.650) -- 1:41:11
   375000 -- (-124284.526) (-124301.504) (-124278.136) [-124238.316] * (-124240.024) (-124305.536) [-124230.072] (-124304.621) -- 1:40:24

   Average standard deviation of split frequencies: 0.027718

   376000 -- (-124291.945) (-124286.037) (-124288.759) [-124240.158] * (-124250.306) (-124316.028) [-124227.775] (-124292.611) -- 1:39:35
   377000 -- (-124297.974) (-124298.107) (-124284.835) [-124243.707] * (-124243.683) (-124317.074) [-124243.033] (-124301.384) -- 1:38:48
   378000 -- (-124297.903) (-124305.102) (-124293.411) [-124237.006] * (-124247.940) (-124304.220) [-124236.825] (-124293.431) -- 1:38:00
   379000 -- (-124298.811) (-124292.533) (-124280.448) [-124248.541] * (-124248.273) (-124316.487) [-124247.915] (-124292.056) -- 1:37:12
   380000 -- (-124306.043) (-124288.366) (-124277.617) [-124232.493] * (-124259.268) (-124300.813) [-124236.264] (-124284.863) -- 1:36:24

   Average standard deviation of split frequencies: 0.027473

   381000 -- (-124317.363) (-124275.997) (-124306.824) [-124229.413] * (-124241.529) (-124301.212) [-124247.732] (-124286.239) -- 1:35:36
   382000 -- (-124327.250) (-124285.480) (-124294.334) [-124248.137] * [-124232.861] (-124300.077) (-124251.477) (-124296.462) -- 1:34:48
   383000 -- (-124317.564) (-124287.192) (-124288.818) [-124242.428] * (-124237.696) (-124282.927) [-124243.412] (-124309.462) -- 1:34:00
   384000 -- (-124308.382) (-124288.609) (-124289.414) [-124238.610] * [-124248.317] (-124289.586) (-124252.898) (-124302.970) -- 1:33:12
   385000 -- (-124285.762) (-124279.292) (-124284.910) [-124241.980] * (-124252.166) (-124311.159) [-124245.301] (-124296.088) -- 1:32:24

   Average standard deviation of split frequencies: 0.027512

   386000 -- (-124295.559) (-124306.419) (-124289.329) [-124233.544] * (-124251.820) (-124310.066) [-124252.049] (-124279.542) -- 1:31:36
   387000 -- (-124293.641) (-124279.468) (-124287.574) [-124234.673] * (-124245.886) (-124298.243) [-124232.942] (-124293.234) -- 1:30:48
   388000 -- (-124301.746) (-124286.067) (-124300.056) [-124240.688] * [-124231.374] (-124299.256) (-124235.073) (-124303.050) -- 1:30:00
   389000 -- (-124289.643) (-124294.931) (-124300.602) [-124234.530] * [-124240.983] (-124285.362) (-124229.558) (-124289.188) -- 1:29:11
   390000 -- (-124293.768) (-124278.362) (-124282.851) [-124231.083] * (-124237.080) (-124278.543) [-124235.421] (-124296.586) -- 1:28:23

   Average standard deviation of split frequencies: 0.027396

   391000 -- (-124302.830) (-124291.369) (-124298.740) [-124248.725] * [-124238.098] (-124307.603) (-124241.990) (-124302.883) -- 1:27:35
   392000 -- (-124305.483) (-124290.155) (-124291.841) [-124243.149] * (-124243.011) (-124301.005) [-124235.760] (-124295.066) -- 1:26:47
   393000 -- (-124288.592) (-124281.215) (-124288.666) [-124234.779] * (-124241.927) (-124300.670) [-124239.894] (-124286.790) -- 1:25:59
   394000 -- (-124280.177) (-124278.017) (-124286.356) [-124247.575] * [-124247.845] (-124291.432) (-124241.471) (-124303.317) -- 1:25:11
   395000 -- (-124296.300) (-124286.028) (-124294.510) [-124246.276] * (-124245.249) (-124300.682) [-124247.704] (-124298.787) -- 1:24:23

   Average standard deviation of split frequencies: 0.027536

   396000 -- (-124288.144) [-124289.143] (-124298.953) (-124242.353) * (-124246.808) (-124289.202) [-124240.516] (-124305.813) -- 1:23:35
   397000 -- (-124293.069) (-124286.104) (-124304.329) [-124238.091] * (-124258.982) (-124295.041) [-124229.800] (-124313.331) -- 1:22:47
   398000 -- (-124288.473) (-124282.473) (-124296.444) [-124246.584] * (-124246.213) (-124300.898) [-124238.648] (-124317.937) -- 1:21:59
   399000 -- (-124289.043) (-124281.016) (-124295.593) [-124241.751] * [-124242.075] (-124282.275) (-124253.884) (-124306.920) -- 1:21:11
   400000 -- (-124294.802) [-124287.047] (-124303.922) (-124242.232) * (-124243.889) (-124289.982) [-124252.281] (-124305.964) -- 1:20:23

   Average standard deviation of split frequencies: 0.027708

   401000 -- (-124298.246) [-124298.610] (-124285.999) (-124253.689) * (-124251.013) (-124292.546) [-124254.294] (-124299.846) -- 1:19:35
   402000 -- (-124298.281) (-124284.534) (-124306.603) [-124237.674] * (-124262.830) (-124287.102) [-124252.343] (-124310.531) -- 1:18:47
   403000 -- (-124301.588) (-124284.102) (-124281.126) [-124232.905] * (-124250.625) (-124308.332) [-124246.057] (-124296.004) -- 1:17:59
   404000 -- (-124316.109) (-124277.259) (-124285.630) [-124236.282] * [-124235.172] (-124296.858) (-124245.769) (-124303.193) -- 1:17:11
   405000 -- (-124312.711) (-124296.759) (-124279.794) [-124248.139] * (-124242.769) (-124294.448) [-124242.374] (-124310.400) -- 1:16:22

   Average standard deviation of split frequencies: 0.027984

   406000 -- (-124310.246) (-124291.212) (-124295.031) [-124243.191] * (-124232.578) (-124295.867) [-124242.831] (-124305.442) -- 1:15:34
   407000 -- (-124321.464) (-124280.138) (-124295.871) [-124243.572] * [-124228.627] (-124296.838) (-124241.172) (-124305.753) -- 1:14:46
   408000 -- (-124320.768) (-124286.961) (-124287.361) [-124240.119] * [-124232.609] (-124298.395) (-124255.924) (-124300.414) -- 1:13:58
   409000 -- (-124319.165) [-124281.141] (-124274.832) (-124256.458) * (-124242.808) (-124293.628) [-124249.369] (-124290.021) -- 1:13:10
   410000 -- (-124324.197) [-124285.767] (-124281.435) (-124260.610) * [-124239.817] (-124298.158) (-124261.762) (-124302.202) -- 1:12:22

   Average standard deviation of split frequencies: 0.028315

   411000 -- (-124310.915) (-124306.531) (-124279.080) [-124254.778] * (-124242.003) (-124292.459) [-124245.164] (-124293.625) -- 1:11:34
   412000 -- (-124300.629) (-124283.491) (-124285.430) [-124232.640] * [-124230.628] (-124284.691) (-124247.604) (-124301.571) -- 1:10:46
   413000 -- (-124307.534) [-124297.887] (-124304.987) (-124244.745) * (-124242.985) (-124298.369) [-124238.665] (-124300.131) -- 1:09:58
   414000 -- (-124307.668) (-124280.941) (-124299.543) [-124243.418] * (-124255.041) (-124286.946) [-124239.167] (-124297.353) -- 1:09:10
   415000 -- (-124295.392) (-124294.509) (-124297.931) [-124231.540] * (-124242.610) (-124291.465) [-124243.264] (-124320.896) -- 1:08:22

   Average standard deviation of split frequencies: 0.028380

   416000 -- (-124292.413) (-124286.891) (-124285.081) [-124246.721] * (-124255.691) (-124288.937) [-124227.633] (-124313.664) -- 1:07:34
   417000 -- (-124305.454) (-124278.132) (-124301.729) [-124238.749] * (-124257.627) (-124299.474) [-124230.097] (-124300.192) -- 1:06:45
   418000 -- (-124300.398) (-124291.243) (-124291.169) [-124237.109] * (-124248.581) (-124319.003) [-124232.542] (-124302.869) -- 1:05:57
   419000 -- (-124320.979) (-124293.426) (-124285.568) [-124238.833] * (-124240.524) (-124296.691) [-124240.229] (-124300.979) -- 1:05:09
   420000 -- (-124317.759) (-124280.148) (-124285.846) [-124240.847] * (-124252.517) (-124276.136) [-124250.024] (-124294.021) -- 1:04:21

   Average standard deviation of split frequencies: 0.028297

   421000 -- (-124336.341) (-124286.132) (-124288.060) [-124242.596] * [-124242.069] (-124296.185) (-124234.252) (-124294.338) -- 1:03:33
   422000 -- (-124314.645) (-124294.773) (-124282.835) [-124238.392] * (-124244.667) (-124294.024) [-124234.380] (-124293.707) -- 1:02:45
   423000 -- (-124295.751) (-124282.543) (-124291.779) [-124229.356] * (-124238.960) (-124294.304) [-124245.608] (-124297.642) -- 1:01:56
   424000 -- (-124312.260) (-124290.653) (-124280.625) [-124230.582] * (-124244.419) (-124290.415) [-124232.250] (-124299.112) -- 1:01:08
   425000 -- (-124313.458) (-124289.800) (-124290.080) [-124239.168] * (-124248.835) (-124282.371) [-124239.147] (-124306.769) -- 1:00:20

   Average standard deviation of split frequencies: 0.028233

   426000 -- (-124311.362) (-124296.191) (-124289.794) [-124244.621] * [-124244.422] (-124283.620) (-124262.227) (-124303.971) -- 0:59:32
   427000 -- (-124294.630) (-124300.396) (-124278.168) [-124245.750] * (-124243.300) (-124292.538) [-124234.933] (-124291.225) -- 0:58:43
   428000 -- (-124306.986) (-124301.292) (-124281.683) [-124237.380] * (-124237.732) (-124288.554) [-124236.984] (-124314.671) -- 0:57:55
   429000 -- (-124289.344) (-124295.004) (-124288.926) [-124241.153] * [-124244.324] (-124283.904) (-124237.305) (-124307.367) -- 0:57:07
   430000 -- (-124291.159) (-124304.130) (-124283.942) [-124237.553] * [-124241.930] (-124291.961) (-124252.331) (-124312.623) -- 0:56:19

   Average standard deviation of split frequencies: 0.028035

   431000 -- (-124289.615) (-124288.999) (-124312.512) [-124233.266] * (-124252.531) (-124295.732) [-124243.270] (-124319.977) -- 0:55:31
   432000 -- (-124287.370) (-124294.976) (-124312.299) [-124238.710] * [-124241.323] (-124284.107) (-124246.608) (-124313.336) -- 0:54:42
   433000 -- (-124299.162) (-124259.545) (-124284.321) [-124223.942] * [-124245.885] (-124288.532) (-124248.338) (-124304.276) -- 0:53:54
   434000 -- (-124292.153) [-124238.206] (-124294.505) (-124236.777) * (-124240.963) (-124300.152) [-124246.725] (-124302.980) -- 0:53:06
   435000 -- (-124314.175) [-124229.099] (-124301.574) (-124239.866) * (-124242.097) (-124296.815) [-124239.359] (-124292.249) -- 0:52:18

   Average standard deviation of split frequencies: 0.027805

   436000 -- (-124299.770) [-124231.636] (-124306.181) (-124230.911) * (-124249.171) (-124305.650) [-124236.605] (-124292.665) -- 0:51:29
   437000 -- (-124286.315) [-124247.089] (-124294.453) (-124243.476) * (-124252.291) (-124303.171) [-124231.681] (-124298.235) -- 0:50:41
   438000 -- (-124285.377) [-124239.050] (-124312.842) (-124246.678) * (-124247.849) (-124296.256) [-124229.333] (-124301.587) -- 0:49:53
   439000 -- (-124308.786) [-124240.420] (-124294.951) (-124254.953) * (-124259.632) (-124295.895) [-124227.457] (-124298.545) -- 0:49:05
   440000 -- (-124294.610) [-124238.780] (-124304.488) (-124232.589) * (-124240.099) (-124288.613) [-124240.997] (-124304.348) -- 0:48:16

   Average standard deviation of split frequencies: 0.027423

   441000 -- (-124294.889) [-124228.357] (-124300.167) (-124248.584) * [-124225.326] (-124292.273) (-124238.278) (-124308.872) -- 0:47:28
   442000 -- (-124308.323) [-124242.875] (-124290.875) (-124253.083) * (-124230.010) (-124276.278) [-124239.098] (-124305.988) -- 0:46:40
   443000 -- (-124303.959) [-124230.861] (-124296.393) (-124241.143) * [-124236.075] (-124303.017) (-124237.827) (-124307.355) -- 0:45:52
   444000 -- (-124307.725) [-124223.287] (-124281.268) (-124236.315) * (-124261.383) (-124293.941) [-124230.896] (-124311.105) -- 0:45:04
   445000 -- (-124320.330) [-124230.421] (-124282.279) (-124254.361) * (-124237.867) (-124302.742) [-124236.098] (-124301.589) -- 0:44:16

   Average standard deviation of split frequencies: 0.026919

   446000 -- (-124314.763) [-124244.505] (-124279.300) (-124237.577) * (-124238.917) (-124290.111) [-124232.641] (-124291.871) -- 0:43:27
   447000 -- (-124310.236) [-124238.722] (-124285.632) (-124239.677) * (-124229.206) (-124303.918) [-124226.212] (-124303.773) -- 0:42:39
   448000 -- (-124286.496) [-124229.856] (-124292.870) (-124249.092) * (-124249.060) (-124293.082) [-124229.724] (-124310.148) -- 0:41:51
   449000 -- (-124292.090) [-124232.014] (-124314.468) (-124263.928) * (-124244.052) (-124293.870) [-124243.530] (-124314.923) -- 0:41:03
   450000 -- (-124300.224) [-124230.997] (-124294.223) (-124252.817) * (-124255.302) (-124297.641) [-124240.892] (-124305.493) -- 0:40:15

   Average standard deviation of split frequencies: 0.026850

   451000 -- (-124291.641) [-124227.024] (-124294.526) (-124255.861) * (-124245.938) (-124298.698) [-124242.574] (-124314.543) -- 0:39:26
   452000 -- (-124286.640) [-124239.039] (-124282.847) (-124261.395) * (-124234.491) (-124290.991) [-124254.335] (-124291.312) -- 0:38:38
   453000 -- (-124277.569) [-124239.303] (-124288.458) (-124258.423) * (-124241.850) (-124288.879) [-124258.253] (-124288.567) -- 0:37:50
   454000 -- (-124298.138) [-124245.685] (-124294.427) (-124257.504) * (-124235.605) (-124295.417) [-124234.951] (-124294.844) -- 0:37:02
   455000 -- (-124293.343) [-124244.559] (-124296.612) (-124239.183) * (-124236.227) (-124297.274) [-124227.979] (-124296.330) -- 0:36:13

   Average standard deviation of split frequencies: 0.026965

   456000 -- (-124299.589) [-124244.403] (-124285.703) (-124248.296) * (-124230.166) (-124305.834) [-124226.042] (-124297.099) -- 0:35:25
   457000 -- (-124288.540) [-124237.759] (-124291.550) (-124249.877) * (-124240.945) (-124291.395) [-124234.622] (-124302.973) -- 0:34:37
   458000 -- (-124279.202) [-124242.124] (-124292.188) (-124254.751) * (-124239.919) (-124305.739) [-124244.440] (-124310.290) -- 0:33:49
   459000 -- (-124282.665) [-124235.328] (-124285.631) (-124241.821) * (-124246.857) (-124313.230) [-124236.535] (-124306.838) -- 0:33:00
   460000 -- (-124307.693) [-124238.604] (-124300.131) (-124248.053) * (-124255.331) (-124304.240) [-124231.073] (-124287.738) -- 0:32:12

   Average standard deviation of split frequencies: 0.027220

   461000 -- (-124289.410) [-124247.888] (-124288.428) (-124257.554) * [-124239.989] (-124287.221) (-124244.745) (-124292.939) -- 0:31:24
   462000 -- (-124289.619) [-124234.475] (-124306.870) (-124236.541) * [-124238.487] (-124285.850) (-124251.330) (-124309.507) -- 0:30:36
   463000 -- (-124289.627) [-124236.692] (-124292.024) (-124245.395) * (-124241.013) (-124281.572) [-124234.665] (-124310.370) -- 0:29:48
   464000 -- (-124311.550) [-124236.496] (-124292.171) (-124262.620) * (-124239.228) (-124283.928) [-124243.377] (-124317.229) -- 0:28:59
   465000 -- (-124301.737) [-124238.029] (-124293.867) (-124236.515) * (-124235.473) (-124277.095) [-124234.749] (-124313.546) -- 0:28:11

   Average standard deviation of split frequencies: 0.027196

   466000 -- (-124306.938) [-124238.472] (-124301.555) (-124236.456) * (-124228.729) (-124301.318) [-124236.895] (-124302.830) -- 0:27:23
   467000 -- (-124301.231) [-124227.471] (-124319.049) (-124242.851) * [-124236.617] (-124292.400) (-124238.885) (-124306.635) -- 0:26:34
   468000 -- (-124301.010) [-124231.860] (-124296.117) (-124227.431) * (-124232.222) (-124282.300) [-124231.961] (-124300.324) -- 0:25:46
   469000 -- (-124310.822) [-124251.411] (-124300.180) (-124239.767) * (-124245.234) (-124297.596) [-124235.626] (-124307.349) -- 0:24:58
   470000 -- (-124302.857) [-124247.058] (-124301.276) (-124245.568) * [-124236.016] (-124295.153) (-124249.452) (-124303.489) -- 0:24:10

   Average standard deviation of split frequencies: 0.027266

   471000 -- (-124292.231) [-124234.128] (-124287.158) (-124228.962) * [-124239.623] (-124293.710) (-124258.880) (-124318.763) -- 0:23:21
   472000 -- (-124285.599) (-124248.148) (-124290.942) [-124228.195] * [-124228.139] (-124296.267) (-124258.737) (-124309.145) -- 0:22:33
   473000 -- (-124299.595) (-124245.800) (-124287.149) [-124232.623] * [-124228.219] (-124288.154) (-124241.459) (-124298.598) -- 0:21:45
   474000 -- (-124283.719) (-124247.510) (-124295.764) [-124238.270] * (-124235.123) (-124302.200) [-124235.035] (-124297.556) -- 0:20:56
   475000 -- (-124287.977) (-124248.947) (-124301.345) [-124246.857] * (-124242.787) (-124292.484) [-124231.751] (-124298.415) -- 0:20:08

   Average standard deviation of split frequencies: 0.027212

   476000 -- (-124288.124) [-124236.605] (-124297.366) (-124246.443) * (-124243.189) (-124307.255) [-124232.488] (-124300.574) -- 0:19:20
   477000 -- (-124300.837) (-124242.538) (-124314.858) [-124235.210] * (-124245.130) (-124295.996) [-124241.015] (-124286.788) -- 0:18:31
   478000 -- (-124291.309) [-124237.272] (-124296.760) (-124237.971) * (-124247.352) (-124294.451) [-124245.972] (-124297.100) -- 0:17:43
   479000 -- (-124288.427) (-124244.659) (-124298.595) [-124235.129] * [-124243.257] (-124299.321) (-124253.181) (-124326.950) -- 0:16:55
   480000 -- (-124321.491) (-124247.372) (-124279.055) [-124244.357] * (-124242.181) (-124296.372) [-124241.284] (-124300.929) -- 0:16:06

   Average standard deviation of split frequencies: 0.027019

   481000 -- (-124286.218) [-124249.355] (-124283.085) (-124241.332) * (-124248.527) (-124280.036) [-124249.364] (-124304.639) -- 0:15:18
   482000 -- (-124291.899) [-124240.801] (-124294.511) (-124241.464) * [-124240.310] (-124288.475) (-124244.338) (-124301.204) -- 0:14:30
   483000 -- (-124297.950) [-124237.183] (-124299.679) (-124235.211) * (-124247.997) (-124264.478) [-124231.194] (-124314.537) -- 0:13:41
   484000 -- (-124299.406) [-124238.305] (-124293.024) (-124232.776) * (-124246.207) (-124248.254) [-124235.105] (-124305.743) -- 0:12:53
   485000 -- (-124299.174) [-124242.439] (-124291.101) (-124242.179) * (-124248.014) (-124265.160) [-124236.638] (-124290.487) -- 0:12:05

   Average standard deviation of split frequencies: 0.026561

   486000 -- (-124291.203) [-124234.413] (-124303.644) (-124249.070) * (-124237.027) (-124244.078) [-124261.580] (-124287.690) -- 0:11:17
   487000 -- (-124286.611) [-124225.987] (-124281.614) (-124251.317) * (-124245.004) (-124251.967) [-124260.147] (-124301.426) -- 0:10:28
   488000 -- (-124303.745) [-124232.256] (-124290.207) (-124254.167) * (-124235.762) (-124242.384) [-124240.715] (-124306.983) -- 0:09:40
   489000 -- (-124262.752) [-124252.768] (-124282.462) (-124256.034) * (-124245.738) (-124237.069) [-124231.585] (-124289.765) -- 0:08:52
   490000 -- (-124268.365) [-124232.984] (-124289.240) (-124253.137) * (-124245.967) (-124249.331) [-124250.194] (-124307.084) -- 0:08:03

   Average standard deviation of split frequencies: 0.026227

   491000 -- (-124256.357) [-124244.093] (-124287.241) (-124242.773) * (-124240.060) (-124249.595) [-124249.369] (-124305.048) -- 0:07:15
   492000 -- (-124246.197) (-124236.694) (-124289.822) [-124234.958] * (-124237.438) (-124239.164) [-124238.655] (-124315.415) -- 0:06:26
   493000 -- (-124237.000) [-124233.184] (-124294.508) (-124243.086) * (-124241.540) (-124256.511) [-124236.573] (-124303.494) -- 0:05:38
   494000 -- (-124242.766) [-124237.871] (-124282.005) (-124242.356) * (-124240.337) (-124245.119) [-124233.346] (-124300.065) -- 0:04:50
   495000 -- (-124245.289) [-124230.221] (-124290.414) (-124234.928) * (-124242.797) (-124247.257) [-124241.608] (-124308.169) -- 0:04:01

   Average standard deviation of split frequencies: 0.026424

   496000 -- (-124234.861) [-124231.888] (-124292.510) (-124230.221) * (-124243.025) (-124246.910) [-124237.275] (-124323.572) -- 0:03:13
   497000 -- (-124251.146) [-124234.273] (-124296.638) (-124245.243) * (-124243.202) (-124248.896) [-124238.883] (-124309.583) -- 0:02:25
   498000 -- (-124246.067) [-124239.315] (-124302.570) (-124246.745) * (-124242.795) (-124258.384) [-124228.474] (-124315.043) -- 0:01:36
   499000 -- (-124246.494) [-124236.160] (-124307.458) (-124243.994) * (-124245.128) (-124232.729) [-124230.071] (-124295.589) -- 0:00:48
   500000 -- (-124240.523) [-124228.324] (-124289.916) (-124241.083) * (-124249.900) (-124243.193) [-124233.746] (-124311.362) -- 0:00:00

   Average standard deviation of split frequencies: 0.026243

   Continue with analysis? (yes/no):       Additional number of generations: 

   Analysis completed in 6 hours 43 mins 14 seconds
   Analysis used 24044.42 seconds of CPU time
   Likelihood of best state for "cold" chain of run 1 was -124219.23
   Likelihood of best state for "cold" chain of run 2 was -124221.08

   Acceptance rates for the moves in the "cold" chain of run 1:
      With prob.   (last 100)   chain accepted proposals by move
          0.2 %     (  0 %)     ExtSPRClock(Tau,V)
          0.6 %     (  0 %)     NNIClock(Tau,V)
          0.2 %     (  0 %)     ParsSPRClock(Tau,V)
         25.4 %     ( 31 %)     NodesliderClock(V)
         53.6 %     ( 37 %)     TreeStretch(V)
         68.4 %     ( 48 %)     Multiplier(Net_speciation)
          0.1 %     (  0 %)     Slider(Relative_extinction)
         77.7 %     ( 66 %)     Multiplier(IGRvar)
         29.8 %     ( 25 %)     Multiplier(IgrBrlens)
          8.9 %     ( 18 %)     Multiplier(Clockrate)

   Acceptance rates for the moves in the "cold" chain of run 2:
      With prob.   (last 100)   chain accepted proposals by move
          0.2 %     (  0 %)     ExtSPRClock(Tau,V)
          0.6 %     (  0 %)     NNIClock(Tau,V)
          0.2 %     (  0 %)     ParsSPRClock(Tau,V)
         25.5 %     ( 31 %)     NodesliderClock(V)
         54.7 %     ( 26 %)     TreeStretch(V)
         69.9 %     ( 56 %)     Multiplier(Net_speciation)
          0.1 %     (  0 %)     Slider(Relative_extinction)
         77.0 %     ( 70 %)     Multiplier(IGRvar)
         30.0 %     ( 19 %)     Multiplier(IgrBrlens)
          8.7 %     ( 19 %)     Multiplier(Clockrate)

   Chain swap information for run 1:

               1      2      3      4 
        ------------------------------
      1 |          0.37   0.10   0.02 
      2 |  83471          0.39   0.11 
      3 |  83229  83002          0.45 
      4 |  83565  83268  83465        

   Chain swap information for run 2:

               1      2      3      4 
        ------------------------------
      1 |          0.35   0.05   0.01 
      2 |  83857          0.26   0.07 
      3 |  83051  83348          0.42 
      4 |  83346  82800  83598        

   Upper diagonal: Proportion of successful state exchanges between chains
   Lower diagonal: Number of attempted state exchanges between chains

   Chain information:

     ID -- Heat 
    -----------
      1 -- 1.00  (cold chain)
      2 -- 0.91 
      3 -- 0.83 
      4 -- 0.77 

   Heat = 1 / (1 + T * (ID - 1))
      (where T = 0.10 is the temperature and ID is the chain number)


   Could not read command from stdin; quitting

   Deleting previously defined characters
   Deleting previously defined taxa
   Quitting program

