AllBzSVU has 2768 Non-Missing characters
AllBzVAD has 3234 Non-Missing characters
AllRoDU has 2960 Non-Missing characters
AllRoRD has 3299 Non-Missing characters
Allmacelroy has 1085 Non-Missing characters
AltLiz has 2038 Non-Missing characters
BothGPH has 3031 Non-Missing characters
BothJaLSZZ has 2671 Non-Missing characters
BothJaOBD has 3419 Non-Missing characters
BothJaSVD has 3770 Non-Missing characters
BothJaVAD has 3660 Non-Missing characters
BothMSH has 1066 Non-Missing characters
BothPara_w has 1230 Non-Missing characters
BothPmorini has 1502 Non-Missing characters
BothRoCMU has 3353 Non-Missing characters
BothRoODH has 3406 Non-Missing characters
BothSVD has 3633 Non-Missing characters
BothVhilg_shim has 2489 Non-Missing characters
Chlorica has 1504 Non-Missing characters
Cylindroleberidinae has 2888 Non-Missing characters
Dstev_ENA has 4760 Non-Missing characters
EGD_Niko has 3287 Non-Missing characters
FatWhiteEye has 3052 Non-Missing characters
Gigantocypris has 2495 Non-Missing characters
GlovSkog has 1305 Non-Missing characters
Gruber_Pannecohenae has 3702 Non-Missing characters
JaAU_S56 has 3364 Non-Missing characters
JaWLU_S67 has 3777 Non-Missing characters
JaWTF_S54 has 3641 Non-Missing characters
Jp_Melavar22 has 638 Non-Missing characters
Korn_hast_c has 3518 Non-Missing characters
LIRSCyp1 has 1719 Non-Missing characters
LIRSCyp2 has 2190 Non-Missing characters
LongWhiteEye has 2439 Non-Missing characters
NOL_Niko has 3757 Non-Missing characters
PMMFU has 3410 Non-Missing characters
PSKO has 2389 Non-Missing characters
RO-AG_S10 has 3633 Non-Missing characters
ROWLU_2018 has 1722 Non-Missing characters
RoIR_S66 has 3735 Non-Missing characters
SFM_Niko has 3790 Non-Missing characters
Vhilg has 2158 Non-Missing characters
Vtsu has 3859 Non-Missing characters
WhiteVanessaLIRS has 3255 Non-Missing characters
curacao has 2933 Non-Missing characters
jpcyp2b has 1616 Non-Missing characters

SPECIES:
Number of species with 4 or more genefamilies/partitions: 46
Species list: AllBzSVU AllBzVAD AllRoDU AllRoRD Allmacelroy AltLiz BothGPH BothJaLSZZ BothJaOBD BothJaSVD BothJaVAD BothMSH BothPara_w BothPmorini BothRoCMU BothRoODH BothSVD BothVhilg_shim Chlorica Cylindroleberidinae Dstev_ENA EGD_Niko FatWhiteEye Gigantocypris GlovSkog Gruber_Pannecohenae JaAU_S56 JaWLU_S67 JaWTF_S54 Jp_Melavar22 Korn_hast_c LIRSCyp1 LIRSCyp2 LongWhiteEye NOL_Niko PMMFU PSKO RO-AG_S10 ROWLU_2018 RoIR_S66 SFM_Niko Vhilg Vtsu WhiteVanessaLIRS curacao jpcyp2b



PARTITIONS/GENE FAMILIES:
Number genefamilies/partitions longer than 100 characters and present in at least 4 genefamilies/partitions: 10
OG0002075 Length:253
OG0002084 Length:1322
OG0002729 Length:415
OG0002846 Length:1033
OG0002956 Length:536
OG0003162 Length:675
OG0003447 Length:365
OG0003932 Length:402
OG0004896 Length:437
OG0005212 Length:408

MODELS:
All partitions set to GTR (no model LUT supplied)



                            MrBayes 3.2.7a x86_64

                      (Bayesian Analysis of Phylogeny)

              Distributed under the GNU General Public License


               Type "help" or "help <command>" for information
                     on the commands that are available.

                   Type "about" for authorship and general
                       information about the program.



   Executing file "clock_concat.nex"
   UNIX line termination
   Longest line length = 91
   Parsing file
   Expecting NEXUS formatted file
   Reading data block
      Allocated taxon set
      Allocated matrix
      Defining new matrix with 46 taxa and 5846 characters
      Data is Protein
      Missing data coded as ?
      Gaps coded as -
      Taxon  1 -> AllBzSVU
      Taxon  2 -> AllBzVAD
      Taxon  3 -> AllRoDU
      Taxon  4 -> AllRoRD
      Taxon  5 -> Allmacelroy
      Taxon  6 -> AltLiz
      Taxon  7 -> BothGPH
      Taxon  8 -> BothJaLSZZ
      Taxon  9 -> BothJaOBD
      Taxon 10 -> BothJaSVD
      Taxon 11 -> BothJaVAD
      Taxon 12 -> BothMSH
      Taxon 13 -> BothPara_w
      Taxon 14 -> BothPmorini
      Taxon 15 -> BothRoCMU
      Taxon 16 -> BothRoODH
      Taxon 17 -> BothSVD
      Taxon 18 -> BothVhilg_shim
      Taxon 19 -> Chlorica
      Taxon 20 -> Cylindroleberidinae
      Taxon 21 -> Dstev_ENA
      Taxon 22 -> EGD_Niko
      Taxon 23 -> FatWhiteEye
      Taxon 24 -> Gigantocypris
      Taxon 25 -> GlovSkog
      Taxon 26 -> Gruber_Pannecohenae
      Taxon 27 -> JaAU_S56
      Taxon 28 -> JaWLU_S67
      Taxon 29 -> JaWTF_S54
      Taxon 30 -> Jp_Melavar22
      Taxon 31 -> Korn_hast_c
      Taxon 32 -> LIRSCyp1
      Taxon 33 -> LIRSCyp2
      Taxon 34 -> LongWhiteEye
      Taxon 35 -> NOL_Niko
      Taxon 36 -> PMMFU
      Taxon 37 -> PSKO
      Taxon 38 -> RO_AG_S10
      Taxon 39 -> ROWLU_2018
      Taxon 40 -> RoIR_S66
      Taxon 41 -> SFM_Niko
      Taxon 42 -> Vhilg
      Taxon 43 -> Vtsu
      Taxon 44 -> WhiteVanessaLIRS
      Taxon 45 -> curacao
      Taxon 46 -> jpcyp2b
      Successfully read matrix
      Setting default partition (does not divide up characters)
      Setting model defaults
      Seed (for generating default start values) = 1617507562
      Setting output file names to "clock_concat.nex.run<i>.<p|t>"
   Exiting data block
   Reached end of file


   Executing file "clockgenes.partitions.nex"
   UNIX line termination
   Longest line length = 111
   Parsing file
   Expecting NEXUS formatted file
   Reading mrbayes block
      Defining charset called 'OG0002110'
      Defining charset called 'OG0002445'
      Defining charset called 'OG0002953'
      Defining charset called 'OG0003093'
      Defining charset called 'OG0003508'
      Defining charset called 'OG0003971'
      Defining charset called 'OG0004555'
      Defining charset called 'OG0006132'
      Defining partition called 'by_gene'
      Character 3425 not included in partition
      Error in command "Partition"
      The error occurred when reading char. 110-110 on line 12
         in the file 'clockgenes.partitions.nex'

   Returning execution to command line ...

   Error in command "Execute"


   Setting Clockratepr to Lognormal(-7.00,0.60)
   Successfully set prior model parameters


   Setting Clockvarpr to TK02
   Successfully set prior model parameters


   Setting TK02varpr to Exponential(1.00)
   Successfully set prior model parameters


   Setting Clockvarpr to IGR
   Successfully set prior model parameters


   Setting IGRvarpr to Exponential(10.00)
   Successfully set prior model parameters


   Setting outgroup to taxon "Dstev_ENA"


   Defining constraint called 'myodocopida'


   Setting age of constraint node 'myodocopida' to Offsetexponential(443.80,509.00)


   Setting Nodeagepr to Calibrated
   Successfully set prior model parameters


   Setting Brlenspr to Clock:Birthdeath
   Successfully set prior model parameters


   Setting SampleStrat to Diversity
   Successfully set prior model parameters


   Setting Sampleprob to 0.00010000
   Successfully set prior model parameters


   Setting Extinctionpr to Beta(1.00,1.00)
   Successfully set prior model parameters


   Setting Treeagepr to Uniform(443.80,509.00)
   Successfully set prior model parameters


   Setting number of runs to 2
   Setting number of chains to 4
   Setting number of generations to 500000
   Setting sample frequency to 100
   Setting 'Starttree' to "Parsimony"
   Setting chain output file names to "clock_concat.nex.run<i>.<p/t>"
   Successfully set chain parameters


   Setting print frequency to 1000
   Setting diagnosing frequency to 5000
   Setting chain output file names to "aauniclock.run<i>.<p/t>"
   Successfully set chain parameters


   Setting Topologypr to Constraints
   Successfully set prior model parameters


   Running Markov chain
   MCMC stamp = 2056364123
   Seed = 475298828
   Swapseed = 1617507562
   Model settings:

      Data not partitioned --
         Datatype  = Protein
         Aamodel   = Poisson
                     Substitution rates are fixed to be equal
         Covarion  = No
         # States  = 20
                     State frequencies are fixed to be equal
         Rates     = Equal

   Active parameters: 

      Parameters
      ---------------------
      Statefreq           1
      Ratemultiplier      2
      Topology            3
      Brlens              4
      Speciationrate      5
      Extinctionrate      6
      Aamodel             7
      IGRvar              8
      IGRbranchrates      9
      Clockrate          10
      ---------------------

      1 --  Parameter  = Pi
            Type       = Stationary state frequencies
            Prior      = Fixed (equal frequencies)

      2 --  Parameter  = Ratemultiplier
            Type       = Partition-specific rate multiplier
            Prior      = Fixed(1.0)

      3 --  Parameter  = Tau
            Type       = Topology
            Prior      = Prior on topology obeys the following constraints:
                         -- Hard constraint "myodocopida"
            Subparam.  = V

      4 --  Parameter  = V
            Type       = Branch lengths
            Prior      = Clock:Birthdeath
                         Node depths are calibrated by the following age constraint:
                         -- The age of node 'myodocopida' is Offsetexponential(443.80,509.00)
                         -- Tree age has a Uniform(443.80,509.00) distribution
            Subparam.  = IgrBrlens

      5 --  Parameter  = Net_speciation
            Type       = Speciation rate
            Prior      = Exponential(10.00)

      6 --  Parameter  = Relative_extinction
            Type       = Extinction rate
            Prior      = Beta(1.00,1.00)

      7 --  Parameter  = Aamodel
            Type       = Aminoacid model
            Prior      = Fixed(Poisson)

      8 --  Parameter  = IGRvar
            Type       = Variance of IGR model branch rates
            Prior      = Exponential(10.00)
            Subparam.  = IgrBrlens

      9 --  Parameter  = IgrBrlens
            Type       = Branch lengths of IGR relaxed clock
            Prior      = Gamma (expectation = 1.0, variance = IGRvar) 

     10 --  Parameter  = Clockrate
            Type       = Base rate of clock
            Prior      = Lognormal(-7.00,0.60)
                         The clock rate varies according to an independent gamma model



   The MCMC sampler will use the following moves:
      With prob.  Chain will use move
         7.09 %   ExtSPRClock(Tau,V)
        14.18 %   NNIClock(Tau,V)
         3.55 %   ParsSPRClock(Tau,V)
        28.37 %   NodesliderClock(V)
         2.13 %   TreeStretch(V)
         2.13 %   Multiplier(Net_speciation)
         2.13 %   Slider(Relative_extinction)
         1.42 %   Multiplier(IGRvar)
        35.46 %   Multiplier(IgrBrlens)
         3.55 %   Multiplier(Clockrate)

   Division 1 has 4302 unique site patterns
   Initializing conditional likelihoods
   Using standard SSE likelihood calculator for division 1 (single-precision)
   Rebuilding starting trees using random addition sequences and parsimony
   Tree Tau is constrained and parsimony-based starting trees are not implemented for constrained trees (yet)

   Initial log likelihoods and log prior probs for run 1:
      Chain 1 -- -135314.093583 -- -1979.239046
      Chain 2 -- -137733.066054 -- -1912.345948
      Chain 3 -- -135877.332728 -- -1427.098906
      Chain 4 -- -137309.729408 -- -1676.613898

   Initial log likelihoods and log prior probs for run 2:
      Chain 1 -- -132224.979891 -- -2254.334045
      Chain 2 -- -136507.698754 -- -1504.542890
      Chain 3 -- -136327.478520 -- -1905.606668
      Chain 4 -- -134090.945800 -- -1466.079434


   There are results from a previous run saved using the same filename(s).
   Do you want to overwrite these results? (yes/no): 
   Overwriting file "aauniclock.mcmc"
   Overwriting file "aauniclock.run1.p"
   Overwriting file "aauniclock.run1.t"
   Overwriting file "aauniclock.run2.p"
   Overwriting file "aauniclock.run2.t"

   Using a relative burnin of 25.0 % for diagnostics

   Chain results (500000 generations requested):

       0 -- [-135314.094] (-137733.066) (-135877.333) (-137309.729) * [-132224.980] (-136507.699) (-136327.479) (-134090.946) 
    1000 -- (-102568.803) (-106934.533) (-100125.241) [-96409.004] * [-97219.594] (-108290.267) (-102766.024) (-108706.883) -- 4:34:27
    2000 -- (-87731.181) (-92583.048) (-90560.114) [-87485.893] * [-88056.387] (-94753.295) (-93590.241) (-94572.212) -- 4:29:45
    3000 -- (-84741.719) (-85250.286) (-84771.932) [-84148.682] * [-83845.090] (-84140.750) (-86625.935) (-86483.955) -- 4:27:49
    4000 -- (-83417.746) [-82841.552] (-83059.386) (-82867.633) * (-83008.106) [-82848.197] (-83776.243) (-83870.814) -- 4:26:36
    5000 -- (-82323.585) (-82447.530) (-82440.401) [-82150.212] * (-82517.951) [-82249.388] (-82414.588) (-82820.329) -- 4:24:00

   Average standard deviation of split frequencies: 0.148557

    6000 -- (-82121.300) (-82077.566) (-82220.066) [-81907.012] * (-82126.308) (-81950.576) [-81957.302] (-82270.437) -- 4:20:43
    7000 -- (-81891.969) (-81902.701) (-81858.825) [-81715.388] * (-81874.269) (-81803.544) [-81788.117] (-81801.073) -- 4:19:24
    8000 -- (-81712.685) [-81583.341] (-81712.624) (-81632.446) * (-81725.064) (-81686.098) [-81612.916] (-81613.798) -- 4:17:16
    9000 -- (-81635.937) [-81489.896] (-81587.773) (-81520.021) * (-81600.120) (-81519.926) (-81529.120) [-81368.111] -- 4:14:35
   10000 -- (-81589.662) [-81445.332] (-81499.608) (-81468.890) * (-81484.305) (-81441.554) (-81448.695) [-81243.426] -- 4:13:10

   Average standard deviation of split frequencies: 0.107374

   11000 -- (-81445.630) [-81395.536] (-81425.925) (-81448.971) * (-81351.859) (-81163.004) (-81369.044) [-81127.652] -- 4:11:10
   12000 -- (-81340.996) [-81286.194] (-81371.514) (-81397.692) * (-81124.786) (-81084.057) (-81318.108) [-81043.222] -- 4:10:06
   13000 -- (-81302.425) [-81140.064] (-81362.061) (-81345.009) * (-81023.731) (-80975.036) (-81302.805) [-80924.666] -- 4:08:29
   14000 -- (-81289.550) [-81031.418] (-81349.950) (-81306.661) * (-80929.761) (-80882.896) (-81298.840) [-80810.873] -- 4:07:03
   15000 -- (-81271.171) [-80994.379] (-81309.704) (-81291.001) * (-80875.488) (-80800.217) (-81260.546) [-80785.153] -- 4:05:44

   Average standard deviation of split frequencies: 0.083252

   16000 -- (-81250.124) [-80947.531] (-81294.995) (-81273.840) * (-80841.969) (-80768.616) (-81258.304) [-80763.814] -- 4:04:31
   17000 -- (-81245.115) [-80896.183] (-81279.406) (-81254.432) * (-80797.442) (-80746.470) (-81257.098) [-80741.161] -- 4:03:23
   18000 -- (-81234.714) [-80893.956] (-81243.670) (-81222.929) * (-80770.685) (-80755.577) (-81135.758) [-80748.355] -- 4:02:47
   19000 -- (-81221.738) [-80881.401] (-81231.543) (-81201.309) * (-80768.016) (-80737.088) (-81053.025) [-80722.250] -- 4:01:45
   20000 -- (-81210.068) [-80868.979] (-81221.722) (-81206.504) * (-80756.766) (-80750.142) (-80965.078) [-80702.149] -- 4:00:48

   Average standard deviation of split frequencies: 0.067042

   21000 -- (-81189.204) [-80861.632] (-81244.165) (-81209.009) * (-80742.188) (-80747.778) (-80915.257) [-80704.814] -- 3:59:52
   22000 -- (-81196.597) [-80853.769] (-81225.162) (-81207.414) * (-80735.238) (-80730.047) (-80890.124) [-80713.027] -- 3:59:00
   23000 -- (-81175.984) [-80850.773] (-81186.208) (-81208.897) * (-80740.523) (-80721.307) (-80890.687) [-80689.855] -- 3:58:09
   24000 -- (-81183.150) [-80844.864] (-81086.353) (-81210.849) * (-80725.918) (-80722.746) (-80879.345) [-80703.421] -- 3:57:20
   25000 -- (-81190.324) [-80856.690] (-80989.977) (-81197.803) * (-80729.700) (-80719.291) (-80886.767) [-80698.330] -- 3:56:33

   Average standard deviation of split frequencies: 0.047931

   26000 -- (-81185.176) [-80841.529] (-80897.785) (-81192.586) * (-80725.790) (-80730.954) (-80876.366) [-80689.636] -- 3:55:47
   27000 -- (-81183.566) [-80836.759] (-80880.570) (-81211.324) * (-80743.561) (-80715.772) (-80873.733) [-80688.632] -- 3:55:19
   28000 -- (-81177.791) [-80843.930] (-80891.798) (-81196.758) * (-80734.719) (-80707.376) (-80858.184) [-80693.243] -- 3:54:35
   29000 -- (-81198.215) [-80831.001] (-80883.268) (-81211.546) * (-80741.090) (-80712.673) (-80850.030) [-80682.968] -- 3:54:08
   30000 -- (-81187.657) [-80840.800] (-80876.348) (-81197.093) * (-80711.359) (-80723.152) (-80859.623) [-80676.984] -- 3:53:41

   Average standard deviation of split frequencies: 0.036633

   31000 -- (-81198.157) [-80837.203] (-80873.621) (-81182.434) * (-80717.385) (-80708.663) (-80853.592) [-80687.321] -- 3:52:59
   32000 -- (-81186.225) [-80841.483] (-80861.699) (-81182.773) * (-80704.801) (-80712.490) (-80850.881) [-80678.226] -- 3:52:32
   33000 -- (-81186.795) [-80839.774] (-80858.343) (-81192.562) * (-80707.472) (-80706.767) (-80854.782) [-80677.687] -- 3:51:50
   34000 -- (-81186.182) [-80839.972] (-80850.155) (-81197.498) * (-80691.764) (-80713.916) (-80848.607) [-80678.623] -- 3:51:24
   35000 -- (-81192.169) [-80830.036] (-80841.707) (-81211.417) * (-80703.178) (-80721.262) (-80854.087) [-80695.428] -- 3:50:57

   Average standard deviation of split frequencies: 0.032369

   36000 -- (-81191.317) [-80833.956] (-80836.915) (-81200.467) * (-80694.352) (-80729.925) (-80869.047) [-80696.759] -- 3:50:29
   37000 -- (-81189.219) (-80833.788) [-80833.434] (-81208.467) * (-80708.920) (-80721.657) (-80873.153) [-80680.018] -- 3:49:49
   38000 -- (-81172.481) (-80844.633) [-80841.297] (-81187.997) * (-80705.856) (-80722.505) (-80895.981) [-80672.962] -- 3:49:10
   39000 -- (-81183.512) (-80851.179) [-80841.438] (-81183.797) * (-80695.927) (-80711.768) (-80863.927) [-80672.048] -- 3:48:43
   40000 -- (-81174.310) (-80847.383) [-80831.143] (-81198.923) * (-80688.462) (-80723.245) (-80855.171) [-80686.447] -- 3:48:05

   Average standard deviation of split frequencies: 0.035385

   41000 -- (-81187.106) [-80836.891] (-80828.901) (-81212.072) * (-80698.573) (-80709.534) (-80857.882) [-80687.647] -- 3:47:38
   42000 -- (-81195.115) (-80855.466) [-80838.974] (-81194.591) * (-80683.894) (-80701.735) (-80857.076) [-80683.916] -- 3:47:00
   43000 -- (-81205.952) (-80852.531) [-80838.403] (-81184.930) * (-80682.378) (-80712.577) (-80860.288) [-80700.983] -- 3:46:22
   44000 -- (-81187.345) (-80838.093) [-80831.993] (-81184.289) * (-80685.867) (-80714.409) (-80855.089) [-80692.243] -- 3:45:55
   45000 -- (-81187.849) (-80841.883) [-80830.612] (-81192.086) * (-80684.489) (-80707.620) (-80854.249) [-80678.074] -- 3:45:18

   Average standard deviation of split frequencies: 0.034651

   46000 -- (-81192.032) (-80839.611) [-80839.087] (-81196.510) * (-80690.475) (-80714.661) (-80860.741) [-80682.527] -- 3:44:41
   47000 -- (-81177.787) [-80835.629] (-80835.136) (-81190.488) * (-80692.378) (-80718.472) (-80862.950) [-80668.403] -- 3:44:05
   48000 -- (-81193.734) (-80849.399) [-80841.722] (-81191.237) * (-80685.508) (-80707.911) (-80851.174) [-80678.586] -- 3:43:29
   49000 -- (-81171.776) (-80839.567) [-80838.550] (-81216.566) * (-80685.380) (-80705.140) (-80830.512) [-80674.983] -- 3:42:53
   50000 -- (-81178.366) (-80846.041) [-80823.997] (-81215.530) * (-80678.067) (-80716.601) (-80842.438) [-80671.930] -- 3:42:27

   Average standard deviation of split frequencies: 0.033889

   51000 -- (-81183.907) (-80848.596) [-80826.503] (-81206.735) * (-80676.262) (-80708.716) (-80845.973) [-80685.508] -- 3:41:51
   52000 -- (-81180.839) (-80858.651) [-80840.641] (-81209.878) * (-80693.278) (-80737.510) (-80846.177) [-80687.368] -- 3:41:24
   53000 -- (-81185.449) (-80850.540) [-80830.386] (-81183.113) * (-80692.067) (-80715.133) (-80864.841) [-80686.975] -- 3:40:58
   54000 -- (-81197.086) [-80856.532] (-80836.900) (-81185.962) * (-80678.825) (-80729.401) (-80855.308) [-80690.919] -- 3:40:23
   55000 -- (-81187.796) (-80827.305) [-80844.822] (-81205.008) * (-80697.672) (-80733.043) (-80851.046) [-80686.940] -- 3:39:48

   Average standard deviation of split frequencies: 0.032800

   56000 -- (-81180.481) [-80842.818] (-80851.305) (-81192.975) * (-80691.689) (-80714.873) (-80850.696) [-80675.997] -- 3:39:21
   57000 -- (-81183.628) (-80856.394) [-80835.788] (-81178.132) * (-80696.111) (-80707.346) (-80857.046) [-80681.728] -- 3:38:39
   58000 -- (-81186.431) (-80852.757) [-80843.834] (-81200.090) * (-80703.424) (-80703.625) (-80860.216) [-80690.116] -- 3:38:04
   59000 -- (-81175.974) (-80842.628) [-80835.526] (-81192.435) * (-80689.679) (-80712.033) (-80844.112) [-80694.457] -- 3:37:38
   60000 -- (-81187.601) [-80831.936] (-80835.329) (-81190.291) * (-80698.382) (-80744.088) (-80846.230) [-80675.189] -- 3:37:04

   Average standard deviation of split frequencies: 0.033113

   61000 -- (-81168.851) [-80825.200] (-80835.882) (-81197.142) * (-80696.584) (-80734.154) (-80854.469) [-80683.929] -- 3:36:37
   62000 -- (-81179.572) (-80846.255) [-80830.078] (-81185.259) * (-80688.202) (-80717.361) (-80838.634) [-80686.667] -- 3:36:10
   63000 -- (-81173.045) (-80843.510) [-80839.016] (-81193.254) * (-80691.867) (-80717.366) (-80848.531) [-80680.487] -- 3:35:36
   64000 -- (-81184.814) [-80842.099] (-80845.699) (-81185.156) * (-80696.975) (-80709.155) (-80849.832) [-80687.854] -- 3:35:02
   65000 -- (-81185.817) (-80843.990) [-80843.418] (-81168.383) * (-80692.376) (-80716.344) (-80854.770) [-80689.566] -- 3:34:29

   Average standard deviation of split frequencies: 0.035399

   66000 -- (-81183.784) (-80845.066) [-80849.839] (-81175.508) * (-80696.259) (-80713.927) (-80845.812) [-80689.827] -- 3:33:55
   67000 -- (-81185.477) (-80848.654) [-80843.970] (-81181.141) * (-80695.847) (-80702.209) (-80844.258) [-80681.111] -- 3:33:22
   68000 -- (-81178.665) (-80844.265) [-80842.018] (-81186.873) * (-80696.732) (-80718.757) (-80857.079) [-80684.466] -- 3:32:49
   69000 -- (-81182.591) (-80842.073) [-80841.456] (-81188.993) * (-80691.887) (-80711.485) (-80847.515) [-80676.792] -- 3:32:16
   70000 -- (-80992.847) [-80709.967] (-80837.667) (-81182.981) * (-80687.119) (-80712.271) (-80842.030) [-80688.196] -- 3:31:43

   Average standard deviation of split frequencies: 0.034603

   71000 -- (-80933.051) [-80698.200] (-80836.320) (-81169.705) * (-80683.254) (-80731.759) (-80847.224) [-80706.432] -- 3:31:10
   72000 -- (-80851.310) [-80687.031] (-80843.552) (-81214.435) * (-80689.031) (-80717.226) (-80868.088) [-80687.441] -- 3:30:43
   73000 -- (-80845.080) [-80687.944] (-80839.361) (-81195.281) * (-80691.487) (-80715.042) (-80854.693) [-80690.071] -- 3:30:11
   74000 -- (-80857.947) [-80689.893] (-80841.779) (-81195.653) * (-80707.224) (-80722.053) (-80849.459) [-80678.074] -- 3:29:44
   75000 -- (-80852.468) [-80700.648] (-80850.119) (-81201.562) * (-80699.505) (-80713.641) (-80853.297) [-80679.765] -- 3:29:11

   Average standard deviation of split frequencies: 0.036358

   76000 -- (-80846.173) [-80689.351] (-80833.031) (-81200.250) * (-80701.865) (-80715.440) (-80856.649) [-80681.066] -- 3:28:44
   77000 -- (-80849.549) [-80683.009] (-80843.610) (-81203.996) * (-80687.140) (-80713.360) (-80857.362) [-80688.944] -- 3:28:12
   78000 -- (-80847.220) [-80679.260] (-80849.453) (-81183.498) * (-80681.818) (-80711.002) (-80851.516) [-80680.014] -- 3:27:45
   79000 -- (-80842.767) [-80679.471] (-80850.875) (-81196.815) * (-80688.455) (-80718.132) (-80871.134) [-80687.224] -- 3:27:12
   80000 -- (-80849.321) [-80691.406] (-80839.065) (-81187.169) * (-80694.280) (-80714.159) (-80846.104) [-80700.112] -- 3:26:40

   Average standard deviation of split frequencies: 0.039179

   81000 -- (-80840.695) [-80687.834] (-80855.037) (-81185.368) * (-80693.503) (-80700.564) (-80838.598) [-80694.260] -- 3:26:13
   82000 -- (-80833.774) [-80685.733] (-80843.431) (-81189.838) * (-80687.139) (-80707.517) (-80853.740) [-80685.186] -- 3:25:41
   83000 -- (-80841.845) [-80686.330] (-80843.047) (-81183.221) * (-80683.380) (-80714.767) (-80863.158) [-80674.116] -- 3:25:09
   84000 -- (-80833.054) [-80687.917] (-80850.802) (-81188.639) * (-80694.923) (-80711.964) (-80861.765) [-80684.412] -- 3:24:36
   85000 -- (-80837.818) [-80672.985] (-80832.288) (-81188.362) * (-80685.212) (-80711.187) (-80853.502) [-80683.084] -- 3:24:04

   Average standard deviation of split frequencies: 0.040656

   86000 -- (-80857.345) [-80673.045] (-80835.279) (-81181.633) * (-80687.679) (-80712.351) (-80851.785) [-80681.325] -- 3:23:37
   87000 -- (-80837.084) [-80685.808] (-80832.088) (-81196.387) * (-80703.300) (-80712.864) (-80848.417) [-80680.252] -- 3:23:05
   88000 -- (-80845.226) [-80680.883] (-80843.484) (-81192.165) * (-80689.421) (-80713.459) (-80842.524) [-80687.002] -- 3:22:34
   89000 -- (-80836.713) [-80678.879] (-80842.163) (-81182.839) * (-80690.323) (-80713.204) (-80857.096) [-80682.211] -- 3:22:06
   90000 -- (-80842.180) [-80689.149] (-80830.333) (-81189.168) * (-80699.079) (-80713.512) (-80833.554) [-80681.268] -- 3:21:35

   Average standard deviation of split frequencies: 0.041527

   91000 -- (-80843.458) [-80685.970] (-80842.793) (-81190.098) * (-80692.748) (-80714.235) (-80862.076) [-80683.538] -- 3:21:03
   92000 -- (-80844.235) [-80680.444] (-80843.337) (-81175.187) * [-80675.092] (-80716.337) (-80854.370) (-80683.364) -- 3:20:31
   93000 -- (-80838.752) [-80694.201] (-80842.776) (-81176.111) * [-80681.609] (-80712.811) (-80843.022) (-80693.923) -- 3:19:55
   94000 -- (-80852.005) [-80682.666] (-80844.335) (-81176.548) * [-80686.245] (-80726.044) (-80839.829) (-80689.303) -- 3:19:28
   95000 -- (-80842.292) [-80683.957] (-80844.606) (-81201.409) * [-80686.628] (-80727.625) (-80855.967) (-80692.235) -- 3:19:01

   Average standard deviation of split frequencies: 0.043238

   96000 -- (-80851.816) [-80683.638] (-80859.484) (-81191.529) * [-80684.635] (-80709.112) (-80857.269) (-80698.794) -- 3:18:33
   97000 -- (-80844.920) [-80682.227] (-80841.119) (-81183.764) * [-80689.022] (-80715.215) (-80849.752) (-80694.337) -- 3:18:02
   98000 -- (-80846.460) [-80684.912] (-80848.081) (-81194.591) * [-80696.796] (-80705.865) (-80855.585) (-80693.349) -- 3:17:30
   99000 -- (-80848.492) [-80690.565] (-80848.926) (-81180.583) * (-80692.849) (-80714.657) (-80863.086) [-80685.771] -- 3:16:59
   100000 -- (-80856.232) [-80682.480] (-80843.087) (-81179.721) * [-80684.283] (-80716.264) (-80855.824) (-80679.807) -- 3:16:28

   Average standard deviation of split frequencies: 0.044592

   101000 -- (-80837.358) [-80688.508] (-80847.746) (-81190.431) * [-80685.717] (-80711.111) (-80876.356) (-80687.651) -- 3:15:56
   102000 -- (-80849.025) [-80685.454] (-80844.945) (-81179.890) * [-80691.608] (-80724.834) (-80853.245) (-80691.883) -- 3:15:29
   103000 -- (-80850.783) [-80692.856] (-80834.548) (-81187.927) * [-80682.970] (-80724.284) (-80875.247) (-80697.821) -- 3:14:58
   104000 -- (-80854.095) [-80687.348] (-80849.072) (-81183.849) * [-80697.058] (-80722.580) (-80861.581) (-80688.311) -- 3:14:26
   105000 -- (-80850.935) [-80683.192] (-80840.335) (-81185.313) * (-80693.135) (-80712.285) (-80773.014) [-80687.013] -- 3:13:55

   Average standard deviation of split frequencies: 0.045957

   106000 -- (-80845.910) [-80677.202] (-80832.944) (-81187.829) * [-80684.184] (-80723.206) (-80762.641) (-80708.445) -- 3:13:20
   107000 -- (-80837.632) [-80683.664] (-80841.428) (-81176.399) * (-80687.989) [-80721.075] (-80715.505) (-80709.274) -- 3:12:49
   108000 -- (-80835.119) [-80691.083] (-80846.932) (-81180.731) * [-80691.736] (-80725.201) (-80716.414) (-80706.965) -- 3:12:22
   109000 -- (-80843.799) [-80677.692] (-80838.388) (-81167.525) * [-80682.498] (-80709.565) (-80692.169) (-80709.892) -- 3:11:51
   110000 -- (-80834.106) [-80685.474] (-80842.223) (-81185.055) * [-80694.354] (-80719.905) (-80699.380) (-80702.997) -- 3:11:20

   Average standard deviation of split frequencies: 0.047666

   111000 -- (-80840.062) [-80674.930] (-80831.222) (-81185.243) * [-80685.108] (-80723.184) (-80708.593) (-80699.298) -- 3:10:52
   112000 -- (-80851.888) [-80693.552] (-80841.928) (-81172.818) * [-80681.133] (-80722.383) (-80694.525) (-80678.391) -- 3:10:21
   113000 -- (-80845.608) [-80686.569] (-80831.049) (-81178.123) * [-80694.952] (-80731.990) (-80684.651) (-80674.420) -- 3:09:50
   114000 -- (-80834.765) [-80697.827] (-80839.596) (-81178.539) * [-80692.716] (-80721.878) (-80692.886) (-80684.184) -- 3:09:16
   115000 -- (-80857.851) [-80687.852] (-80832.427) (-81178.100) * (-80685.725) (-80731.557) [-80683.132] (-80695.921) -- 3:08:49

   Average standard deviation of split frequencies: 0.049426

   116000 -- (-80855.203) [-80687.071] (-80838.528) (-81197.438) * [-80675.098] (-80720.209) (-80694.954) (-80695.109) -- 3:08:18
   117000 -- (-80859.749) [-80685.649] (-80839.750) (-81189.669) * [-80688.747] (-80717.870) (-80698.866) (-80690.629) -- 3:07:47
   118000 -- (-80865.364) [-80696.146] (-80830.946) (-81188.025) * [-80684.226] (-80727.662) (-80695.732) (-80700.555) -- 3:07:16
   119000 -- (-80860.862) [-80683.300] (-80827.732) (-81185.485) * [-80685.292] (-80719.103) (-80679.504) (-80688.754) -- 3:06:45
   120000 -- (-80852.730) [-80683.412] (-80834.850) (-81184.732) * [-80690.954] (-80721.168) (-80690.949) (-80689.285) -- 3:06:15

   Average standard deviation of split frequencies: 0.050612

   121000 -- (-80833.849) [-80687.724] (-80842.863) (-81187.240) * (-80698.010) (-80706.880) (-80692.614) [-80681.680] -- 3:05:44
   122000 -- (-80851.962) [-80681.783] (-80842.439) (-81180.812) * [-80686.724] (-80705.979) (-80701.852) (-80698.927) -- 3:05:13
   123000 -- (-80844.028) [-80686.422] (-80839.725) (-81173.938) * [-80680.622] (-80711.902) (-80693.043) (-80692.249) -- 3:04:40
   124000 -- (-80847.866) [-80693.562] (-80848.145) (-81193.503) * [-80678.244] (-80716.682) (-80676.169) (-80699.040) -- 3:04:09
   125000 -- (-80847.734) [-80685.879] (-80843.492) (-81197.143) * (-80689.272) (-80714.578) [-80688.076] (-80688.379) -- 3:03:36

   Average standard deviation of split frequencies: 0.051753

   126000 -- (-80845.929) [-80688.320] (-80837.305) (-81176.221) * [-80683.145] (-80711.632) (-80682.796) (-80697.038) -- 3:03:05
   127000 -- (-80850.296) [-80674.179] (-80841.617) (-81180.835) * [-80677.792] (-80734.092) (-80683.713) (-80686.574) -- 3:02:32
   128000 -- (-80845.744) [-80689.186] (-80855.702) (-81176.181) * [-80686.604] (-80728.600) (-80683.709) (-80701.274) -- 3:02:01
   129000 -- (-80857.407) [-80677.344] (-80835.127) (-81170.336) * [-80683.727] (-80735.817) (-80692.759) (-80704.279) -- 3:01:31
   130000 -- (-80841.539) [-80685.470] (-80848.973) (-80907.576) * [-80680.159] (-80721.488) (-80698.415) (-80693.415) -- 3:00:58

   Average standard deviation of split frequencies: 0.051951

   131000 -- (-80848.094) [-80687.429] (-80839.539) (-80885.247) * [-80683.580] (-80720.669) (-80704.167) (-80699.926) -- 3:00:24
   132000 -- (-80858.666) [-80675.357] (-80844.088) (-80870.540) * [-80689.225] (-80725.285) (-80709.179) (-80692.073) -- 2:59:51
   133000 -- (-80847.330) [-80686.656] (-80854.331) (-80875.153) * [-80692.266] (-80717.470) (-80689.318) (-80690.377) -- 2:59:21
   134000 -- (-80845.140) [-80679.497] (-80858.684) (-80873.516) * [-80683.153] (-80727.088) (-80696.832) (-80688.869) -- 2:58:51
   135000 -- (-80829.781) [-80683.601] (-80834.140) (-80872.889) * [-80677.974] (-80719.435) (-80692.501) (-80700.973) -- 2:58:21

   Average standard deviation of split frequencies: 0.051617

   136000 -- (-80837.034) [-80678.681] (-80848.428) (-80864.433) * [-80680.640] (-80733.935) (-80684.998) (-80685.957) -- 2:57:48
   137000 -- (-80833.114) [-80680.536] (-80854.216) (-80861.424) * (-80696.797) (-80730.141) [-80673.089] (-80690.564) -- 2:57:15
   138000 -- (-80838.142) [-80685.976] (-80848.066) (-80848.460) * (-80699.247) (-80717.843) (-80690.491) [-80670.429] -- 2:56:45
   139000 -- (-80849.015) [-80692.382] (-80845.926) (-80846.598) * (-80702.779) (-80714.872) (-80691.300) [-80667.014] -- 2:56:12
   140000 -- (-80837.851) [-80683.125] (-80843.232) (-80803.504) * (-80708.630) (-80711.579) (-80692.863) [-80658.894] -- 2:55:42

   Average standard deviation of split frequencies: 0.052581

   141000 -- (-80855.477) [-80684.767] (-80840.827) (-80698.093) * [-80678.115] (-80719.932) (-80690.716) (-80674.452) -- 2:55:12
   142000 -- (-80857.624) [-80686.922] (-80840.072) (-80669.512) * [-80679.865] (-80719.852) (-80697.406) (-80676.499) -- 2:54:40
   143000 -- (-80855.768) [-80697.352] (-80846.791) (-80677.516) * [-80688.124] (-80706.880) (-80703.360) (-80669.175) -- 2:54:10
   144000 -- (-80842.046) [-80697.324] (-80859.956) (-80670.661) * (-80686.517) (-80702.715) (-80700.469) [-80654.766] -- 2:53:40
   145000 -- (-80848.930) [-80681.452] (-80852.918) (-80673.649) * [-80674.755] (-80698.433) (-80696.725) (-80667.503) -- 2:53:10

   Average standard deviation of split frequencies: 0.053091

   146000 -- (-80848.149) [-80672.230] (-80843.665) (-80681.825) * [-80677.912] (-80704.779) (-80691.645) (-80672.103) -- 2:52:38
   147000 -- (-80844.064) [-80681.343] (-80839.972) (-80673.412) * (-80690.554) (-80705.112) (-80687.604) [-80663.597] -- 2:52:08
   148000 -- (-80833.380) [-80686.511] (-80847.101) (-80663.969) * (-80688.193) (-80712.719) (-80709.001) [-80672.972] -- 2:51:36
   149000 -- (-80843.871) (-80692.342) (-80865.882) [-80664.298] * [-80682.034] (-80714.404) (-80698.789) (-80684.395) -- 2:51:06
   150000 -- (-80861.591) [-80678.517] (-80870.438) (-80668.557) * [-80690.586] (-80711.145) (-80703.078) (-80677.838) -- 2:50:36

   Average standard deviation of split frequencies: 0.052258

   151000 -- (-80845.911) [-80681.641] (-80852.546) (-80676.530) * [-80680.040] (-80720.581) (-80695.312) (-80686.628) -- 2:50:06
   152000 -- (-80841.812) [-80677.142] (-80796.061) (-80682.404) * [-80681.063] (-80709.177) (-80679.868) (-80687.449) -- 2:49:36
   153000 -- (-80847.400) [-80691.252] (-80711.822) (-80679.512) * (-80680.797) (-80720.815) (-80683.684) [-80683.163] -- 2:49:04
   154000 -- (-80852.450) (-80686.595) [-80700.361] (-80672.273) * (-80687.345) (-80712.402) [-80680.809] (-80671.037) -- 2:48:34
   155000 -- (-80852.820) (-80676.504) [-80688.623] (-80692.830) * (-80689.763) (-80726.201) [-80681.066] (-80679.549) -- 2:48:05

   Average standard deviation of split frequencies: 0.050195

   156000 -- (-80852.485) [-80688.654] (-80693.592) (-80694.756) * (-80697.269) (-80725.861) (-80688.915) [-80678.011] -- 2:47:33
   157000 -- (-80851.907) [-80688.227] (-80695.540) (-80685.679) * [-80683.478] (-80719.493) (-80687.359) (-80673.876) -- 2:47:03
   158000 -- (-80851.509) [-80679.484] (-80701.903) (-80679.420) * (-80701.885) (-80714.554) (-80680.295) [-80665.734] -- 2:46:31
   159000 -- (-80843.394) (-80690.302) [-80699.836] (-80676.433) * [-80696.759] (-80717.115) (-80699.595) (-80677.138) -- 2:46:01
   160000 -- (-80852.011) [-80681.127] (-80701.347) (-80687.458) * [-80693.702] (-80735.251) (-80696.085) (-80677.549) -- 2:45:32

   Average standard deviation of split frequencies: 0.048498

   161000 -- (-80853.441) [-80674.961] (-80688.265) (-80683.499) * (-80685.748) (-80723.748) (-80683.714) [-80666.902] -- 2:45:00
   162000 -- (-80837.141) [-80688.092] (-80694.708) (-80678.983) * [-80689.966] (-80713.234) (-80705.405) (-80674.725) -- 2:44:28
   163000 -- (-80849.200) [-80687.140] (-80703.561) (-80677.758) * [-80680.861] (-80707.108) (-80694.549) (-80674.400) -- 2:43:57
   164000 -- (-80858.835) [-80683.144] (-80684.887) (-80688.392) * [-80681.618] (-80725.470) (-80685.209) (-80672.948) -- 2:43:27
   165000 -- (-80851.128) (-80691.553) [-80686.945] (-80694.550) * [-80682.415] (-80714.130) (-80691.304) (-80674.013) -- 2:42:55

   Average standard deviation of split frequencies: 0.046414

   166000 -- (-80866.615) (-80681.846) [-80681.155] (-80687.413) * (-80694.538) (-80721.402) (-80681.417) [-80668.326] -- 2:42:26
   167000 -- (-80851.204) (-80697.299) [-80686.195] (-80681.456) * (-80692.140) (-80721.554) (-80687.437) [-80693.495] -- 2:41:54
   168000 -- (-80855.786) (-80683.607) [-80686.464] (-80675.165) * (-80709.765) (-80693.420) (-80691.031) [-80678.316] -- 2:41:25
   169000 -- (-80854.965) (-80691.933) [-80684.725] (-80664.663) * (-80714.342) (-80710.834) (-80700.857) [-80669.766] -- 2:40:55
   170000 -- (-80843.080) (-80693.091) (-80688.912) [-80659.558] * [-80685.246] (-80721.157) (-80694.801) (-80661.816) -- 2:40:26

   Average standard deviation of split frequencies: 0.045399

   171000 -- (-80847.075) (-80689.324) (-80691.355) [-80660.991] * (-80687.544) (-80705.027) [-80687.486] (-80671.904) -- 2:39:54
   172000 -- (-80849.913) (-80696.511) (-80685.441) [-80663.404] * [-80680.411] (-80725.189) (-80686.449) (-80672.262) -- 2:39:25
   173000 -- (-80850.564) (-80689.992) (-80697.652) [-80662.977] * [-80686.010] (-80714.413) (-80694.238) (-80681.511) -- 2:38:55
   174000 -- (-80842.161) (-80690.432) (-80686.019) [-80673.492] * (-80689.136) (-80717.366) [-80689.796] (-80675.973) -- 2:38:26
   175000 -- (-80841.198) (-80687.715) (-80687.650) [-80673.801] * (-80700.939) (-80713.043) [-80681.126] (-80680.407) -- 2:37:55

   Average standard deviation of split frequencies: 0.042320

   176000 -- (-80849.924) (-80689.765) (-80678.643) [-80675.654] * (-80695.465) (-80732.393) [-80684.069] (-80680.141) -- 2:37:25
   177000 -- (-80854.492) (-80692.514) (-80686.165) [-80669.749] * [-80692.125] (-80722.576) (-80690.610) (-80678.481) -- 2:36:56
   178000 -- (-80839.945) (-80692.525) (-80678.915) [-80668.527] * [-80694.829] (-80709.545) (-80680.852) (-80670.057) -- 2:36:25
   179000 -- (-80827.258) (-80711.962) (-80687.090) [-80672.318] * (-80692.724) (-80725.805) (-80688.536) [-80658.601] -- 2:35:55
   180000 -- (-80854.670) (-80720.420) [-80685.614] (-80672.284) * [-80694.639] (-80726.038) (-80698.760) (-80667.908) -- 2:35:26

   Average standard deviation of split frequencies: 0.040746

   181000 -- (-80853.447) (-80695.105) (-80683.302) [-80668.606] * (-80693.642) (-80713.451) (-80689.821) [-80661.161] -- 2:34:56
   182000 -- (-80861.734) (-80712.687) (-80698.010) [-80671.898] * (-80698.812) (-80725.451) (-80707.327) [-80657.915] -- 2:34:25
   183000 -- (-80851.984) (-80693.016) (-80686.366) [-80670.515] * (-80700.153) (-80726.844) [-80678.495] (-80657.848) -- 2:33:54
   184000 -- (-80845.826) (-80702.832) [-80676.212] (-80674.083) * [-80695.297] (-80729.681) (-80679.072) (-80655.221) -- 2:33:23
   185000 -- (-80845.874) (-80696.322) (-80689.145) [-80658.155] * (-80694.404) (-80711.803) (-80695.237) [-80654.945] -- 2:32:54

   Average standard deviation of split frequencies: 0.039112

   186000 -- (-80850.224) (-80693.338) (-80689.740) [-80660.016] * [-80689.202] (-80729.778) (-80689.397) (-80673.403) -- 2:32:23
   187000 -- (-80844.086) (-80691.269) (-80703.333) [-80654.243] * [-80679.051] (-80744.853) (-80690.294) (-80674.106) -- 2:31:53
   188000 -- (-80844.170) (-80701.650) (-80684.706) [-80666.062] * [-80686.317] (-80754.245) (-80682.546) (-80663.979) -- 2:31:22
   189000 -- (-80839.444) (-80698.454) (-80687.874) [-80678.476] * [-80689.704] (-80731.826) (-80702.822) (-80670.396) -- 2:30:53
   190000 -- (-80858.122) (-80689.985) (-80676.577) [-80664.326] * (-80693.753) (-80717.182) [-80688.604] (-80682.410) -- 2:30:24

   Average standard deviation of split frequencies: 0.037218

   191000 -- (-80846.316) (-80706.428) [-80680.744] (-80679.961) * (-80687.036) (-80721.950) [-80695.364] (-80674.115) -- 2:29:54
   192000 -- (-80841.607) (-80710.147) [-80699.647] (-80681.362) * (-80698.022) (-80716.027) [-80688.155] (-80663.044) -- 2:29:25
   193000 -- (-80832.535) (-80711.406) (-80691.993) [-80678.899] * (-80695.001) (-80716.552) [-80683.451] (-80674.104) -- 2:28:54
   194000 -- (-80845.384) (-80687.758) (-80691.057) [-80660.926] * (-80696.807) (-80722.745) [-80679.342] (-80670.282) -- 2:28:23
   195000 -- (-80842.841) (-80687.681) (-80688.804) [-80666.758] * [-80681.973] (-80730.189) (-80674.866) (-80672.296) -- 2:27:54

   Average standard deviation of split frequencies: 0.035632

   196000 -- (-80845.733) (-80690.881) [-80693.138] (-80671.155) * [-80690.056] (-80733.728) (-80695.506) (-80673.840) -- 2:27:23
   197000 -- (-80852.120) (-80693.931) (-80688.663) [-80679.939] * [-80685.604] (-80739.818) (-80688.357) (-80669.136) -- 2:26:53
   198000 -- (-80850.314) (-80689.081) (-80686.905) [-80671.384] * [-80689.696] (-80722.904) (-80694.113) (-80674.062) -- 2:26:23
   199000 -- (-80856.579) (-80696.672) (-80683.443) [-80647.439] * [-80688.468] (-80737.187) (-80691.594) (-80672.657) -- 2:25:53
   200000 -- (-80852.261) (-80707.059) (-80695.486) [-80652.072] * [-80687.093] (-80713.088) (-80686.859) (-80671.177) -- 2:25:24

   Average standard deviation of split frequencies: 0.034772

   201000 -- (-80857.325) (-80704.879) (-80703.863) [-80662.324] * (-80685.385) (-80705.395) (-80678.949) [-80669.633] -- 2:24:53
   202000 -- (-80851.250) (-80697.415) [-80690.294] (-80671.304) * [-80689.869] (-80703.223) (-80691.321) (-80694.360) -- 2:24:25
   203000 -- (-80843.196) (-80700.308) [-80694.982] (-80676.824) * (-80685.847) (-80717.628) (-80675.446) [-80672.929] -- 2:23:54
   204000 -- (-80850.440) (-80696.187) (-80689.328) [-80667.829] * (-80680.679) (-80730.195) (-80682.273) [-80666.739] -- 2:23:25
   205000 -- (-80844.832) (-80685.932) (-80694.211) [-80678.973] * [-80673.409] (-80722.267) (-80688.029) (-80679.542) -- 2:22:56

   Average standard deviation of split frequencies: 0.034191

   206000 -- (-80847.962) (-80697.683) (-80690.484) [-80674.305] * [-80672.173] (-80724.064) (-80694.022) (-80683.480) -- 2:22:25
   207000 -- (-80846.839) (-80678.891) (-80698.418) [-80683.919] * [-80688.213] (-80721.712) (-80688.080) (-80681.147) -- 2:21:55
   208000 -- (-80860.447) (-80682.316) (-80699.560) [-80672.162] * (-80696.124) (-80720.741) (-80691.538) [-80670.395] -- 2:21:24
   209000 -- (-80850.144) (-80682.214) (-80682.156) [-80658.345] * (-80682.431) (-80723.099) [-80681.375] (-80671.868) -- 2:20:54
   210000 -- (-80864.570) (-80677.043) (-80709.303) [-80669.114] * [-80686.472] (-80731.571) (-80698.792) (-80681.409) -- 2:20:23

   Average standard deviation of split frequencies: 0.033540

   211000 -- (-80876.816) (-80696.874) (-80699.823) [-80673.462] * (-80689.884) (-80747.505) [-80675.997] (-80678.684) -- 2:19:53
   212000 -- (-80861.762) (-80692.914) (-80708.561) [-80671.214] * [-80694.089] (-80738.794) (-80693.512) (-80681.091) -- 2:19:22
   213000 -- (-80852.619) (-80695.546) (-80694.439) [-80668.624] * (-80696.868) (-80711.139) (-80693.588) [-80676.088] -- 2:18:52
   214000 -- (-80843.062) (-80713.324) (-80689.134) [-80650.574] * (-80695.779) (-80715.003) [-80677.128] (-80671.342) -- 2:18:23
   215000 -- (-80839.611) (-80696.282) (-80692.307) [-80648.796] * (-80697.613) (-80726.690) (-80680.263) [-80660.241] -- 2:17:52

   Average standard deviation of split frequencies: 0.032066

   216000 -- (-80839.473) (-80696.925) (-80702.923) [-80657.340] * [-80688.093] (-80728.089) (-80688.081) (-80664.597) -- 2:17:22
   217000 -- (-80858.168) (-80703.721) (-80702.734) [-80659.162] * [-80697.486] (-80738.200) (-80698.751) (-80665.497) -- 2:16:53
   218000 -- (-80844.057) (-80701.549) [-80680.103] (-80671.832) * [-80686.928] (-80708.362) (-80685.009) (-80659.477) -- 2:16:23
   219000 -- (-80855.241) (-80688.810) (-80693.207) [-80671.145] * (-80685.668) (-80708.921) (-80692.279) [-80654.172] -- 2:15:52
   220000 -- (-80849.699) (-80693.298) (-80699.350) [-80665.259] * (-80685.373) (-80720.167) (-80699.486) [-80654.120] -- 2:15:22

   Average standard deviation of split frequencies: 0.031372

   221000 -- (-80864.599) (-80695.199) (-80708.884) [-80663.182] * (-80678.126) (-80727.057) (-80698.912) [-80659.394] -- 2:14:52
   222000 -- (-80853.821) (-80692.953) (-80691.978) [-80666.459] * [-80684.343] (-80719.004) (-80710.681) (-80670.988) -- 2:14:22
   223000 -- (-80852.542) (-80695.644) (-80695.789) [-80667.059] * [-80677.405] (-80722.379) (-80698.302) (-80679.264) -- 2:13:53
   224000 -- (-80848.767) (-80694.338) (-80686.109) [-80665.538] * [-80687.832] (-80702.125) (-80699.500) (-80675.716) -- 2:13:24
   225000 -- (-80843.620) (-80692.130) (-80686.672) [-80667.121] * [-80682.548] (-80717.197) (-80695.391) (-80679.707) -- 2:12:53

   Average standard deviation of split frequencies: 0.031278

   226000 -- (-80845.312) (-80694.585) (-80706.145) [-80663.798] * [-80684.851] (-80714.484) (-80679.402) (-80678.147) -- 2:12:23
   227000 -- (-80857.468) (-80681.045) (-80681.163) [-80667.088] * (-80692.878) (-80711.843) (-80717.621) [-80671.162] -- 2:11:53
   228000 -- (-80849.812) [-80688.354] (-80681.604) (-80672.332) * (-80693.550) (-80721.999) (-80691.040) [-80662.613] -- 2:11:23
   229000 -- (-80855.917) (-80689.894) (-80687.273) [-80654.662] * [-80686.475] (-80714.289) (-80685.278) (-80674.079) -- 2:10:54
   230000 -- (-80854.985) (-80702.923) (-80686.170) [-80663.010] * [-80677.219] (-80723.958) (-80681.055) (-80672.646) -- 2:10:24

   Average standard deviation of split frequencies: 0.031340

   231000 -- (-80851.896) (-80696.298) (-80675.639) [-80655.415] * (-80686.867) (-80729.589) [-80678.865] (-80690.233) -- 2:09:55
   232000 -- (-80851.817) (-80686.488) (-80691.806) [-80665.608] * (-80682.344) (-80715.129) (-80683.454) [-80670.739] -- 2:09:26
   233000 -- (-80844.741) (-80690.786) (-80700.322) [-80665.549] * [-80685.237] (-80705.030) (-80706.159) (-80676.767) -- 2:08:56
   234000 -- (-80852.117) (-80677.654) (-80687.305) [-80669.957] * [-80683.158] (-80710.220) (-80709.442) (-80682.097) -- 2:08:26
   235000 -- (-80842.621) (-80704.369) (-80692.652) [-80663.140] * [-80679.735] (-80711.885) (-80707.219) (-80678.948) -- 2:07:55

   Average standard deviation of split frequencies: 0.031143

   236000 -- (-80846.945) (-80688.819) (-80685.084) [-80663.800] * (-80678.626) (-80713.330) (-80701.652) [-80665.499] -- 2:07:27
   237000 -- (-80859.931) (-80693.407) (-80690.533) [-80664.738] * [-80678.450] (-80724.238) (-80707.573) (-80683.336) -- 2:06:57
   238000 -- (-80841.561) (-80696.300) (-80683.383) [-80670.593] * (-80688.265) (-80710.978) (-80700.354) [-80664.855] -- 2:06:28
   239000 -- (-80854.223) (-80688.029) (-80688.313) [-80665.880] * [-80671.699] (-80725.080) (-80692.682) (-80684.721) -- 2:05:59
   240000 -- (-80848.761) (-80701.104) (-80699.181) [-80675.597] * [-80684.129] (-80721.524) (-80699.076) (-80677.163) -- 2:05:29

   Average standard deviation of split frequencies: 0.030783

   241000 -- (-80861.208) (-80701.417) (-80689.876) [-80664.737] * (-80678.237) (-80712.590) (-80681.395) [-80663.972] -- 2:04:59
   242000 -- (-80876.074) (-80697.687) (-80692.701) [-80677.696] * [-80679.905] (-80728.653) (-80695.589) (-80657.163) -- 2:04:30
   243000 -- (-80861.474) (-80694.177) [-80694.643] (-80679.359) * [-80671.262] (-80711.169) (-80709.108) (-80666.828) -- 2:04:01
   244000 -- (-80835.783) (-80719.055) (-80693.386) [-80661.422] * (-80676.678) (-80707.306) (-80678.437) [-80666.260] -- 2:03:31
   245000 -- (-80846.126) (-80686.351) (-80700.411) [-80663.270] * (-80687.105) (-80723.162) (-80705.469) [-80658.793] -- 2:03:02

   Average standard deviation of split frequencies: 0.030295

   246000 -- (-80845.483) (-80694.860) (-80697.332) [-80673.399] * (-80690.169) (-80730.380) (-80684.019) [-80653.768] -- 2:02:32
   247000 -- (-80849.141) (-80690.508) (-80692.931) [-80665.499] * (-80682.466) (-80713.837) (-80702.488) [-80661.373] -- 2:02:03
   248000 -- (-80842.432) (-80691.010) (-80699.522) [-80673.454] * (-80683.299) (-80716.208) (-80686.528) [-80660.211] -- 2:01:34
   249000 -- (-80848.830) (-80686.053) (-80698.741) [-80673.061] * (-80694.401) (-80730.947) (-80696.260) [-80663.821] -- 2:01:04
   250000 -- (-80853.380) (-80686.738) (-80691.415) [-80663.831] * (-80702.557) (-80724.646) [-80705.409] (-80677.737) -- 2:00:36

   Average standard deviation of split frequencies: 0.029171

   251000 -- (-80848.338) (-80686.171) (-80684.090) [-80668.031] * (-80683.082) (-80725.717) (-80713.612) [-80667.065] -- 2:00:06
   252000 -- (-80839.003) (-80697.468) (-80692.959) [-80659.989] * (-80693.242) (-80714.581) (-80699.660) [-80666.999] -- 1:59:37
   253000 -- (-80849.987) (-80709.553) (-80692.057) [-80659.440] * (-80691.645) (-80720.980) (-80697.686) [-80668.749] -- 1:59:07
   254000 -- (-80834.103) (-80701.039) (-80684.160) [-80668.270] * (-80696.453) (-80704.856) (-80697.776) [-80669.229] -- 1:58:39
   255000 -- (-80846.796) (-80688.060) [-80682.496] (-80668.873) * (-80696.436) (-80711.231) [-80693.043] (-80667.310) -- 1:58:09

   Average standard deviation of split frequencies: 0.028758

   256000 -- (-80856.304) (-80676.083) (-80692.269) [-80665.429] * (-80698.954) (-80718.500) (-80689.355) [-80663.817] -- 1:57:40
   257000 -- (-80841.704) (-80695.317) (-80682.950) [-80662.735] * (-80692.870) (-80733.015) [-80677.176] (-80667.495) -- 1:57:11
   258000 -- (-80848.906) (-80697.358) (-80696.718) [-80666.815] * (-80711.873) (-80724.142) (-80674.954) [-80674.908] -- 1:56:42
   259000 -- (-80840.608) (-80691.813) (-80704.032) [-80668.051] * (-80695.153) (-80733.229) [-80683.360] (-80674.208) -- 1:56:14
   260000 -- (-80851.468) (-80701.508) (-80689.596) [-80668.384] * (-80701.321) (-80727.942) [-80685.153] (-80671.300) -- 1:55:45

   Average standard deviation of split frequencies: 0.028355

   261000 -- (-80861.948) (-80708.175) (-80685.173) [-80669.457] * (-80708.569) (-80716.909) [-80685.189] (-80666.892) -- 1:55:16
   262000 -- (-80850.258) (-80697.607) (-80687.891) [-80664.968] * (-80693.156) (-80728.672) (-80691.543) [-80660.880] -- 1:54:47
   263000 -- (-80854.343) (-80699.254) (-80704.438) [-80663.037] * (-80690.356) (-80717.181) (-80692.451) [-80663.976] -- 1:54:18
   264000 -- (-80860.418) (-80702.768) (-80701.948) [-80671.709] * (-80687.018) (-80719.196) (-80684.869) [-80660.899] -- 1:53:49
   265000 -- (-80844.771) (-80700.625) (-80701.206) [-80669.180] * (-80685.630) (-80713.311) (-80698.130) [-80657.097] -- 1:53:20

   Average standard deviation of split frequencies: 0.027869

   266000 -- (-80860.444) (-80701.595) (-80696.236) [-80656.855] * (-80689.026) (-80714.438) (-80687.449) [-80679.657] -- 1:52:51
   267000 -- (-80854.311) (-80701.388) (-80684.875) [-80663.445] * [-80688.753] (-80712.890) (-80685.164) (-80683.130) -- 1:52:23
   268000 -- (-80869.234) (-80693.314) (-80672.466) [-80663.429] * (-80697.858) (-80722.054) [-80679.420] (-80671.920) -- 1:51:54
   269000 -- (-80847.184) (-80689.366) (-80681.049) [-80668.753] * (-80701.711) (-80717.574) (-80678.218) [-80668.645] -- 1:51:24
   270000 -- (-80861.589) (-80699.157) (-80691.092) [-80665.794] * (-80689.866) (-80728.055) [-80680.417] (-80656.693) -- 1:50:55

   Average standard deviation of split frequencies: 0.027784

   271000 -- (-80845.921) (-80698.721) (-80687.166) [-80660.588] * (-80701.557) (-80726.851) (-80696.317) [-80665.147] -- 1:50:26
   272000 -- (-80851.509) (-80693.192) (-80680.935) [-80652.312] * (-80688.350) (-80721.249) (-80695.425) [-80664.458] -- 1:49:57
   273000 -- (-80854.215) (-80698.484) [-80679.721] (-80669.880) * (-80691.742) (-80711.419) (-80696.179) [-80668.597] -- 1:49:28
   274000 -- (-80854.924) (-80715.105) (-80690.396) [-80667.506] * (-80690.614) (-80717.826) (-80690.500) [-80657.602] -- 1:48:59
   275000 -- (-80841.548) (-80709.360) (-80684.675) [-80661.434] * (-80693.262) (-80728.975) (-80689.716) [-80663.523] -- 1:48:31

   Average standard deviation of split frequencies: 0.027031

   276000 -- (-80863.003) (-80702.906) (-80683.586) [-80658.581] * (-80708.910) (-80732.443) (-80702.149) [-80665.504] -- 1:48:01
   277000 -- (-80852.789) (-80688.877) (-80683.961) [-80656.486] * (-80696.656) (-80718.949) (-80695.983) [-80666.332] -- 1:47:31
   278000 -- (-80857.604) (-80693.164) (-80686.481) [-80665.897] * (-80698.737) (-80723.603) (-80681.825) [-80667.119] -- 1:47:03
   279000 -- (-80864.768) (-80701.804) (-80691.713) [-80662.198] * (-80699.354) (-80721.421) (-80704.348) [-80661.140] -- 1:46:34
   280000 -- (-80850.987) (-80687.854) (-80686.010) [-80661.343] * (-80695.905) (-80730.358) (-80692.559) [-80662.908] -- 1:46:05

   Average standard deviation of split frequencies: 0.026568

   281000 -- (-80852.092) (-80699.091) (-80688.793) [-80666.745] * (-80688.884) (-80726.110) (-80697.435) [-80662.443] -- 1:45:36
   282000 -- (-80852.090) (-80696.371) (-80687.561) [-80662.394] * [-80686.489] (-80721.338) (-80693.833) (-80667.518) -- 1:45:08
   283000 -- (-80838.048) (-80682.425) (-80686.058) [-80666.390] * [-80683.045] (-80713.082) (-80695.623) (-80677.757) -- 1:44:39
   284000 -- (-80854.473) (-80689.864) (-80685.563) [-80675.432] * (-80691.741) (-80718.945) (-80684.100) [-80675.252] -- 1:44:10
   285000 -- (-80853.629) (-80698.337) (-80692.653) [-80662.556] * (-80698.909) (-80725.056) (-80686.414) [-80666.943] -- 1:43:41

   Average standard deviation of split frequencies: 0.026018

   286000 -- (-80757.639) (-80692.269) (-80693.605) [-80656.281] * (-80685.705) (-80726.739) (-80700.940) [-80661.063] -- 1:43:12
   287000 -- (-80758.106) (-80712.867) (-80687.326) [-80659.941] * (-80696.798) (-80721.660) (-80688.015) [-80667.924] -- 1:42:43
   288000 -- (-80704.807) (-80713.445) (-80687.609) [-80675.100] * (-80699.100) (-80716.530) (-80691.500) [-80660.262] -- 1:42:14
   289000 -- (-80696.851) (-80707.035) (-80685.075) [-80670.822] * (-80703.044) (-80719.507) (-80689.833) [-80653.406] -- 1:41:45
   290000 -- (-80694.760) (-80703.635) (-80683.686) [-80673.691] * (-80700.441) (-80720.263) (-80685.562) [-80651.118] -- 1:41:17

   Average standard deviation of split frequencies: 0.024939

   291000 -- (-80716.974) (-80710.016) (-80681.278) [-80673.978] * (-80689.848) (-80737.523) (-80693.300) [-80679.201] -- 1:40:48
   292000 -- (-80702.354) (-80693.124) (-80676.803) [-80664.784] * (-80690.541) (-80732.759) (-80694.531) [-80666.950] -- 1:40:19
   293000 -- (-80692.114) (-80704.857) (-80701.253) [-80660.555] * (-80684.435) (-80718.205) (-80691.712) [-80666.362] -- 1:39:50
   294000 -- (-80695.827) (-80697.676) (-80678.435) [-80650.950] * (-80674.859) (-80715.368) (-80698.803) [-80657.650] -- 1:39:20
   295000 -- (-80704.341) (-80699.464) (-80692.901) [-80660.974] * (-80684.758) (-80720.552) (-80697.569) [-80662.342] -- 1:38:51

   Average standard deviation of split frequencies: 0.023922

   296000 -- (-80700.668) (-80697.962) (-80695.905) [-80653.559] * (-80686.687) (-80722.414) (-80699.987) [-80659.188] -- 1:38:22
   297000 -- (-80704.811) (-80685.240) (-80690.295) [-80680.204] * [-80680.319] (-80719.068) (-80685.123) (-80676.166) -- 1:37:53
   298000 -- (-80694.984) (-80703.025) (-80703.388) [-80668.714] * [-80678.296] (-80719.327) (-80693.003) (-80667.789) -- 1:37:24
   299000 -- [-80687.169] (-80701.926) (-80697.487) (-80676.092) * (-80690.265) (-80715.786) (-80695.490) [-80675.084] -- 1:36:55
   300000 -- (-80688.686) (-80695.734) (-80690.542) [-80669.954] * (-80689.101) (-80727.336) (-80683.900) [-80665.913] -- 1:36:26

   Average standard deviation of split frequencies: 0.023246

   301000 -- [-80679.629] (-80686.237) (-80693.834) (-80665.121) * [-80680.463] (-80722.062) (-80704.149) (-80675.458) -- 1:35:57
   302000 -- (-80677.936) (-80693.581) (-80694.904) [-80653.667] * (-80686.827) (-80717.568) (-80697.051) [-80660.508] -- 1:35:28
   303000 -- (-80676.346) (-80688.056) (-80684.363) [-80652.941] * (-80698.756) (-80723.739) (-80689.515) [-80672.092] -- 1:34:59
   304000 -- (-80676.733) (-80691.612) (-80684.121) [-80667.687] * (-80698.232) (-80714.055) (-80691.849) [-80668.778] -- 1:34:31
   305000 -- (-80684.072) (-80705.556) (-80684.095) [-80667.977] * (-80696.948) (-80723.034) (-80688.134) [-80661.584] -- 1:34:02

   Average standard deviation of split frequencies: 0.022321

   306000 -- (-80696.045) (-80697.101) (-80690.888) [-80660.098] * (-80690.629) (-80717.249) (-80693.344) [-80668.006] -- 1:33:33
   307000 -- (-80694.048) (-80693.345) (-80720.909) [-80665.892] * (-80706.402) (-80727.818) (-80685.136) [-80689.944] -- 1:33:04
   308000 -- (-80708.636) (-80696.798) (-80690.132) [-80663.544] * (-80688.870) (-80736.724) (-80691.847) [-80669.683] -- 1:32:34
   309000 -- (-80700.757) [-80692.091] (-80699.670) (-80674.115) * (-80701.357) (-80715.931) (-80691.829) [-80662.510] -- 1:32:05
   310000 -- [-80684.970] (-80703.970) (-80700.708) (-80668.263) * (-80685.782) (-80710.126) (-80683.925) [-80658.731] -- 1:31:35

   Average standard deviation of split frequencies: 0.021334

   311000 -- (-80693.281) (-80689.305) (-80706.242) [-80663.124] * (-80703.966) (-80711.934) (-80690.331) [-80665.666] -- 1:31:05
   312000 -- (-80691.049) (-80686.872) (-80702.606) [-80659.825] * (-80685.691) (-80721.523) (-80679.465) [-80666.734] -- 1:30:36
   313000 -- (-80693.723) (-80695.713) (-80695.196) [-80677.359] * (-80686.872) (-80731.865) (-80687.664) [-80671.551] -- 1:30:06
   314000 -- (-80696.481) (-80698.905) (-80701.815) [-80667.866] * (-80694.680) (-80714.934) (-80696.724) [-80671.196] -- 1:29:37
   315000 -- (-80705.082) (-80692.695) (-80708.876) [-80671.735] * (-80697.262) (-80720.758) (-80692.268) [-80667.793] -- 1:29:08

   Average standard deviation of split frequencies: 0.020340

   316000 -- (-80682.281) (-80702.774) (-80711.785) [-80667.516] * (-80694.508) (-80724.693) (-80692.770) [-80663.731] -- 1:28:39
   317000 -- (-80696.380) (-80687.351) (-80718.999) [-80658.062] * (-80685.621) (-80720.373) (-80688.065) [-80662.351] -- 1:28:09
   318000 -- (-80689.190) (-80688.969) (-80713.825) [-80667.366] * (-80689.146) (-80739.504) (-80680.811) [-80653.733] -- 1:27:39
   319000 -- (-80705.278) (-80689.835) (-80714.741) [-80656.695] * (-80694.270) (-80741.748) (-80689.535) [-80664.009] -- 1:27:10
   320000 -- (-80692.744) (-80689.911) (-80691.287) [-80662.411] * (-80709.751) (-80725.134) (-80687.359) [-80672.391] -- 1:26:41

   Average standard deviation of split frequencies: 0.019917

   321000 -- (-80701.770) (-80706.556) (-80696.032) [-80662.182] * (-80685.011) (-80734.728) (-80686.433) [-80657.514] -- 1:26:12
   322000 -- (-80691.770) (-80685.783) (-80702.824) [-80669.498] * (-80694.411) (-80731.782) (-80686.329) [-80661.568] -- 1:25:43
   323000 -- (-80685.738) (-80685.632) (-80687.174) [-80658.188] * (-80695.264) (-80724.202) (-80698.856) [-80671.411] -- 1:25:13
   324000 -- (-80691.905) (-80689.792) (-80703.596) [-80661.258] * (-80686.242) (-80727.069) (-80689.982) [-80659.165] -- 1:24:44
   325000 -- (-80688.421) (-80689.391) (-80716.262) [-80664.928] * (-80692.336) (-80732.919) (-80686.147) [-80670.325] -- 1:24:15

   Average standard deviation of split frequencies: 0.019657

   326000 -- (-80684.025) (-80690.029) (-80686.665) [-80669.316] * (-80694.502) (-80722.275) (-80689.361) [-80676.791] -- 1:23:46
   327000 -- (-80687.874) (-80682.863) (-80696.451) [-80670.103] * (-80698.967) (-80721.499) [-80679.173] (-80669.173) -- 1:23:17
   328000 -- (-80689.721) (-80696.261) (-80698.482) [-80665.834] * (-80710.810) (-80711.855) [-80679.292] (-80672.320) -- 1:22:48
   329000 -- (-80683.432) (-80692.431) (-80681.549) [-80659.826] * (-80690.985) (-80716.352) (-80684.674) [-80663.910] -- 1:22:19
   330000 -- (-80684.920) (-80687.011) (-80685.594) [-80662.338] * (-80692.623) (-80727.858) (-80697.758) [-80661.917] -- 1:21:50

   Average standard deviation of split frequencies: 0.019655

   331000 -- (-80701.222) (-80696.492) (-80682.347) [-80654.007] * (-80692.655) (-80721.336) (-80702.251) [-80683.196] -- 1:21:21
   332000 -- (-80700.544) (-80700.126) (-80686.836) [-80661.798] * (-80694.245) (-80722.284) (-80701.688) [-80676.706] -- 1:20:52
   333000 -- (-80699.120) (-80705.103) (-80696.063) [-80668.482] * (-80699.441) (-80723.768) (-80696.905) [-80671.070] -- 1:20:23
   334000 -- (-80696.765) (-80688.331) (-80698.866) [-80666.191] * (-80691.024) (-80732.230) (-80683.091) [-80661.213] -- 1:19:54
   335000 -- (-80687.217) (-80685.173) (-80700.661) [-80669.894] * (-80702.083) (-80733.427) (-80687.087) [-80669.141] -- 1:19:25

   Average standard deviation of split frequencies: 0.019562

   336000 -- (-80694.268) (-80696.228) (-80696.206) [-80662.278] * (-80700.128) (-80733.058) (-80678.842) [-80661.242] -- 1:18:56
   337000 -- (-80702.862) (-80694.742) (-80678.427) [-80660.714] * (-80694.770) (-80743.111) (-80676.204) [-80658.458] -- 1:18:27
   338000 -- (-80707.864) (-80691.762) (-80690.397) [-80662.808] * (-80688.850) (-80742.367) (-80677.694) [-80667.712] -- 1:17:58
   339000 -- (-80688.368) (-80696.505) (-80689.821) [-80662.227] * (-80703.115) (-80741.710) (-80697.341) [-80663.825] -- 1:17:29
   340000 -- (-80674.265) (-80695.246) (-80705.238) [-80659.224] * (-80694.587) (-80723.813) (-80698.796) [-80665.037] -- 1:16:59

   Average standard deviation of split frequencies: 0.019294

   341000 -- (-80685.496) (-80683.625) (-80689.146) [-80657.651] * (-80687.883) (-80723.730) (-80690.509) [-80663.192] -- 1:16:30
   342000 -- (-80707.732) (-80691.056) (-80708.619) [-80664.311] * (-80682.497) (-80719.314) (-80694.493) [-80664.708] -- 1:16:01
   343000 -- (-80705.654) (-80695.152) (-80694.073) [-80671.473] * (-80678.746) (-80723.975) (-80692.900) [-80657.879] -- 1:15:32
   344000 -- (-80705.678) (-80703.876) (-80685.895) [-80664.151] * (-80700.840) (-80716.434) (-80681.639) [-80655.783] -- 1:15:03
   345000 -- (-80706.814) (-80700.722) (-80693.095) [-80666.137] * (-80701.122) (-80700.691) (-80686.512) [-80657.615] -- 1:14:34

   Average standard deviation of split frequencies: 0.018749

   346000 -- (-80696.210) (-80715.059) (-80702.926) [-80660.493] * (-80706.423) (-80706.740) (-80693.338) [-80659.734] -- 1:14:05
   347000 -- (-80692.008) (-80707.135) (-80704.159) [-80670.184] * (-80704.014) (-80696.904) (-80686.745) [-80653.535] -- 1:13:36
   348000 -- (-80692.622) (-80686.166) (-80697.273) [-80664.950] * (-80715.545) (-80706.177) (-80684.591) [-80673.506] -- 1:13:07
   349000 -- (-80703.193) (-80695.570) (-80678.566) [-80663.861] * (-80710.180) (-80688.767) (-80685.789) [-80660.208] -- 1:12:38
   350000 -- (-80693.275) (-80710.822) (-80684.861) [-80675.899] * (-80692.978) (-80693.621) (-80690.212) [-80665.171] -- 1:12:09

   Average standard deviation of split frequencies: 0.018163

   351000 -- (-80688.933) (-80695.562) (-80695.692) [-80658.537] * (-80699.851) (-80711.446) (-80680.686) [-80651.147] -- 1:11:40
   352000 -- (-80678.625) (-80699.524) (-80677.085) [-80664.784] * (-80705.301) (-80698.420) (-80695.711) [-80653.300] -- 1:11:10
   353000 -- (-80687.609) (-80709.610) (-80691.030) [-80669.253] * (-80699.587) (-80691.804) (-80687.462) [-80667.076] -- 1:10:42
   354000 -- (-80681.526) (-80693.048) (-80696.298) [-80673.324] * (-80699.844) (-80702.447) (-80699.013) [-80673.956] -- 1:10:12
   355000 -- (-80695.424) (-80703.794) (-80707.897) [-80674.892] * (-80691.859) (-80698.351) (-80690.860) [-80673.539] -- 1:09:44

   Average standard deviation of split frequencies: 0.017633

   356000 -- (-80688.015) (-80702.944) (-80698.428) [-80658.237] * (-80702.383) (-80695.089) (-80684.214) [-80669.970] -- 1:09:14
   357000 -- (-80686.366) (-80688.115) (-80687.785) [-80655.584] * (-80692.427) (-80703.403) (-80689.651) [-80678.588] -- 1:08:46
   358000 -- (-80677.568) (-80697.758) (-80687.135) [-80658.824] * (-80690.721) (-80704.076) (-80694.963) [-80679.909] -- 1:08:16
   359000 -- (-80688.232) (-80688.548) (-80683.902) [-80669.231] * (-80679.097) (-80693.137) (-80684.197) [-80677.368] -- 1:07:48
   360000 -- (-80687.003) (-80684.999) (-80686.682) [-80659.961] * (-80689.120) (-80705.361) (-80700.740) [-80674.444] -- 1:07:19

   Average standard deviation of split frequencies: 0.017171

   361000 -- (-80693.111) (-80692.783) (-80691.892) [-80657.130] * (-80700.027) (-80709.026) (-80697.063) [-80684.515] -- 1:06:50
   362000 -- (-80696.797) (-80691.621) (-80684.971) [-80653.568] * (-80689.762) (-80692.280) (-80710.148) [-80678.973] -- 1:06:21
   363000 -- (-80699.625) (-80687.964) (-80690.646) [-80655.378] * (-80699.227) (-80692.284) (-80694.100) [-80664.566] -- 1:05:52
   364000 -- (-80686.420) (-80694.137) (-80679.629) [-80655.941] * (-80702.407) (-80692.093) (-80708.940) [-80661.024] -- 1:05:23
   365000 -- (-80708.858) (-80703.687) (-80677.208) [-80663.484] * (-80699.217) (-80691.335) (-80700.382) [-80668.745] -- 1:04:54

   Average standard deviation of split frequencies: 0.016396

   366000 -- (-80693.509) (-80702.775) (-80680.725) [-80673.976] * (-80692.002) (-80692.605) (-80703.369) [-80667.761] -- 1:04:25
   367000 -- (-80687.181) (-80716.185) (-80681.886) [-80665.447] * (-80697.871) (-80691.730) (-80690.504) [-80672.020] -- 1:03:56
   368000 -- (-80683.146) (-80693.672) (-80688.478) [-80669.730] * (-80690.269) (-80702.361) (-80691.322) [-80667.210] -- 1:03:27
   369000 -- (-80691.977) (-80695.736) (-80684.436) [-80672.652] * (-80688.836) (-80725.033) (-80695.160) [-80669.145] -- 1:02:58
   370000 -- (-80690.890) (-80709.608) (-80679.802) [-80680.955] * (-80700.613) (-80700.088) (-80694.139) [-80673.509] -- 1:02:29

   Average standard deviation of split frequencies: 0.015518

   371000 -- (-80712.559) (-80705.677) [-80683.688] (-80672.830) * (-80688.666) (-80705.434) (-80687.971) [-80669.496] -- 1:02:00
   372000 -- (-80703.202) (-80702.843) (-80689.253) [-80666.229] * (-80689.493) (-80714.608) (-80687.411) [-80660.772] -- 1:01:31
   373000 -- (-80693.725) (-80687.462) (-80698.007) [-80666.646] * (-80688.565) (-80703.498) (-80691.409) [-80656.780] -- 1:01:02
   374000 -- (-80663.167) (-80703.909) (-80688.623) [-80668.004] * (-80681.596) (-80707.558) (-80686.340) [-80662.851] -- 1:00:33
   375000 -- (-80666.297) (-80703.442) (-80684.490) [-80668.333] * (-80685.600) (-80707.344) (-80693.295) [-80661.045] -- 1:00:05

   Average standard deviation of split frequencies: 0.014727

   376000 -- (-80678.047) (-80701.551) (-80684.090) [-80677.839] * (-80682.667) (-80705.554) (-80685.973) [-80664.903] -- 0:59:35
   377000 -- (-80670.386) (-80695.124) (-80698.866) [-80679.167] * (-80684.060) (-80710.539) (-80689.429) [-80681.882] -- 0:59:07
   378000 -- (-80680.565) (-80680.989) (-80689.396) [-80669.163] * (-80684.917) (-80702.355) (-80695.361) [-80663.871] -- 0:58:37
   379000 -- (-80673.178) (-80713.901) (-80680.378) [-80668.098] * (-80696.985) (-80700.216) (-80687.396) [-80666.317] -- 0:58:09
   380000 -- (-80677.343) (-80694.783) (-80686.467) [-80670.268] * (-80679.459) (-80704.924) (-80683.309) [-80671.179] -- 0:57:40

   Average standard deviation of split frequencies: 0.014478

   381000 -- [-80681.663] (-80694.024) (-80697.270) (-80680.178) * (-80676.546) (-80697.461) (-80685.024) [-80663.081] -- 0:57:11
   382000 -- (-80680.914) (-80687.938) (-80716.002) [-80669.826] * (-80675.938) (-80696.869) (-80681.480) [-80678.813] -- 0:56:42
   383000 -- (-80670.843) (-80703.131) (-80703.755) [-80667.260] * (-80691.053) (-80700.741) (-80687.409) [-80677.074] -- 0:56:13
   384000 -- (-80664.172) (-80699.647) [-80691.616] (-80672.337) * (-80694.957) (-80696.697) (-80678.128) [-80668.885] -- 0:55:44
   385000 -- (-80662.864) (-80702.515) [-80680.935] (-80674.223) * (-80697.443) (-80697.549) (-80680.453) [-80664.921] -- 0:55:16

   Average standard deviation of split frequencies: 0.013961

   386000 -- (-80684.165) (-80709.067) (-80690.855) [-80664.475] * (-80692.781) (-80699.820) (-80683.288) [-80674.191] -- 0:54:47
   387000 -- (-80698.153) (-80703.663) (-80693.944) [-80670.990] * (-80702.295) (-80707.684) (-80676.640) [-80681.254] -- 0:54:18
   388000 -- (-80685.252) (-80710.613) (-80696.762) [-80662.343] * (-80696.199) (-80708.581) (-80688.599) [-80675.693] -- 0:53:49
   389000 -- (-80685.862) (-80722.281) (-80695.997) [-80672.359] * (-80700.081) (-80713.758) (-80694.819) [-80660.432] -- 0:53:20
   390000 -- (-80680.796) (-80715.655) (-80692.981) [-80667.815] * (-80712.403) (-80730.217) (-80684.523) [-80673.200] -- 0:52:51

   Average standard deviation of split frequencies: 0.013680

   391000 -- (-80668.038) (-80711.566) (-80682.399) [-80663.665] * (-80687.003) (-80708.843) (-80687.287) [-80669.546] -- 0:52:22
   392000 -- (-80661.326) (-80703.211) (-80692.191) [-80660.622] * (-80691.846) (-80700.427) (-80690.771) [-80664.134] -- 0:51:53
   393000 -- (-80674.353) (-80711.274) (-80681.285) [-80668.507] * (-80699.041) (-80709.560) (-80691.553) [-80665.846] -- 0:51:24
   394000 -- (-80676.389) (-80708.405) [-80681.838] (-80686.996) * (-80686.737) (-80688.802) (-80683.969) [-80657.945] -- 0:50:55
   395000 -- (-80668.205) (-80711.365) [-80684.378] (-80668.477) * [-80682.138] (-80710.987) (-80697.137) (-80663.765) -- 0:50:26

   Average standard deviation of split frequencies: 0.013383

   396000 -- (-80674.404) (-80700.271) [-80671.540] (-80663.408) * (-80689.728) (-80712.228) (-80704.291) [-80665.076] -- 0:49:57
   397000 -- [-80656.607] (-80682.930) (-80690.568) (-80670.776) * (-80690.271) (-80720.911) (-80696.532) [-80654.193] -- 0:49:29
   398000 -- (-80667.174) (-80696.124) (-80687.391) [-80664.662] * (-80694.048) (-80702.509) (-80694.032) [-80664.073] -- 0:49:00
   399000 -- (-80670.506) (-80697.256) (-80672.223) [-80670.088] * (-80684.576) (-80702.043) (-80689.198) [-80669.716] -- 0:48:31
   400000 -- (-80678.442) (-80698.675) (-80680.376) [-80665.806] * (-80685.369) (-80682.943) (-80693.948) [-80672.673] -- 0:48:02

   Average standard deviation of split frequencies: 0.013024

   401000 -- (-80658.477) (-80710.563) (-80679.062) [-80661.308] * (-80692.388) (-80688.504) (-80693.208) [-80670.715] -- 0:47:33
   402000 -- (-80673.651) (-80698.145) (-80679.177) [-80667.220] * (-80694.756) (-80696.904) (-80699.830) [-80670.439] -- 0:47:04
   403000 -- (-80674.528) (-80715.288) (-80687.700) [-80660.807] * (-80682.315) (-80693.398) (-80685.932) [-80667.334] -- 0:46:36
   404000 -- (-80667.501) (-80709.931) [-80680.368] (-80675.452) * (-80684.298) (-80693.544) (-80682.604) [-80664.769] -- 0:46:07
   405000 -- (-80674.888) (-80707.622) (-80676.294) [-80680.749] * (-80690.655) (-80692.590) (-80685.835) [-80660.928] -- 0:45:38

   Average standard deviation of split frequencies: 0.012624

   406000 -- (-80679.563) (-80684.022) (-80681.928) [-80673.048] * (-80699.033) (-80694.458) (-80690.710) [-80665.676] -- 0:45:09
   407000 -- (-80658.479) (-80685.668) (-80692.459) [-80675.221] * (-80685.595) (-80693.333) (-80697.417) [-80659.758] -- 0:44:40
   408000 -- (-80672.246) (-80684.803) (-80687.854) [-80672.556] * (-80683.302) (-80694.753) (-80692.200) [-80669.447] -- 0:44:11
   409000 -- (-80673.202) (-80690.469) (-80691.189) [-80669.228] * (-80684.031) (-80697.467) (-80698.327) [-80667.743] -- 0:43:43
   410000 -- (-80667.112) (-80688.181) (-80709.839) [-80663.051] * (-80679.924) (-80695.285) (-80684.945) [-80669.489] -- 0:43:14

   Average standard deviation of split frequencies: 0.012274

   411000 -- (-80666.424) (-80695.507) (-80695.274) [-80668.268] * (-80679.874) (-80700.009) (-80693.041) [-80665.207] -- 0:42:45
   412000 -- (-80690.376) (-80696.102) (-80706.515) [-80667.153] * (-80691.038) (-80699.666) (-80682.467) [-80670.593] -- 0:42:16
   413000 -- (-80674.870) (-80708.660) (-80692.056) [-80660.998] * (-80696.213) (-80701.227) (-80691.610) [-80665.777] -- 0:41:47
   414000 -- (-80671.752) (-80692.926) (-80688.214) [-80659.641] * (-80706.394) (-80700.585) (-80700.900) [-80666.815] -- 0:41:18
   415000 -- (-80695.520) (-80699.511) (-80690.500) [-80663.732] * (-80698.988) (-80694.056) (-80702.657) [-80667.704] -- 0:40:49

   Average standard deviation of split frequencies: 0.012119

   416000 -- (-80674.844) (-80687.742) (-80683.527) [-80668.896] * (-80691.885) (-80700.476) (-80692.768) [-80659.503] -- 0:40:20
   417000 -- (-80668.200) (-80698.613) (-80695.486) [-80657.082] * (-80687.171) (-80711.242) (-80715.657) [-80654.579] -- 0:39:51
   418000 -- (-80670.219) (-80686.017) (-80706.570) [-80657.103] * (-80686.576) (-80699.492) (-80687.103) [-80659.138] -- 0:39:23
   419000 -- (-80668.836) (-80707.894) (-80697.638) [-80663.680] * (-80693.152) (-80706.102) (-80679.682) [-80657.380] -- 0:38:54
   420000 -- (-80678.987) (-80690.104) (-80697.035) [-80672.107] * (-80673.608) (-80695.055) (-80688.157) [-80670.146] -- 0:38:25

   Average standard deviation of split frequencies: 0.011775

   421000 -- [-80674.869] (-80698.755) (-80687.051) (-80677.754) * (-80688.050) (-80694.040) (-80683.865) [-80664.973] -- 0:37:56
   422000 -- (-80684.638) (-80705.488) (-80682.643) [-80678.136] * (-80687.578) (-80686.737) (-80693.012) [-80665.007] -- 0:37:27
   423000 -- (-80668.644) (-80689.088) (-80683.538) [-80669.497] * (-80697.708) (-80695.834) (-80693.631) [-80680.307] -- 0:36:58
   424000 -- (-80663.657) (-80711.192) [-80694.551] (-80672.490) * (-80688.469) (-80712.208) (-80697.695) [-80665.459] -- 0:36:29
   425000 -- (-80672.244) (-80688.088) (-80685.884) [-80679.447] * (-80704.557) (-80696.418) (-80702.920) [-80659.617] -- 0:36:00

   Average standard deviation of split frequencies: 0.010297

   426000 -- (-80669.856) (-80685.961) (-80678.335) [-80667.148] * (-80699.170) (-80710.803) (-80702.762) [-80664.593] -- 0:35:31
   427000 -- (-80668.685) (-80699.482) (-80696.181) [-80668.776] * (-80683.488) (-80708.603) (-80704.253) [-80664.567] -- 0:35:02
   428000 -- [-80667.381] (-80707.030) (-80698.995) (-80664.168) * (-80681.087) (-80706.734) (-80699.185) [-80662.516] -- 0:34:34
   429000 -- (-80671.480) (-80693.557) (-80684.477) [-80654.721] * (-80687.463) (-80711.129) (-80678.953) [-80660.506] -- 0:34:05
   430000 -- (-80672.463) (-80701.845) (-80691.168) [-80665.422] * (-80694.578) (-80695.012) (-80682.913) [-80675.802] -- 0:33:36

   Average standard deviation of split frequencies: 0.010148

   431000 -- (-80665.209) (-80704.122) [-80684.775] (-80666.409) * (-80676.462) (-80694.849) (-80679.890) [-80684.011] -- 0:33:07
   432000 -- (-80662.138) (-80725.016) (-80683.020) [-80667.787] * (-80690.290) (-80691.050) (-80686.814) [-80672.212] -- 0:32:38
   433000 -- (-80673.016) (-80722.276) (-80693.047) [-80664.231] * (-80696.964) (-80692.504) (-80701.964) [-80664.810] -- 0:32:09
   434000 -- (-80675.688) (-80698.112) (-80694.008) [-80664.448] * (-80690.827) (-80698.589) (-80690.267) [-80665.547] -- 0:31:40
   435000 -- (-80696.918) (-80685.702) (-80683.643) [-80661.185] * (-80685.166) (-80693.379) (-80699.360) [-80675.585] -- 0:31:12

   Average standard deviation of split frequencies: 0.009762

   436000 -- (-80696.408) (-80705.506) (-80688.661) [-80660.205] * (-80695.872) (-80695.361) (-80721.118) [-80675.854] -- 0:30:43
   437000 -- (-80699.411) (-80682.745) (-80683.882) [-80661.156] * (-80689.356) (-80706.405) (-80713.868) [-80658.316] -- 0:30:14
   438000 -- (-80695.018) (-80679.111) (-80694.513) [-80677.090] * [-80688.260] (-80697.348) (-80696.906) (-80668.301) -- 0:29:45
   439000 -- (-80675.987) (-80680.440) [-80686.769] (-80669.211) * (-80698.481) (-80696.476) (-80702.350) [-80662.409] -- 0:29:16
   440000 -- (-80675.351) (-80686.623) (-80689.055) [-80664.899] * (-80703.949) (-80699.078) (-80705.890) [-80667.724] -- 0:28:47

   Average standard deviation of split frequencies: 0.009280

   441000 -- (-80676.134) (-80694.840) (-80671.983) [-80661.689] * (-80690.236) (-80703.277) (-80722.194) [-80651.701] -- 0:28:18
   442000 -- (-80687.683) (-80695.624) (-80678.368) [-80666.061] * (-80675.912) (-80688.618) (-80694.943) [-80672.307] -- 0:27:50
   443000 -- (-80668.868) (-80688.810) (-80701.494) [-80675.376] * (-80693.084) (-80702.847) (-80691.356) [-80656.497] -- 0:27:21
   444000 -- (-80669.737) (-80697.424) (-80693.566) [-80661.857] * (-80690.762) (-80695.434) (-80691.332) [-80657.616] -- 0:26:52
   445000 -- (-80660.933) (-80697.646) (-80681.863) [-80678.361] * [-80686.507] (-80697.984) (-80691.753) (-80657.637) -- 0:26:23

   Average standard deviation of split frequencies: 0.008954

   446000 -- (-80665.753) (-80701.883) (-80693.752) [-80664.200] * (-80686.413) (-80703.699) (-80692.884) [-80653.354] -- 0:25:54
   447000 -- (-80663.806) (-80697.553) (-80683.704) [-80666.832] * (-80687.382) (-80694.347) (-80685.986) [-80661.200] -- 0:25:26
   448000 -- (-80664.821) (-80706.432) (-80686.870) [-80663.640] * (-80676.101) (-80695.661) (-80688.109) [-80669.551] -- 0:24:57
   449000 -- (-80651.509) (-80689.304) (-80685.034) [-80661.868] * (-80691.632) (-80697.227) (-80696.844) [-80663.874] -- 0:24:28
   450000 -- [-80644.691] (-80693.965) (-80705.801) (-80664.760) * (-80682.744) (-80693.628) (-80714.683) [-80659.152] -- 0:23:59

   Average standard deviation of split frequencies: 0.007344

   451000 -- (-80674.705) (-80701.614) (-80700.304) [-80668.935] * (-80701.721) (-80697.018) (-80701.162) [-80663.009] -- 0:23:30
   452000 -- [-80670.173] (-80695.116) (-80695.769) (-80673.117) * (-80706.487) (-80697.378) (-80700.358) [-80665.074] -- 0:23:02
   453000 -- [-80657.142] (-80709.891) (-80693.395) (-80676.543) * (-80699.008) (-80683.869) (-80699.146) [-80665.548] -- 0:22:33
   454000 -- [-80663.970] (-80708.140) (-80691.248) (-80668.483) * (-80700.421) (-80688.518) (-80693.384) [-80664.167] -- 0:22:04
   455000 -- (-80658.333) (-80691.686) (-80689.362) [-80680.525] * (-80710.602) (-80691.601) [-80687.866] (-80673.446) -- 0:21:35

   Average standard deviation of split frequencies: 0.006962

   456000 -- [-80655.124] (-80701.728) (-80704.019) (-80669.914) * (-80698.741) (-80690.250) (-80695.884) [-80670.712] -- 0:21:06
   457000 -- [-80670.512] (-80715.888) (-80686.136) (-80670.784) * (-80695.278) (-80684.876) (-80686.634) [-80666.627] -- 0:20:37
   458000 -- [-80663.554] (-80698.174) (-80678.532) (-80686.949) * (-80698.412) (-80693.581) (-80689.530) [-80663.017] -- 0:20:08
   459000 -- (-80664.670) (-80700.745) [-80676.904] (-80685.159) * (-80680.927) (-80703.602) (-80703.225) [-80672.420] -- 0:19:40
   460000 -- [-80678.603] (-80686.217) (-80686.348) (-80714.540) * (-80690.566) (-80702.327) (-80708.326) [-80662.967] -- 0:19:11

   Average standard deviation of split frequencies: 0.006645

   461000 -- [-80660.952] (-80686.835) (-80692.913) (-80699.317) * (-80695.861) (-80700.722) (-80695.610) [-80669.395] -- 0:18:42
   462000 -- [-80670.093] (-80690.847) (-80689.104) (-80686.631) * (-80719.345) (-80687.264) (-80692.182) [-80660.829] -- 0:18:13
   463000 -- [-80667.924] (-80691.113) (-80693.019) (-80685.867) * (-80699.382) (-80704.654) (-80690.250) [-80668.145] -- 0:17:44
   464000 -- [-80673.671] (-80684.774) (-80707.044) (-80674.724) * (-80706.831) (-80701.470) (-80690.681) [-80664.310] -- 0:17:16
   465000 -- [-80679.124] (-80700.299) (-80696.968) (-80679.325) * (-80699.383) (-80698.704) (-80693.072) [-80664.275] -- 0:16:47

   Average standard deviation of split frequencies: 0.006254

   466000 -- (-80672.041) (-80706.065) (-80687.452) [-80676.489] * (-80691.592) (-80690.345) (-80690.269) [-80667.548] -- 0:16:18
   467000 -- [-80677.803] (-80704.087) (-80701.832) (-80663.337) * (-80697.704) (-80701.885) (-80694.602) [-80666.488] -- 0:15:49
   468000 -- [-80667.904] (-80707.882) (-80690.801) (-80678.196) * (-80704.280) (-80699.681) (-80700.308) [-80661.450] -- 0:15:20
   469000 -- [-80659.600] (-80702.981) (-80700.903) (-80679.544) * (-80696.962) (-80714.939) (-80692.118) [-80670.827] -- 0:14:51
   470000 -- [-80665.735] (-80700.159) (-80697.861) (-80672.026) * (-80705.026) (-80699.865) (-80688.578) [-80668.680] -- 0:14:23

   Average standard deviation of split frequencies: 0.005910

   471000 -- [-80675.980] (-80701.133) (-80690.309) (-80675.316) * (-80704.230) (-80694.678) (-80684.977) [-80669.356] -- 0:13:54
   472000 -- [-80659.646] (-80703.261) (-80690.264) (-80680.906) * (-80707.382) (-80703.507) (-80689.318) [-80665.100] -- 0:13:25
   473000 -- [-80675.120] (-80713.228) (-80702.457) (-80673.598) * (-80689.020) (-80692.492) (-80689.568) [-80667.112] -- 0:12:56
   474000 -- [-80669.840] (-80698.615) (-80701.371) (-80667.908) * (-80694.817) (-80692.474) (-80688.303) [-80661.530] -- 0:12:27
   475000 -- (-80670.078) (-80712.190) (-80687.003) [-80667.991] * (-80695.172) (-80697.013) (-80681.469) [-80676.799] -- 0:11:59

   Average standard deviation of split frequencies: 0.005968

   476000 -- [-80675.781] (-80702.471) (-80709.855) (-80674.946) * (-80691.837) (-80691.993) (-80699.256) [-80666.550] -- 0:11:30
   477000 -- (-80670.822) (-80706.958) (-80676.102) [-80661.200] * (-80684.241) (-80688.761) (-80703.941) [-80667.030] -- 0:11:01
   478000 -- (-80673.525) (-80703.020) (-80690.320) [-80669.614] * (-80679.815) (-80686.766) (-80686.272) [-80673.160] -- 0:10:32
   479000 -- (-80670.096) (-80703.075) (-80688.188) [-80660.399] * (-80682.370) (-80693.510) (-80696.439) [-80662.569] -- 0:10:04
   480000 -- [-80670.029] (-80712.843) (-80688.323) (-80671.314) * [-80684.272] (-80698.369) (-80688.527) (-80668.981) -- 0:09:35

   Average standard deviation of split frequencies: 0.006436

   481000 -- [-80665.194] (-80684.339) (-80687.866) (-80663.048) * [-80697.920] (-80680.940) (-80701.531) (-80673.217) -- 0:09:06
   482000 -- (-80670.398) (-80694.627) (-80698.138) [-80671.470] * (-80694.558) (-80698.174) (-80703.010) [-80662.124] -- 0:08:37
   483000 -- (-80669.574) (-80705.968) (-80692.683) [-80669.965] * (-80688.941) (-80708.030) (-80700.820) [-80665.662] -- 0:08:08
   484000 -- [-80670.800] (-80679.650) (-80686.734) (-80683.924) * (-80686.141) (-80701.752) (-80703.298) [-80666.665] -- 0:07:40
   485000 -- [-80659.654] (-80688.347) (-80696.116) (-80673.651) * (-80696.257) (-80693.759) (-80689.674) [-80668.558] -- 0:07:11

   Average standard deviation of split frequencies: 0.007277

   486000 -- (-80666.743) (-80705.862) (-80690.288) [-80666.055] * (-80687.486) (-80699.579) (-80698.042) [-80664.948] -- 0:06:42
   487000 -- (-80680.110) (-80689.615) (-80692.458) [-80661.685] * (-80688.929) (-80700.484) (-80695.329) [-80679.582] -- 0:06:13
   488000 -- (-80674.434) (-80708.116) (-80685.438) [-80671.362] * (-80693.608) (-80704.829) (-80691.854) [-80663.270] -- 0:05:45
   489000 -- (-80670.729) (-80701.941) (-80693.254) [-80662.583] * (-80696.224) (-80703.704) (-80691.282) [-80668.649] -- 0:05:16
   490000 -- [-80666.082] (-80696.186) (-80703.055) (-80665.610) * (-80701.395) (-80709.852) (-80694.928) [-80676.611] -- 0:04:47

   Average standard deviation of split frequencies: 0.009114

   491000 -- [-80670.835] (-80695.925) (-80680.737) (-80675.892) * (-80689.819) (-80703.657) (-80695.994) [-80672.912] -- 0:04:18
   492000 -- [-80677.550] (-80700.599) (-80691.473) (-80672.421) * (-80689.744) (-80694.058) (-80699.202) [-80671.020] -- 0:03:50
   493000 -- (-80682.984) (-80706.111) (-80688.858) [-80664.782] * (-80684.340) (-80678.801) (-80709.568) [-80659.660] -- 0:03:21
   494000 -- (-80666.693) (-80702.156) (-80692.268) [-80671.535] * (-80696.748) (-80698.231) (-80695.264) [-80658.994] -- 0:02:52
   495000 -- [-80665.288] (-80692.996) (-80695.252) (-80661.597) * (-80691.653) (-80697.656) (-80697.930) [-80660.492] -- 0:02:23

   Average standard deviation of split frequencies: 0.009988

   496000 -- (-80674.932) (-80701.615) (-80704.253) [-80658.255] * (-80679.418) (-80683.133) (-80710.893) [-80657.779] -- 0:01:55
   497000 -- [-80665.598] (-80691.563) (-80708.243) (-80673.857) * [-80689.543] (-80687.340) (-80693.816) (-80667.382) -- 0:01:26
   498000 -- (-80668.410) (-80686.380) (-80689.615) [-80672.753] * (-80693.538) (-80692.193) (-80702.737) [-80674.080] -- 0:00:57
   499000 -- [-80663.512] (-80699.912) (-80691.757) (-80679.299) * [-80691.773] (-80693.558) (-80691.070) (-80673.685) -- 0:00:28
   500000 -- [-80670.813] (-80707.662) (-80690.303) (-80692.327) * (-80699.649) (-80704.941) (-80685.246) [-80667.872] -- 0:00:00

   Average standard deviation of split frequencies: 0.010915

   Continue with analysis? (yes/no):       Additional number of generations: 

   Analysis completed in 3 hours 59 mins 35 seconds
   Analysis used 14280.29 seconds of CPU time
   Likelihood of best state for "cold" chain of run 1 was -80644.03
   Likelihood of best state for "cold" chain of run 2 was -80644.34

   Acceptance rates for the moves in the "cold" chain of run 1:
      With prob.   (last 100)   chain accepted proposals by move
          0.4 %     (  0 %)     ExtSPRClock(Tau,V)
          1.4 %     (  0 %)     NNIClock(Tau,V)
          0.4 %     (  0 %)     ParsSPRClock(Tau,V)
         25.4 %     ( 38 %)     NodesliderClock(V)
         58.9 %     ( 45 %)     TreeStretch(V)
         66.7 %     ( 56 %)     Multiplier(Net_speciation)
          0.2 %     (  0 %)     Slider(Relative_extinction)
         76.1 %     ( 64 %)     Multiplier(IGRvar)
         30.4 %     ( 23 %)     Multiplier(IgrBrlens)
         10.0 %     ( 21 %)     Multiplier(Clockrate)

   Acceptance rates for the moves in the "cold" chain of run 2:
      With prob.   (last 100)   chain accepted proposals by move
          0.4 %     (  0 %)     ExtSPRClock(Tau,V)
          1.5 %     (  0 %)     NNIClock(Tau,V)
          0.5 %     (  1 %)     ParsSPRClock(Tau,V)
         25.6 %     ( 29 %)     NodesliderClock(V)
         58.5 %     ( 39 %)     TreeStretch(V)
         70.1 %     ( 51 %)     Multiplier(Net_speciation)
          0.1 %     (  0 %)     Slider(Relative_extinction)
         76.3 %     ( 68 %)     Multiplier(IGRvar)
         30.3 %     ( 23 %)     Multiplier(IgrBrlens)
         10.4 %     ( 27 %)     Multiplier(Clockrate)

   Chain swap information for run 1:

               1      2      3      4 
        ------------------------------
      1 |          0.24   0.06   0.00 
      2 |  83189          0.41   0.06 
      3 |  83549  83582          0.23 
      4 |  83553  83004  83123        

   Chain swap information for run 2:

               1      2      3      4 
        ------------------------------
      1 |          0.23   0.07   0.00 
      2 |  83132          0.42   0.07 
      3 |  83544  83242          0.26 
      4 |  83064  83190  83828        

   Upper diagonal: Proportion of successful state exchanges between chains
   Lower diagonal: Number of attempted state exchanges between chains

   Chain information:

     ID -- Heat 
    -----------
      1 -- 1.00  (cold chain)
      2 -- 0.91 
      3 -- 0.83 
      4 -- 0.77 

   Heat = 1 / (1 + T * (ID - 1))
      (where T = 0.10 is the temperature and ID is the chain number)


   Could not read command from stdin; quitting

   Deleting previously defined characters
   Deleting previously defined taxa
   Quitting program

